[2020-01-23 20:12:28.626]  DEBUG org.apache.ibatis.logging.LogFactory setImplementation  105 - Logging initialized using 'class org.apache.ibatis.logging.slf4j.Slf4jImpl' adapter.
[2020-01-23 20:12:28.626]  DEBUG org.mybatis.spring.mapper.ClassPathMapperScanner scanCandidateComponents  437 - Identified candidate component class: file [E:\IdeaWorkSpace\xunwu\build\classes\java\main\com\cpf\xunwu\mapper\HouseDetailMapper.class]
[2020-01-23 20:12:28.626]  DEBUG org.mybatis.spring.mapper.ClassPathMapperScanner scanCandidateComponents  437 - Identified candidate component class: file [E:\IdeaWorkSpace\xunwu\build\classes\java\main\com\cpf\xunwu\mapper\HouseMapper.class]
[2020-01-23 20:12:28.626]  DEBUG org.mybatis.spring.mapper.ClassPathMapperScanner scanCandidateComponents  437 - Identified candidate component class: file [E:\IdeaWorkSpace\xunwu\build\classes\java\main\com\cpf\xunwu\mapper\HousePictureMapper.class]
[2020-01-23 20:12:28.626]  DEBUG org.mybatis.spring.mapper.ClassPathMapperScanner scanCandidateComponents  437 - Identified candidate component class: file [E:\IdeaWorkSpace\xunwu\build\classes\java\main\com\cpf\xunwu\mapper\HouseTagMapper.class]
[2020-01-23 20:12:28.626]  DEBUG org.mybatis.spring.mapper.ClassPathMapperScanner scanCandidateComponents  437 - Identified candidate component class: file [E:\IdeaWorkSpace\xunwu\build\classes\java\main\com\cpf\xunwu\mapper\RoleMapper.class]
[2020-01-23 20:12:28.626]  DEBUG org.mybatis.spring.mapper.ClassPathMapperScanner scanCandidateComponents  437 - Identified candidate component class: file [E:\IdeaWorkSpace\xunwu\build\classes\java\main\com\cpf\xunwu\mapper\SubwayMapper.class]
[2020-01-23 20:12:28.626]  DEBUG org.mybatis.spring.mapper.ClassPathMapperScanner scanCandidateComponents  437 - Identified candidate component class: file [E:\IdeaWorkSpace\xunwu\build\classes\java\main\com\cpf\xunwu\mapper\SubwayStationMapper.class]
[2020-01-23 20:12:28.626]  DEBUG org.mybatis.spring.mapper.ClassPathMapperScanner scanCandidateComponents  437 - Identified candidate component class: file [E:\IdeaWorkSpace\xunwu\build\classes\java\main\com\cpf\xunwu\mapper\SupportAddressMapper.class]
[2020-01-23 20:12:28.626]  DEBUG org.mybatis.spring.mapper.ClassPathMapperScanner scanCandidateComponents  437 - Identified candidate component class: file [E:\IdeaWorkSpace\xunwu\build\classes\java\main\com\cpf\xunwu\mapper\UserMapper.class]
[2020-01-23 20:12:28.626]  DEBUG org.mybatis.spring.mapper.ClassPathMapperScanner debug  49 - Creating MapperFactoryBean with name 'houseDetailMapper' and 'com.cpf.xunwu.mapper.HouseDetailMapper' mapperInterface
[2020-01-23 20:12:28.626]  DEBUG org.mybatis.spring.mapper.ClassPathMapperScanner debug  49 - Enabling autowire by type for MapperFactoryBean with name 'houseDetailMapper'.
[2020-01-23 20:12:28.626]  DEBUG org.mybatis.spring.mapper.ClassPathMapperScanner debug  49 - Creating MapperFactoryBean with name 'houseMapper' and 'com.cpf.xunwu.mapper.HouseMapper' mapperInterface
[2020-01-23 20:12:28.626]  DEBUG org.mybatis.spring.mapper.ClassPathMapperScanner debug  49 - Enabling autowire by type for MapperFactoryBean with name 'houseMapper'.
[2020-01-23 20:12:28.626]  DEBUG org.mybatis.spring.mapper.ClassPathMapperScanner debug  49 - Creating MapperFactoryBean with name 'housePictureMapper' and 'com.cpf.xunwu.mapper.HousePictureMapper' mapperInterface
[2020-01-23 20:12:28.626]  DEBUG org.mybatis.spring.mapper.ClassPathMapperScanner debug  49 - Enabling autowire by type for MapperFactoryBean with name 'housePictureMapper'.
[2020-01-23 20:12:28.626]  DEBUG org.mybatis.spring.mapper.ClassPathMapperScanner debug  49 - Creating MapperFactoryBean with name 'houseTagMapper' and 'com.cpf.xunwu.mapper.HouseTagMapper' mapperInterface
[2020-01-23 20:12:28.626]  DEBUG org.mybatis.spring.mapper.ClassPathMapperScanner debug  49 - Enabling autowire by type for MapperFactoryBean with name 'houseTagMapper'.
[2020-01-23 20:12:28.626]  DEBUG org.mybatis.spring.mapper.ClassPathMapperScanner debug  49 - Creating MapperFactoryBean with name 'roleMapper' and 'com.cpf.xunwu.mapper.RoleMapper' mapperInterface
[2020-01-23 20:12:28.626]  DEBUG org.mybatis.spring.mapper.ClassPathMapperScanner debug  49 - Enabling autowire by type for MapperFactoryBean with name 'roleMapper'.
[2020-01-23 20:12:28.626]  DEBUG org.mybatis.spring.mapper.ClassPathMapperScanner debug  49 - Creating MapperFactoryBean with name 'subwayMapper' and 'com.cpf.xunwu.mapper.SubwayMapper' mapperInterface
[2020-01-23 20:12:28.626]  DEBUG org.mybatis.spring.mapper.ClassPathMapperScanner debug  49 - Enabling autowire by type for MapperFactoryBean with name 'subwayMapper'.
[2020-01-23 20:12:28.626]  DEBUG org.mybatis.spring.mapper.ClassPathMapperScanner debug  49 - Creating MapperFactoryBean with name 'subwayStationMapper' and 'com.cpf.xunwu.mapper.SubwayStationMapper' mapperInterface
[2020-01-23 20:12:28.626]  DEBUG org.mybatis.spring.mapper.ClassPathMapperScanner debug  49 - Enabling autowire by type for MapperFactoryBean with name 'subwayStationMapper'.
[2020-01-23 20:12:28.626]  DEBUG org.mybatis.spring.mapper.ClassPathMapperScanner debug  49 - Creating MapperFactoryBean with name 'supportAddressMapper' and 'com.cpf.xunwu.mapper.SupportAddressMapper' mapperInterface
[2020-01-23 20:12:28.626]  DEBUG org.mybatis.spring.mapper.ClassPathMapperScanner debug  49 - Enabling autowire by type for MapperFactoryBean with name 'supportAddressMapper'.
[2020-01-23 20:12:28.626]  DEBUG org.mybatis.spring.mapper.ClassPathMapperScanner debug  49 - Creating MapperFactoryBean with name 'userMapper' and 'com.cpf.xunwu.mapper.UserMapper' mapperInterface
[2020-01-23 20:12:28.626]  DEBUG org.mybatis.spring.mapper.ClassPathMapperScanner debug  49 - Enabling autowire by type for MapperFactoryBean with name 'userMapper'.
[2020-01-23 22:25:29.977]  DEBUG org.apache.ibatis.logging.LogFactory setImplementation  105 - Logging initialized using 'class org.apache.ibatis.logging.slf4j.Slf4jImpl' adapter.
[2020-01-23 22:25:30.008]  DEBUG org.mybatis.spring.mapper.ClassPathMapperScanner scanCandidateComponents  437 - Identified candidate component class: file [E:\IdeaWorkSpace\xunwu\build\classes\java\main\com\cpf\xunwu\mapper\HouseDetailMapper.class]
[2020-01-23 22:25:30.008]  DEBUG org.mybatis.spring.mapper.ClassPathMapperScanner scanCandidateComponents  437 - Identified candidate component class: file [E:\IdeaWorkSpace\xunwu\build\classes\java\main\com\cpf\xunwu\mapper\HouseMapper.class]
[2020-01-23 22:25:30.008]  DEBUG org.mybatis.spring.mapper.ClassPathMapperScanner scanCandidateComponents  437 - Identified candidate component class: file [E:\IdeaWorkSpace\xunwu\build\classes\java\main\com\cpf\xunwu\mapper\HousePictureMapper.class]
[2020-01-23 22:25:30.008]  DEBUG org.mybatis.spring.mapper.ClassPathMapperScanner scanCandidateComponents  437 - Identified candidate component class: file [E:\IdeaWorkSpace\xunwu\build\classes\java\main\com\cpf\xunwu\mapper\HouseTagMapper.class]
[2020-01-23 22:25:30.008]  DEBUG org.mybatis.spring.mapper.ClassPathMapperScanner scanCandidateComponents  437 - Identified candidate component class: file [E:\IdeaWorkSpace\xunwu\build\classes\java\main\com\cpf\xunwu\mapper\RoleMapper.class]
[2020-01-23 22:25:30.008]  DEBUG org.mybatis.spring.mapper.ClassPathMapperScanner scanCandidateComponents  437 - Identified candidate component class: file [E:\IdeaWorkSpace\xunwu\build\classes\java\main\com\cpf\xunwu\mapper\SubwayMapper.class]
[2020-01-23 22:25:30.008]  DEBUG org.mybatis.spring.mapper.ClassPathMapperScanner scanCandidateComponents  437 - Identified candidate component class: file [E:\IdeaWorkSpace\xunwu\build\classes\java\main\com\cpf\xunwu\mapper\SubwayStationMapper.class]
[2020-01-23 22:25:30.008]  DEBUG org.mybatis.spring.mapper.ClassPathMapperScanner scanCandidateComponents  437 - Identified candidate component class: file [E:\IdeaWorkSpace\xunwu\build\classes\java\main\com\cpf\xunwu\mapper\SupportAddressMapper.class]
[2020-01-23 22:25:30.008]  DEBUG org.mybatis.spring.mapper.ClassPathMapperScanner scanCandidateComponents  437 - Identified candidate component class: file [E:\IdeaWorkSpace\xunwu\build\classes\java\main\com\cpf\xunwu\mapper\UserMapper.class]
[2020-01-23 22:25:30.008]  DEBUG org.mybatis.spring.mapper.ClassPathMapperScanner debug  49 - Creating MapperFactoryBean with name 'houseDetailMapper' and 'com.cpf.xunwu.mapper.HouseDetailMapper' mapperInterface
[2020-01-23 22:25:30.008]  DEBUG org.mybatis.spring.mapper.ClassPathMapperScanner debug  49 - Enabling autowire by type for MapperFactoryBean with name 'houseDetailMapper'.
[2020-01-23 22:25:30.008]  DEBUG org.mybatis.spring.mapper.ClassPathMapperScanner debug  49 - Creating MapperFactoryBean with name 'houseMapper' and 'com.cpf.xunwu.mapper.HouseMapper' mapperInterface
[2020-01-23 22:25:30.008]  DEBUG org.mybatis.spring.mapper.ClassPathMapperScanner debug  49 - Enabling autowire by type for MapperFactoryBean with name 'houseMapper'.
[2020-01-23 22:25:30.008]  DEBUG org.mybatis.spring.mapper.ClassPathMapperScanner debug  49 - Creating MapperFactoryBean with name 'housePictureMapper' and 'com.cpf.xunwu.mapper.HousePictureMapper' mapperInterface
[2020-01-23 22:25:30.008]  DEBUG org.mybatis.spring.mapper.ClassPathMapperScanner debug  49 - Enabling autowire by type for MapperFactoryBean with name 'housePictureMapper'.
[2020-01-23 22:25:30.008]  DEBUG org.mybatis.spring.mapper.ClassPathMapperScanner debug  49 - Creating MapperFactoryBean with name 'houseTagMapper' and 'com.cpf.xunwu.mapper.HouseTagMapper' mapperInterface
[2020-01-23 22:25:30.008]  DEBUG org.mybatis.spring.mapper.ClassPathMapperScanner debug  49 - Enabling autowire by type for MapperFactoryBean with name 'houseTagMapper'.
[2020-01-23 22:25:30.008]  DEBUG org.mybatis.spring.mapper.ClassPathMapperScanner debug  49 - Creating MapperFactoryBean with name 'roleMapper' and 'com.cpf.xunwu.mapper.RoleMapper' mapperInterface
[2020-01-23 22:25:30.008]  DEBUG org.mybatis.spring.mapper.ClassPathMapperScanner debug  49 - Enabling autowire by type for MapperFactoryBean with name 'roleMapper'.
[2020-01-23 22:25:30.008]  DEBUG org.mybatis.spring.mapper.ClassPathMapperScanner debug  49 - Creating MapperFactoryBean with name 'subwayMapper' and 'com.cpf.xunwu.mapper.SubwayMapper' mapperInterface
[2020-01-23 22:25:30.008]  DEBUG org.mybatis.spring.mapper.ClassPathMapperScanner debug  49 - Enabling autowire by type for MapperFactoryBean with name 'subwayMapper'.
[2020-01-23 22:25:30.008]  DEBUG org.mybatis.spring.mapper.ClassPathMapperScanner debug  49 - Creating MapperFactoryBean with name 'subwayStationMapper' and 'com.cpf.xunwu.mapper.SubwayStationMapper' mapperInterface
[2020-01-23 22:25:30.008]  DEBUG org.mybatis.spring.mapper.ClassPathMapperScanner debug  49 - Enabling autowire by type for MapperFactoryBean with name 'subwayStationMapper'.
[2020-01-23 22:25:30.008]  DEBUG org.mybatis.spring.mapper.ClassPathMapperScanner debug  49 - Creating MapperFactoryBean with name 'supportAddressMapper' and 'com.cpf.xunwu.mapper.SupportAddressMapper' mapperInterface
[2020-01-23 22:25:30.008]  DEBUG org.mybatis.spring.mapper.ClassPathMapperScanner debug  49 - Enabling autowire by type for MapperFactoryBean with name 'supportAddressMapper'.
[2020-01-23 22:25:30.008]  DEBUG org.mybatis.spring.mapper.ClassPathMapperScanner debug  49 - Creating MapperFactoryBean with name 'userMapper' and 'com.cpf.xunwu.mapper.UserMapper' mapperInterface
[2020-01-23 22:25:30.008]  DEBUG org.mybatis.spring.mapper.ClassPathMapperScanner debug  49 - Enabling autowire by type for MapperFactoryBean with name 'userMapper'.
[2020-01-23 22:36:41.886]  DEBUG org.mybatis.spring.mapper.ClassPathMapperScanner scanCandidateComponents  437 - Identified candidate component class: file [E:\IdeaWorkSpace\xunwu\build\classes\java\main\com\cpf\xunwu\mapper\HouseDetailMapper.class]
[2020-01-23 22:36:41.887]  DEBUG org.mybatis.spring.mapper.ClassPathMapperScanner scanCandidateComponents  437 - Identified candidate component class: file [E:\IdeaWorkSpace\xunwu\build\classes\java\main\com\cpf\xunwu\mapper\HouseMapper.class]
[2020-01-23 22:36:41.887]  DEBUG org.mybatis.spring.mapper.ClassPathMapperScanner scanCandidateComponents  437 - Identified candidate component class: file [E:\IdeaWorkSpace\xunwu\build\classes\java\main\com\cpf\xunwu\mapper\HousePictureMapper.class]
[2020-01-23 22:36:41.887]  DEBUG org.mybatis.spring.mapper.ClassPathMapperScanner scanCandidateComponents  437 - Identified candidate component class: file [E:\IdeaWorkSpace\xunwu\build\classes\java\main\com\cpf\xunwu\mapper\HouseTagMapper.class]
[2020-01-23 22:36:41.887]  DEBUG org.mybatis.spring.mapper.ClassPathMapperScanner scanCandidateComponents  437 - Identified candidate component class: file [E:\IdeaWorkSpace\xunwu\build\classes\java\main\com\cpf\xunwu\mapper\RoleMapper.class]
[2020-01-23 22:36:41.887]  DEBUG org.mybatis.spring.mapper.ClassPathMapperScanner scanCandidateComponents  437 - Identified candidate component class: file [E:\IdeaWorkSpace\xunwu\build\classes\java\main\com\cpf\xunwu\mapper\SubwayMapper.class]
[2020-01-23 22:36:41.887]  DEBUG org.mybatis.spring.mapper.ClassPathMapperScanner scanCandidateComponents  437 - Identified candidate component class: file [E:\IdeaWorkSpace\xunwu\build\classes\java\main\com\cpf\xunwu\mapper\SubwayStationMapper.class]
[2020-01-23 22:36:41.888]  DEBUG org.mybatis.spring.mapper.ClassPathMapperScanner scanCandidateComponents  437 - Identified candidate component class: file [E:\IdeaWorkSpace\xunwu\build\classes\java\main\com\cpf\xunwu\mapper\SupportAddressMapper.class]
[2020-01-23 22:36:41.888]  DEBUG org.mybatis.spring.mapper.ClassPathMapperScanner scanCandidateComponents  437 - Identified candidate component class: file [E:\IdeaWorkSpace\xunwu\build\classes\java\main\com\cpf\xunwu\mapper\UserMapper.class]
[2020-01-23 22:36:41.888]  DEBUG org.mybatis.spring.mapper.ClassPathMapperScanner debug  49 - Creating MapperFactoryBean with name 'houseDetailMapper' and 'com.cpf.xunwu.mapper.HouseDetailMapper' mapperInterface
[2020-01-23 22:36:41.888]  DEBUG org.mybatis.spring.mapper.ClassPathMapperScanner debug  49 - Enabling autowire by type for MapperFactoryBean with name 'houseDetailMapper'.
[2020-01-23 22:36:41.888]  DEBUG org.mybatis.spring.mapper.ClassPathMapperScanner debug  49 - Creating MapperFactoryBean with name 'houseMapper' and 'com.cpf.xunwu.mapper.HouseMapper' mapperInterface
[2020-01-23 22:36:41.888]  DEBUG org.mybatis.spring.mapper.ClassPathMapperScanner debug  49 - Enabling autowire by type for MapperFactoryBean with name 'houseMapper'.
[2020-01-23 22:36:41.888]  DEBUG org.mybatis.spring.mapper.ClassPathMapperScanner debug  49 - Creating MapperFactoryBean with name 'housePictureMapper' and 'com.cpf.xunwu.mapper.HousePictureMapper' mapperInterface
[2020-01-23 22:36:41.889]  DEBUG org.mybatis.spring.mapper.ClassPathMapperScanner debug  49 - Enabling autowire by type for MapperFactoryBean with name 'housePictureMapper'.
[2020-01-23 22:36:41.889]  DEBUG org.mybatis.spring.mapper.ClassPathMapperScanner debug  49 - Creating MapperFactoryBean with name 'houseTagMapper' and 'com.cpf.xunwu.mapper.HouseTagMapper' mapperInterface
[2020-01-23 22:36:41.889]  DEBUG org.mybatis.spring.mapper.ClassPathMapperScanner debug  49 - Enabling autowire by type for MapperFactoryBean with name 'houseTagMapper'.
[2020-01-23 22:36:41.889]  DEBUG org.mybatis.spring.mapper.ClassPathMapperScanner debug  49 - Creating MapperFactoryBean with name 'roleMapper' and 'com.cpf.xunwu.mapper.RoleMapper' mapperInterface
[2020-01-23 22:36:41.889]  DEBUG org.mybatis.spring.mapper.ClassPathMapperScanner debug  49 - Enabling autowire by type for MapperFactoryBean with name 'roleMapper'.
[2020-01-23 22:36:41.889]  DEBUG org.mybatis.spring.mapper.ClassPathMapperScanner debug  49 - Creating MapperFactoryBean with name 'subwayMapper' and 'com.cpf.xunwu.mapper.SubwayMapper' mapperInterface
[2020-01-23 22:36:41.889]  DEBUG org.mybatis.spring.mapper.ClassPathMapperScanner debug  49 - Enabling autowire by type for MapperFactoryBean with name 'subwayMapper'.
[2020-01-23 22:36:41.889]  DEBUG org.mybatis.spring.mapper.ClassPathMapperScanner debug  49 - Creating MapperFactoryBean with name 'subwayStationMapper' and 'com.cpf.xunwu.mapper.SubwayStationMapper' mapperInterface
[2020-01-23 22:36:41.890]  DEBUG org.mybatis.spring.mapper.ClassPathMapperScanner debug  49 - Enabling autowire by type for MapperFactoryBean with name 'subwayStationMapper'.
[2020-01-23 22:36:41.890]  DEBUG org.mybatis.spring.mapper.ClassPathMapperScanner debug  49 - Creating MapperFactoryBean with name 'supportAddressMapper' and 'com.cpf.xunwu.mapper.SupportAddressMapper' mapperInterface
[2020-01-23 22:36:41.890]  DEBUG org.mybatis.spring.mapper.ClassPathMapperScanner debug  49 - Enabling autowire by type for MapperFactoryBean with name 'supportAddressMapper'.
[2020-01-23 22:36:41.890]  DEBUG org.mybatis.spring.mapper.ClassPathMapperScanner debug  49 - Creating MapperFactoryBean with name 'userMapper' and 'com.cpf.xunwu.mapper.UserMapper' mapperInterface
[2020-01-23 22:36:41.890]  DEBUG org.mybatis.spring.mapper.ClassPathMapperScanner debug  49 - Enabling autowire by type for MapperFactoryBean with name 'userMapper'.
[2020-01-23 22:36:47.256]  DEBUG org.mybatis.spring.mapper.ClassPathMapperScanner scanCandidateComponents  437 - Identified candidate component class: file [E:\IdeaWorkSpace\xunwu\build\classes\java\main\com\cpf\xunwu\mapper\HouseDetailMapper.class]
[2020-01-23 22:36:47.256]  DEBUG org.mybatis.spring.mapper.ClassPathMapperScanner scanCandidateComponents  437 - Identified candidate component class: file [E:\IdeaWorkSpace\xunwu\build\classes\java\main\com\cpf\xunwu\mapper\HouseMapper.class]
[2020-01-23 22:36:47.256]  DEBUG org.mybatis.spring.mapper.ClassPathMapperScanner scanCandidateComponents  437 - Identified candidate component class: file [E:\IdeaWorkSpace\xunwu\build\classes\java\main\com\cpf\xunwu\mapper\HousePictureMapper.class]
[2020-01-23 22:36:47.256]  DEBUG org.mybatis.spring.mapper.ClassPathMapperScanner scanCandidateComponents  437 - Identified candidate component class: file [E:\IdeaWorkSpace\xunwu\build\classes\java\main\com\cpf\xunwu\mapper\HouseTagMapper.class]
[2020-01-23 22:36:47.257]  DEBUG org.mybatis.spring.mapper.ClassPathMapperScanner scanCandidateComponents  437 - Identified candidate component class: file [E:\IdeaWorkSpace\xunwu\build\classes\java\main\com\cpf\xunwu\mapper\RoleMapper.class]
[2020-01-23 22:36:47.257]  DEBUG org.mybatis.spring.mapper.ClassPathMapperScanner scanCandidateComponents  437 - Identified candidate component class: file [E:\IdeaWorkSpace\xunwu\build\classes\java\main\com\cpf\xunwu\mapper\SubwayMapper.class]
[2020-01-23 22:36:47.257]  DEBUG org.mybatis.spring.mapper.ClassPathMapperScanner scanCandidateComponents  437 - Identified candidate component class: file [E:\IdeaWorkSpace\xunwu\build\classes\java\main\com\cpf\xunwu\mapper\SubwayStationMapper.class]
[2020-01-23 22:36:47.257]  DEBUG org.mybatis.spring.mapper.ClassPathMapperScanner scanCandidateComponents  437 - Identified candidate component class: file [E:\IdeaWorkSpace\xunwu\build\classes\java\main\com\cpf\xunwu\mapper\SupportAddressMapper.class]
[2020-01-23 22:36:47.257]  DEBUG org.mybatis.spring.mapper.ClassPathMapperScanner scanCandidateComponents  437 - Identified candidate component class: file [E:\IdeaWorkSpace\xunwu\build\classes\java\main\com\cpf\xunwu\mapper\UserMapper.class]
[2020-01-23 22:36:47.257]  DEBUG org.mybatis.spring.mapper.ClassPathMapperScanner debug  49 - Creating MapperFactoryBean with name 'houseDetailMapper' and 'com.cpf.xunwu.mapper.HouseDetailMapper' mapperInterface
[2020-01-23 22:36:47.257]  DEBUG org.mybatis.spring.mapper.ClassPathMapperScanner debug  49 - Enabling autowire by type for MapperFactoryBean with name 'houseDetailMapper'.
[2020-01-23 22:36:47.258]  DEBUG org.mybatis.spring.mapper.ClassPathMapperScanner debug  49 - Creating MapperFactoryBean with name 'houseMapper' and 'com.cpf.xunwu.mapper.HouseMapper' mapperInterface
[2020-01-23 22:36:47.258]  DEBUG org.mybatis.spring.mapper.ClassPathMapperScanner debug  49 - Enabling autowire by type for MapperFactoryBean with name 'houseMapper'.
[2020-01-23 22:36:47.258]  DEBUG org.mybatis.spring.mapper.ClassPathMapperScanner debug  49 - Creating MapperFactoryBean with name 'housePictureMapper' and 'com.cpf.xunwu.mapper.HousePictureMapper' mapperInterface
[2020-01-23 22:36:47.258]  DEBUG org.mybatis.spring.mapper.ClassPathMapperScanner debug  49 - Enabling autowire by type for MapperFactoryBean with name 'housePictureMapper'.
[2020-01-23 22:36:47.258]  DEBUG org.mybatis.spring.mapper.ClassPathMapperScanner debug  49 - Creating MapperFactoryBean with name 'houseTagMapper' and 'com.cpf.xunwu.mapper.HouseTagMapper' mapperInterface
[2020-01-23 22:36:47.258]  DEBUG org.mybatis.spring.mapper.ClassPathMapperScanner debug  49 - Enabling autowire by type for MapperFactoryBean with name 'houseTagMapper'.
[2020-01-23 22:36:47.258]  DEBUG org.mybatis.spring.mapper.ClassPathMapperScanner debug  49 - Creating MapperFactoryBean with name 'roleMapper' and 'com.cpf.xunwu.mapper.RoleMapper' mapperInterface
[2020-01-23 22:36:47.258]  DEBUG org.mybatis.spring.mapper.ClassPathMapperScanner debug  49 - Enabling autowire by type for MapperFactoryBean with name 'roleMapper'.
[2020-01-23 22:36:47.259]  DEBUG org.mybatis.spring.mapper.ClassPathMapperScanner debug  49 - Creating MapperFactoryBean with name 'subwayMapper' and 'com.cpf.xunwu.mapper.SubwayMapper' mapperInterface
[2020-01-23 22:36:47.259]  DEBUG org.mybatis.spring.mapper.ClassPathMapperScanner debug  49 - Enabling autowire by type for MapperFactoryBean with name 'subwayMapper'.
[2020-01-23 22:36:47.259]  DEBUG org.mybatis.spring.mapper.ClassPathMapperScanner debug  49 - Creating MapperFactoryBean with name 'subwayStationMapper' and 'com.cpf.xunwu.mapper.SubwayStationMapper' mapperInterface
[2020-01-23 22:36:47.259]  DEBUG org.mybatis.spring.mapper.ClassPathMapperScanner debug  49 - Enabling autowire by type for MapperFactoryBean with name 'subwayStationMapper'.
[2020-01-23 22:36:47.259]  DEBUG org.mybatis.spring.mapper.ClassPathMapperScanner debug  49 - Creating MapperFactoryBean with name 'supportAddressMapper' and 'com.cpf.xunwu.mapper.SupportAddressMapper' mapperInterface
[2020-01-23 22:36:47.259]  DEBUG org.mybatis.spring.mapper.ClassPathMapperScanner debug  49 - Enabling autowire by type for MapperFactoryBean with name 'supportAddressMapper'.
[2020-01-23 22:36:47.259]  DEBUG org.mybatis.spring.mapper.ClassPathMapperScanner debug  49 - Creating MapperFactoryBean with name 'userMapper' and 'com.cpf.xunwu.mapper.UserMapper' mapperInterface
[2020-01-23 22:36:47.259]  DEBUG org.mybatis.spring.mapper.ClassPathMapperScanner debug  49 - Enabling autowire by type for MapperFactoryBean with name 'userMapper'.
[2020-01-23 22:38:24.275]  DEBUG org.mybatis.spring.mapper.ClassPathMapperScanner scanCandidateComponents  437 - Identified candidate component class: file [E:\IdeaWorkSpace\xunwu\build\classes\java\main\com\cpf\xunwu\mapper\HouseDetailMapper.class]
[2020-01-23 22:38:24.276]  DEBUG org.mybatis.spring.mapper.ClassPathMapperScanner scanCandidateComponents  437 - Identified candidate component class: file [E:\IdeaWorkSpace\xunwu\build\classes\java\main\com\cpf\xunwu\mapper\HouseMapper.class]
[2020-01-23 22:38:24.276]  DEBUG org.mybatis.spring.mapper.ClassPathMapperScanner scanCandidateComponents  437 - Identified candidate component class: file [E:\IdeaWorkSpace\xunwu\build\classes\java\main\com\cpf\xunwu\mapper\HousePictureMapper.class]
[2020-01-23 22:38:24.276]  DEBUG org.mybatis.spring.mapper.ClassPathMapperScanner scanCandidateComponents  437 - Identified candidate component class: file [E:\IdeaWorkSpace\xunwu\build\classes\java\main\com\cpf\xunwu\mapper\HouseTagMapper.class]
[2020-01-23 22:38:24.276]  DEBUG org.mybatis.spring.mapper.ClassPathMapperScanner scanCandidateComponents  437 - Identified candidate component class: file [E:\IdeaWorkSpace\xunwu\build\classes\java\main\com\cpf\xunwu\mapper\RoleMapper.class]
[2020-01-23 22:38:24.276]  DEBUG org.mybatis.spring.mapper.ClassPathMapperScanner scanCandidateComponents  437 - Identified candidate component class: file [E:\IdeaWorkSpace\xunwu\build\classes\java\main\com\cpf\xunwu\mapper\SubwayMapper.class]
[2020-01-23 22:38:24.276]  DEBUG org.mybatis.spring.mapper.ClassPathMapperScanner scanCandidateComponents  437 - Identified candidate component class: file [E:\IdeaWorkSpace\xunwu\build\classes\java\main\com\cpf\xunwu\mapper\SubwayStationMapper.class]
[2020-01-23 22:38:24.276]  DEBUG org.mybatis.spring.mapper.ClassPathMapperScanner scanCandidateComponents  437 - Identified candidate component class: file [E:\IdeaWorkSpace\xunwu\build\classes\java\main\com\cpf\xunwu\mapper\SupportAddressMapper.class]
[2020-01-23 22:38:24.277]  DEBUG org.mybatis.spring.mapper.ClassPathMapperScanner scanCandidateComponents  437 - Identified candidate component class: file [E:\IdeaWorkSpace\xunwu\build\classes\java\main\com\cpf\xunwu\mapper\UserMapper.class]
[2020-01-23 22:38:24.277]  DEBUG org.mybatis.spring.mapper.ClassPathMapperScanner debug  49 - Creating MapperFactoryBean with name 'houseDetailMapper' and 'com.cpf.xunwu.mapper.HouseDetailMapper' mapperInterface
[2020-01-23 22:38:24.277]  DEBUG org.mybatis.spring.mapper.ClassPathMapperScanner debug  49 - Enabling autowire by type for MapperFactoryBean with name 'houseDetailMapper'.
[2020-01-23 22:38:24.277]  DEBUG org.mybatis.spring.mapper.ClassPathMapperScanner debug  49 - Creating MapperFactoryBean with name 'houseMapper' and 'com.cpf.xunwu.mapper.HouseMapper' mapperInterface
[2020-01-23 22:38:24.277]  DEBUG org.mybatis.spring.mapper.ClassPathMapperScanner debug  49 - Enabling autowire by type for MapperFactoryBean with name 'houseMapper'.
[2020-01-23 22:38:24.277]  DEBUG org.mybatis.spring.mapper.ClassPathMapperScanner debug  49 - Creating MapperFactoryBean with name 'housePictureMapper' and 'com.cpf.xunwu.mapper.HousePictureMapper' mapperInterface
[2020-01-23 22:38:24.277]  DEBUG org.mybatis.spring.mapper.ClassPathMapperScanner debug  49 - Enabling autowire by type for MapperFactoryBean with name 'housePictureMapper'.
[2020-01-23 22:38:24.277]  DEBUG org.mybatis.spring.mapper.ClassPathMapperScanner debug  49 - Creating MapperFactoryBean with name 'houseTagMapper' and 'com.cpf.xunwu.mapper.HouseTagMapper' mapperInterface
[2020-01-23 22:38:24.278]  DEBUG org.mybatis.spring.mapper.ClassPathMapperScanner debug  49 - Enabling autowire by type for MapperFactoryBean with name 'houseTagMapper'.
[2020-01-23 22:38:24.278]  DEBUG org.mybatis.spring.mapper.ClassPathMapperScanner debug  49 - Creating MapperFactoryBean with name 'roleMapper' and 'com.cpf.xunwu.mapper.RoleMapper' mapperInterface
[2020-01-23 22:38:24.278]  DEBUG org.mybatis.spring.mapper.ClassPathMapperScanner debug  49 - Enabling autowire by type for MapperFactoryBean with name 'roleMapper'.
[2020-01-23 22:38:24.278]  DEBUG org.mybatis.spring.mapper.ClassPathMapperScanner debug  49 - Creating MapperFactoryBean with name 'subwayMapper' and 'com.cpf.xunwu.mapper.SubwayMapper' mapperInterface
[2020-01-23 22:38:24.278]  DEBUG org.mybatis.spring.mapper.ClassPathMapperScanner debug  49 - Enabling autowire by type for MapperFactoryBean with name 'subwayMapper'.
[2020-01-23 22:38:24.278]  DEBUG org.mybatis.spring.mapper.ClassPathMapperScanner debug  49 - Creating MapperFactoryBean with name 'subwayStationMapper' and 'com.cpf.xunwu.mapper.SubwayStationMapper' mapperInterface
[2020-01-23 22:38:24.278]  DEBUG org.mybatis.spring.mapper.ClassPathMapperScanner debug  49 - Enabling autowire by type for MapperFactoryBean with name 'subwayStationMapper'.
[2020-01-23 22:38:24.278]  DEBUG org.mybatis.spring.mapper.ClassPathMapperScanner debug  49 - Creating MapperFactoryBean with name 'supportAddressMapper' and 'com.cpf.xunwu.mapper.SupportAddressMapper' mapperInterface
[2020-01-23 22:38:24.278]  DEBUG org.mybatis.spring.mapper.ClassPathMapperScanner debug  49 - Enabling autowire by type for MapperFactoryBean with name 'supportAddressMapper'.
[2020-01-23 22:38:24.278]  DEBUG org.mybatis.spring.mapper.ClassPathMapperScanner debug  49 - Creating MapperFactoryBean with name 'userMapper' and 'com.cpf.xunwu.mapper.UserMapper' mapperInterface
[2020-01-23 22:38:24.279]  DEBUG org.mybatis.spring.mapper.ClassPathMapperScanner debug  49 - Enabling autowire by type for MapperFactoryBean with name 'userMapper'.
[2020-01-23 22:38:34.497]  DEBUG org.mybatis.spring.mapper.ClassPathMapperScanner scanCandidateComponents  437 - Identified candidate component class: file [E:\IdeaWorkSpace\xunwu\build\classes\java\main\com\cpf\xunwu\mapper\HouseDetailMapper.class]
[2020-01-23 22:38:34.497]  DEBUG org.mybatis.spring.mapper.ClassPathMapperScanner scanCandidateComponents  437 - Identified candidate component class: file [E:\IdeaWorkSpace\xunwu\build\classes\java\main\com\cpf\xunwu\mapper\HouseMapper.class]
[2020-01-23 22:38:34.497]  DEBUG org.mybatis.spring.mapper.ClassPathMapperScanner scanCandidateComponents  437 - Identified candidate component class: file [E:\IdeaWorkSpace\xunwu\build\classes\java\main\com\cpf\xunwu\mapper\HousePictureMapper.class]
[2020-01-23 22:38:34.497]  DEBUG org.mybatis.spring.mapper.ClassPathMapperScanner scanCandidateComponents  437 - Identified candidate component class: file [E:\IdeaWorkSpace\xunwu\build\classes\java\main\com\cpf\xunwu\mapper\HouseTagMapper.class]
[2020-01-23 22:38:34.497]  DEBUG org.mybatis.spring.mapper.ClassPathMapperScanner scanCandidateComponents  437 - Identified candidate component class: file [E:\IdeaWorkSpace\xunwu\build\classes\java\main\com\cpf\xunwu\mapper\RoleMapper.class]
[2020-01-23 22:38:34.497]  DEBUG org.mybatis.spring.mapper.ClassPathMapperScanner scanCandidateComponents  437 - Identified candidate component class: file [E:\IdeaWorkSpace\xunwu\build\classes\java\main\com\cpf\xunwu\mapper\SubwayMapper.class]
[2020-01-23 22:38:34.498]  DEBUG org.mybatis.spring.mapper.ClassPathMapperScanner scanCandidateComponents  437 - Identified candidate component class: file [E:\IdeaWorkSpace\xunwu\build\classes\java\main\com\cpf\xunwu\mapper\SubwayStationMapper.class]
[2020-01-23 22:38:34.498]  DEBUG org.mybatis.spring.mapper.ClassPathMapperScanner scanCandidateComponents  437 - Identified candidate component class: file [E:\IdeaWorkSpace\xunwu\build\classes\java\main\com\cpf\xunwu\mapper\SupportAddressMapper.class]
[2020-01-23 22:38:34.498]  DEBUG org.mybatis.spring.mapper.ClassPathMapperScanner scanCandidateComponents  437 - Identified candidate component class: file [E:\IdeaWorkSpace\xunwu\build\classes\java\main\com\cpf\xunwu\mapper\UserMapper.class]
[2020-01-23 22:38:34.498]  DEBUG org.mybatis.spring.mapper.ClassPathMapperScanner debug  49 - Creating MapperFactoryBean with name 'houseDetailMapper' and 'com.cpf.xunwu.mapper.HouseDetailMapper' mapperInterface
[2020-01-23 22:38:34.498]  DEBUG org.mybatis.spring.mapper.ClassPathMapperScanner debug  49 - Enabling autowire by type for MapperFactoryBean with name 'houseDetailMapper'.
[2020-01-23 22:38:34.498]  DEBUG org.mybatis.spring.mapper.ClassPathMapperScanner debug  49 - Creating MapperFactoryBean with name 'houseMapper' and 'com.cpf.xunwu.mapper.HouseMapper' mapperInterface
[2020-01-23 22:38:34.498]  DEBUG org.mybatis.spring.mapper.ClassPathMapperScanner debug  49 - Enabling autowire by type for MapperFactoryBean with name 'houseMapper'.
[2020-01-23 22:38:34.498]  DEBUG org.mybatis.spring.mapper.ClassPathMapperScanner debug  49 - Creating MapperFactoryBean with name 'housePictureMapper' and 'com.cpf.xunwu.mapper.HousePictureMapper' mapperInterface
[2020-01-23 22:38:34.499]  DEBUG org.mybatis.spring.mapper.ClassPathMapperScanner debug  49 - Enabling autowire by type for MapperFactoryBean with name 'housePictureMapper'.
[2020-01-23 22:38:34.499]  DEBUG org.mybatis.spring.mapper.ClassPathMapperScanner debug  49 - Creating MapperFactoryBean with name 'houseTagMapper' and 'com.cpf.xunwu.mapper.HouseTagMapper' mapperInterface
[2020-01-23 22:38:34.499]  DEBUG org.mybatis.spring.mapper.ClassPathMapperScanner debug  49 - Enabling autowire by type for MapperFactoryBean with name 'houseTagMapper'.
[2020-01-23 22:38:34.499]  DEBUG org.mybatis.spring.mapper.ClassPathMapperScanner debug  49 - Creating MapperFactoryBean with name 'roleMapper' and 'com.cpf.xunwu.mapper.RoleMapper' mapperInterface
[2020-01-23 22:38:34.499]  DEBUG org.mybatis.spring.mapper.ClassPathMapperScanner debug  49 - Enabling autowire by type for MapperFactoryBean with name 'roleMapper'.
[2020-01-23 22:38:34.499]  DEBUG org.mybatis.spring.mapper.ClassPathMapperScanner debug  49 - Creating MapperFactoryBean with name 'subwayMapper' and 'com.cpf.xunwu.mapper.SubwayMapper' mapperInterface
[2020-01-23 22:38:34.499]  DEBUG org.mybatis.spring.mapper.ClassPathMapperScanner debug  49 - Enabling autowire by type for MapperFactoryBean with name 'subwayMapper'.
[2020-01-23 22:38:34.499]  DEBUG org.mybatis.spring.mapper.ClassPathMapperScanner debug  49 - Creating MapperFactoryBean with name 'subwayStationMapper' and 'com.cpf.xunwu.mapper.SubwayStationMapper' mapperInterface
[2020-01-23 22:38:34.499]  DEBUG org.mybatis.spring.mapper.ClassPathMapperScanner debug  49 - Enabling autowire by type for MapperFactoryBean with name 'subwayStationMapper'.
[2020-01-23 22:38:34.499]  DEBUG org.mybatis.spring.mapper.ClassPathMapperScanner debug  49 - Creating MapperFactoryBean with name 'supportAddressMapper' and 'com.cpf.xunwu.mapper.SupportAddressMapper' mapperInterface
[2020-01-23 22:38:34.500]  DEBUG org.mybatis.spring.mapper.ClassPathMapperScanner debug  49 - Enabling autowire by type for MapperFactoryBean with name 'supportAddressMapper'.
[2020-01-23 22:38:34.500]  DEBUG org.mybatis.spring.mapper.ClassPathMapperScanner debug  49 - Creating MapperFactoryBean with name 'userMapper' and 'com.cpf.xunwu.mapper.UserMapper' mapperInterface
[2020-01-23 22:38:34.500]  DEBUG org.mybatis.spring.mapper.ClassPathMapperScanner debug  49 - Enabling autowire by type for MapperFactoryBean with name 'userMapper'.
[2020-01-23 22:40:31.634]  DEBUG org.mybatis.spring.mapper.ClassPathMapperScanner scanCandidateComponents  437 - Identified candidate component class: file [E:\IdeaWorkSpace\xunwu\build\classes\java\main\com\cpf\xunwu\mapper\HouseDetailMapper.class]
[2020-01-23 22:40:31.634]  DEBUG org.mybatis.spring.mapper.ClassPathMapperScanner scanCandidateComponents  437 - Identified candidate component class: file [E:\IdeaWorkSpace\xunwu\build\classes\java\main\com\cpf\xunwu\mapper\HouseMapper.class]
[2020-01-23 22:40:31.634]  DEBUG org.mybatis.spring.mapper.ClassPathMapperScanner scanCandidateComponents  437 - Identified candidate component class: file [E:\IdeaWorkSpace\xunwu\build\classes\java\main\com\cpf\xunwu\mapper\HousePictureMapper.class]
[2020-01-23 22:40:31.634]  DEBUG org.mybatis.spring.mapper.ClassPathMapperScanner scanCandidateComponents  437 - Identified candidate component class: file [E:\IdeaWorkSpace\xunwu\build\classes\java\main\com\cpf\xunwu\mapper\HouseTagMapper.class]
[2020-01-23 22:40:31.634]  DEBUG org.mybatis.spring.mapper.ClassPathMapperScanner scanCandidateComponents  437 - Identified candidate component class: file [E:\IdeaWorkSpace\xunwu\build\classes\java\main\com\cpf\xunwu\mapper\RoleMapper.class]
[2020-01-23 22:40:31.634]  DEBUG org.mybatis.spring.mapper.ClassPathMapperScanner scanCandidateComponents  437 - Identified candidate component class: file [E:\IdeaWorkSpace\xunwu\build\classes\java\main\com\cpf\xunwu\mapper\SubwayMapper.class]
[2020-01-23 22:40:31.635]  DEBUG org.mybatis.spring.mapper.ClassPathMapperScanner scanCandidateComponents  437 - Identified candidate component class: file [E:\IdeaWorkSpace\xunwu\build\classes\java\main\com\cpf\xunwu\mapper\SubwayStationMapper.class]
[2020-01-23 22:40:31.635]  DEBUG org.mybatis.spring.mapper.ClassPathMapperScanner scanCandidateComponents  437 - Identified candidate component class: file [E:\IdeaWorkSpace\xunwu\build\classes\java\main\com\cpf\xunwu\mapper\SupportAddressMapper.class]
[2020-01-23 22:40:31.635]  DEBUG org.mybatis.spring.mapper.ClassPathMapperScanner scanCandidateComponents  437 - Identified candidate component class: file [E:\IdeaWorkSpace\xunwu\build\classes\java\main\com\cpf\xunwu\mapper\UserMapper.class]
[2020-01-23 22:40:31.635]  DEBUG org.mybatis.spring.mapper.ClassPathMapperScanner debug  49 - Creating MapperFactoryBean with name 'houseDetailMapper' and 'com.cpf.xunwu.mapper.HouseDetailMapper' mapperInterface
[2020-01-23 22:40:31.635]  DEBUG org.mybatis.spring.mapper.ClassPathMapperScanner debug  49 - Enabling autowire by type for MapperFactoryBean with name 'houseDetailMapper'.
[2020-01-23 22:40:31.635]  DEBUG org.mybatis.spring.mapper.ClassPathMapperScanner debug  49 - Creating MapperFactoryBean with name 'houseMapper' and 'com.cpf.xunwu.mapper.HouseMapper' mapperInterface
[2020-01-23 22:40:31.635]  DEBUG org.mybatis.spring.mapper.ClassPathMapperScanner debug  49 - Enabling autowire by type for MapperFactoryBean with name 'houseMapper'.
[2020-01-23 22:40:31.635]  DEBUG org.mybatis.spring.mapper.ClassPathMapperScanner debug  49 - Creating MapperFactoryBean with name 'housePictureMapper' and 'com.cpf.xunwu.mapper.HousePictureMapper' mapperInterface
[2020-01-23 22:40:31.636]  DEBUG org.mybatis.spring.mapper.ClassPathMapperScanner debug  49 - Enabling autowire by type for MapperFactoryBean with name 'housePictureMapper'.
[2020-01-23 22:40:31.636]  DEBUG org.mybatis.spring.mapper.ClassPathMapperScanner debug  49 - Creating MapperFactoryBean with name 'houseTagMapper' and 'com.cpf.xunwu.mapper.HouseTagMapper' mapperInterface
[2020-01-23 22:40:31.636]  DEBUG org.mybatis.spring.mapper.ClassPathMapperScanner debug  49 - Enabling autowire by type for MapperFactoryBean with name 'houseTagMapper'.
[2020-01-23 22:40:31.636]  DEBUG org.mybatis.spring.mapper.ClassPathMapperScanner debug  49 - Creating MapperFactoryBean with name 'roleMapper' and 'com.cpf.xunwu.mapper.RoleMapper' mapperInterface
[2020-01-23 22:40:31.636]  DEBUG org.mybatis.spring.mapper.ClassPathMapperScanner debug  49 - Enabling autowire by type for MapperFactoryBean with name 'roleMapper'.
[2020-01-23 22:40:31.636]  DEBUG org.mybatis.spring.mapper.ClassPathMapperScanner debug  49 - Creating MapperFactoryBean with name 'subwayMapper' and 'com.cpf.xunwu.mapper.SubwayMapper' mapperInterface
[2020-01-23 22:40:31.636]  DEBUG org.mybatis.spring.mapper.ClassPathMapperScanner debug  49 - Enabling autowire by type for MapperFactoryBean with name 'subwayMapper'.
[2020-01-23 22:40:31.636]  DEBUG org.mybatis.spring.mapper.ClassPathMapperScanner debug  49 - Creating MapperFactoryBean with name 'subwayStationMapper' and 'com.cpf.xunwu.mapper.SubwayStationMapper' mapperInterface
[2020-01-23 22:40:31.636]  DEBUG org.mybatis.spring.mapper.ClassPathMapperScanner debug  49 - Enabling autowire by type for MapperFactoryBean with name 'subwayStationMapper'.
[2020-01-23 22:40:31.636]  DEBUG org.mybatis.spring.mapper.ClassPathMapperScanner debug  49 - Creating MapperFactoryBean with name 'supportAddressMapper' and 'com.cpf.xunwu.mapper.SupportAddressMapper' mapperInterface
[2020-01-23 22:40:31.636]  DEBUG org.mybatis.spring.mapper.ClassPathMapperScanner debug  49 - Enabling autowire by type for MapperFactoryBean with name 'supportAddressMapper'.
[2020-01-23 22:40:31.637]  DEBUG org.mybatis.spring.mapper.ClassPathMapperScanner debug  49 - Creating MapperFactoryBean with name 'userMapper' and 'com.cpf.xunwu.mapper.UserMapper' mapperInterface
[2020-01-23 22:40:31.637]  DEBUG org.mybatis.spring.mapper.ClassPathMapperScanner debug  49 - Enabling autowire by type for MapperFactoryBean with name 'userMapper'.
[2020-01-23 22:40:43.666]  DEBUG org.apache.ibatis.logging.LogFactory setImplementation  105 - Logging initialized using 'class org.apache.ibatis.logging.slf4j.Slf4jImpl' adapter.
[2020-01-23 22:40:43.668]  DEBUG org.mybatis.spring.mapper.ClassPathMapperScanner scanCandidateComponents  437 - Identified candidate component class: file [E:\IdeaWorkSpace\xunwu\build\classes\java\main\com\cpf\xunwu\mapper\HouseDetailMapper.class]
[2020-01-23 22:40:43.668]  DEBUG org.mybatis.spring.mapper.ClassPathMapperScanner scanCandidateComponents  437 - Identified candidate component class: file [E:\IdeaWorkSpace\xunwu\build\classes\java\main\com\cpf\xunwu\mapper\HouseMapper.class]
[2020-01-23 22:40:43.669]  DEBUG org.mybatis.spring.mapper.ClassPathMapperScanner scanCandidateComponents  437 - Identified candidate component class: file [E:\IdeaWorkSpace\xunwu\build\classes\java\main\com\cpf\xunwu\mapper\HousePictureMapper.class]
[2020-01-23 22:40:43.669]  DEBUG org.mybatis.spring.mapper.ClassPathMapperScanner scanCandidateComponents  437 - Identified candidate component class: file [E:\IdeaWorkSpace\xunwu\build\classes\java\main\com\cpf\xunwu\mapper\HouseTagMapper.class]
[2020-01-23 22:40:43.669]  DEBUG org.mybatis.spring.mapper.ClassPathMapperScanner scanCandidateComponents  437 - Identified candidate component class: file [E:\IdeaWorkSpace\xunwu\build\classes\java\main\com\cpf\xunwu\mapper\RoleMapper.class]
[2020-01-23 22:40:43.669]  DEBUG org.mybatis.spring.mapper.ClassPathMapperScanner scanCandidateComponents  437 - Identified candidate component class: file [E:\IdeaWorkSpace\xunwu\build\classes\java\main\com\cpf\xunwu\mapper\SubwayMapper.class]
[2020-01-23 22:40:43.669]  DEBUG org.mybatis.spring.mapper.ClassPathMapperScanner scanCandidateComponents  437 - Identified candidate component class: file [E:\IdeaWorkSpace\xunwu\build\classes\java\main\com\cpf\xunwu\mapper\SubwayStationMapper.class]
[2020-01-23 22:40:43.669]  DEBUG org.mybatis.spring.mapper.ClassPathMapperScanner scanCandidateComponents  437 - Identified candidate component class: file [E:\IdeaWorkSpace\xunwu\build\classes\java\main\com\cpf\xunwu\mapper\SupportAddressMapper.class]
[2020-01-23 22:40:43.670]  DEBUG org.mybatis.spring.mapper.ClassPathMapperScanner scanCandidateComponents  437 - Identified candidate component class: file [E:\IdeaWorkSpace\xunwu\build\classes\java\main\com\cpf\xunwu\mapper\UserMapper.class]
[2020-01-23 22:40:43.670]  DEBUG org.mybatis.spring.mapper.ClassPathMapperScanner debug  49 - Creating MapperFactoryBean with name 'houseDetailMapper' and 'com.cpf.xunwu.mapper.HouseDetailMapper' mapperInterface
[2020-01-23 22:40:43.671]  DEBUG org.mybatis.spring.mapper.ClassPathMapperScanner debug  49 - Enabling autowire by type for MapperFactoryBean with name 'houseDetailMapper'.
[2020-01-23 22:40:43.671]  DEBUG org.mybatis.spring.mapper.ClassPathMapperScanner debug  49 - Creating MapperFactoryBean with name 'houseMapper' and 'com.cpf.xunwu.mapper.HouseMapper' mapperInterface
[2020-01-23 22:40:43.671]  DEBUG org.mybatis.spring.mapper.ClassPathMapperScanner debug  49 - Enabling autowire by type for MapperFactoryBean with name 'houseMapper'.
[2020-01-23 22:40:43.671]  DEBUG org.mybatis.spring.mapper.ClassPathMapperScanner debug  49 - Creating MapperFactoryBean with name 'housePictureMapper' and 'com.cpf.xunwu.mapper.HousePictureMapper' mapperInterface
[2020-01-23 22:40:43.671]  DEBUG org.mybatis.spring.mapper.ClassPathMapperScanner debug  49 - Enabling autowire by type for MapperFactoryBean with name 'housePictureMapper'.
[2020-01-23 22:40:43.671]  DEBUG org.mybatis.spring.mapper.ClassPathMapperScanner debug  49 - Creating MapperFactoryBean with name 'houseTagMapper' and 'com.cpf.xunwu.mapper.HouseTagMapper' mapperInterface
[2020-01-23 22:40:43.671]  DEBUG org.mybatis.spring.mapper.ClassPathMapperScanner debug  49 - Enabling autowire by type for MapperFactoryBean with name 'houseTagMapper'.
[2020-01-23 22:40:43.671]  DEBUG org.mybatis.spring.mapper.ClassPathMapperScanner debug  49 - Creating MapperFactoryBean with name 'roleMapper' and 'com.cpf.xunwu.mapper.RoleMapper' mapperInterface
[2020-01-23 22:40:43.672]  DEBUG org.mybatis.spring.mapper.ClassPathMapperScanner debug  49 - Enabling autowire by type for MapperFactoryBean with name 'roleMapper'.
[2020-01-23 22:40:43.672]  DEBUG org.mybatis.spring.mapper.ClassPathMapperScanner debug  49 - Creating MapperFactoryBean with name 'subwayMapper' and 'com.cpf.xunwu.mapper.SubwayMapper' mapperInterface
[2020-01-23 22:40:43.672]  DEBUG org.mybatis.spring.mapper.ClassPathMapperScanner debug  49 - Enabling autowire by type for MapperFactoryBean with name 'subwayMapper'.
[2020-01-23 22:40:43.672]  DEBUG org.mybatis.spring.mapper.ClassPathMapperScanner debug  49 - Creating MapperFactoryBean with name 'subwayStationMapper' and 'com.cpf.xunwu.mapper.SubwayStationMapper' mapperInterface
[2020-01-23 22:40:43.672]  DEBUG org.mybatis.spring.mapper.ClassPathMapperScanner debug  49 - Enabling autowire by type for MapperFactoryBean with name 'subwayStationMapper'.
[2020-01-23 22:40:43.672]  DEBUG org.mybatis.spring.mapper.ClassPathMapperScanner debug  49 - Creating MapperFactoryBean with name 'supportAddressMapper' and 'com.cpf.xunwu.mapper.SupportAddressMapper' mapperInterface
[2020-01-23 22:40:43.672]  DEBUG org.mybatis.spring.mapper.ClassPathMapperScanner debug  49 - Enabling autowire by type for MapperFactoryBean with name 'supportAddressMapper'.
[2020-01-23 22:40:43.672]  DEBUG org.mybatis.spring.mapper.ClassPathMapperScanner debug  49 - Creating MapperFactoryBean with name 'userMapper' and 'com.cpf.xunwu.mapper.UserMapper' mapperInterface
[2020-01-23 22:40:43.673]  DEBUG org.mybatis.spring.mapper.ClassPathMapperScanner debug  49 - Enabling autowire by type for MapperFactoryBean with name 'userMapper'.
[2020-01-23 22:40:48.110]  DEBUG org.mybatis.spring.mapper.ClassPathMapperScanner scanCandidateComponents  437 - Identified candidate component class: file [E:\IdeaWorkSpace\xunwu\build\classes\java\main\com\cpf\xunwu\mapper\HouseDetailMapper.class]
[2020-01-23 22:40:48.110]  DEBUG org.mybatis.spring.mapper.ClassPathMapperScanner scanCandidateComponents  437 - Identified candidate component class: file [E:\IdeaWorkSpace\xunwu\build\classes\java\main\com\cpf\xunwu\mapper\HouseMapper.class]
[2020-01-23 22:40:48.111]  DEBUG org.mybatis.spring.mapper.ClassPathMapperScanner scanCandidateComponents  437 - Identified candidate component class: file [E:\IdeaWorkSpace\xunwu\build\classes\java\main\com\cpf\xunwu\mapper\HousePictureMapper.class]
[2020-01-23 22:40:48.111]  DEBUG org.mybatis.spring.mapper.ClassPathMapperScanner scanCandidateComponents  437 - Identified candidate component class: file [E:\IdeaWorkSpace\xunwu\build\classes\java\main\com\cpf\xunwu\mapper\HouseTagMapper.class]
[2020-01-23 22:40:48.111]  DEBUG org.mybatis.spring.mapper.ClassPathMapperScanner scanCandidateComponents  437 - Identified candidate component class: file [E:\IdeaWorkSpace\xunwu\build\classes\java\main\com\cpf\xunwu\mapper\RoleMapper.class]
[2020-01-23 22:40:48.111]  DEBUG org.mybatis.spring.mapper.ClassPathMapperScanner scanCandidateComponents  437 - Identified candidate component class: file [E:\IdeaWorkSpace\xunwu\build\classes\java\main\com\cpf\xunwu\mapper\SubwayMapper.class]
[2020-01-23 22:40:48.111]  DEBUG org.mybatis.spring.mapper.ClassPathMapperScanner scanCandidateComponents  437 - Identified candidate component class: file [E:\IdeaWorkSpace\xunwu\build\classes\java\main\com\cpf\xunwu\mapper\SubwayStationMapper.class]
[2020-01-23 22:40:48.111]  DEBUG org.mybatis.spring.mapper.ClassPathMapperScanner scanCandidateComponents  437 - Identified candidate component class: file [E:\IdeaWorkSpace\xunwu\build\classes\java\main\com\cpf\xunwu\mapper\SupportAddressMapper.class]
[2020-01-23 22:40:48.111]  DEBUG org.mybatis.spring.mapper.ClassPathMapperScanner scanCandidateComponents  437 - Identified candidate component class: file [E:\IdeaWorkSpace\xunwu\build\classes\java\main\com\cpf\xunwu\mapper\UserMapper.class]
[2020-01-23 22:40:48.112]  DEBUG org.mybatis.spring.mapper.ClassPathMapperScanner debug  49 - Creating MapperFactoryBean with name 'houseDetailMapper' and 'com.cpf.xunwu.mapper.HouseDetailMapper' mapperInterface
[2020-01-23 22:40:48.112]  DEBUG org.mybatis.spring.mapper.ClassPathMapperScanner debug  49 - Enabling autowire by type for MapperFactoryBean with name 'houseDetailMapper'.
[2020-01-23 22:40:48.112]  DEBUG org.mybatis.spring.mapper.ClassPathMapperScanner debug  49 - Creating MapperFactoryBean with name 'houseMapper' and 'com.cpf.xunwu.mapper.HouseMapper' mapperInterface
[2020-01-23 22:40:48.112]  DEBUG org.mybatis.spring.mapper.ClassPathMapperScanner debug  49 - Enabling autowire by type for MapperFactoryBean with name 'houseMapper'.
[2020-01-23 22:40:48.112]  DEBUG org.mybatis.spring.mapper.ClassPathMapperScanner debug  49 - Creating MapperFactoryBean with name 'housePictureMapper' and 'com.cpf.xunwu.mapper.HousePictureMapper' mapperInterface
[2020-01-23 22:40:48.112]  DEBUG org.mybatis.spring.mapper.ClassPathMapperScanner debug  49 - Enabling autowire by type for MapperFactoryBean with name 'housePictureMapper'.
[2020-01-23 22:40:48.112]  DEBUG org.mybatis.spring.mapper.ClassPathMapperScanner debug  49 - Creating MapperFactoryBean with name 'houseTagMapper' and 'com.cpf.xunwu.mapper.HouseTagMapper' mapperInterface
[2020-01-23 22:40:48.112]  DEBUG org.mybatis.spring.mapper.ClassPathMapperScanner debug  49 - Enabling autowire by type for MapperFactoryBean with name 'houseTagMapper'.
[2020-01-23 22:40:48.113]  DEBUG org.mybatis.spring.mapper.ClassPathMapperScanner debug  49 - Creating MapperFactoryBean with name 'roleMapper' and 'com.cpf.xunwu.mapper.RoleMapper' mapperInterface
[2020-01-23 22:40:48.113]  DEBUG org.mybatis.spring.mapper.ClassPathMapperScanner debug  49 - Enabling autowire by type for MapperFactoryBean with name 'roleMapper'.
[2020-01-23 22:40:48.113]  DEBUG org.mybatis.spring.mapper.ClassPathMapperScanner debug  49 - Creating MapperFactoryBean with name 'subwayMapper' and 'com.cpf.xunwu.mapper.SubwayMapper' mapperInterface
[2020-01-23 22:40:48.113]  DEBUG org.mybatis.spring.mapper.ClassPathMapperScanner debug  49 - Enabling autowire by type for MapperFactoryBean with name 'subwayMapper'.
[2020-01-23 22:40:48.113]  DEBUG org.mybatis.spring.mapper.ClassPathMapperScanner debug  49 - Creating MapperFactoryBean with name 'subwayStationMapper' and 'com.cpf.xunwu.mapper.SubwayStationMapper' mapperInterface
[2020-01-23 22:40:48.113]  DEBUG org.mybatis.spring.mapper.ClassPathMapperScanner debug  49 - Enabling autowire by type for MapperFactoryBean with name 'subwayStationMapper'.
[2020-01-23 22:40:48.113]  DEBUG org.mybatis.spring.mapper.ClassPathMapperScanner debug  49 - Creating MapperFactoryBean with name 'supportAddressMapper' and 'com.cpf.xunwu.mapper.SupportAddressMapper' mapperInterface
[2020-01-23 22:40:48.113]  DEBUG org.mybatis.spring.mapper.ClassPathMapperScanner debug  49 - Enabling autowire by type for MapperFactoryBean with name 'supportAddressMapper'.
[2020-01-23 22:40:48.113]  DEBUG org.mybatis.spring.mapper.ClassPathMapperScanner debug  49 - Creating MapperFactoryBean with name 'userMapper' and 'com.cpf.xunwu.mapper.UserMapper' mapperInterface
[2020-01-23 22:40:48.113]  DEBUG org.mybatis.spring.mapper.ClassPathMapperScanner debug  49 - Enabling autowire by type for MapperFactoryBean with name 'userMapper'.
[2020-01-23 22:42:49.541]  DEBUG org.apache.ibatis.logging.LogFactory setImplementation  105 - Logging initialized using 'class org.apache.ibatis.logging.slf4j.Slf4jImpl' adapter.
[2020-01-23 22:42:49.543]  DEBUG org.mybatis.spring.mapper.ClassPathMapperScanner scanCandidateComponents  437 - Identified candidate component class: file [E:\IdeaWorkSpace\xunwu\build\classes\java\main\com\cpf\xunwu\mapper\HouseDetailMapper.class]
[2020-01-23 22:42:49.543]  DEBUG org.mybatis.spring.mapper.ClassPathMapperScanner scanCandidateComponents  437 - Identified candidate component class: file [E:\IdeaWorkSpace\xunwu\build\classes\java\main\com\cpf\xunwu\mapper\HouseMapper.class]
[2020-01-23 22:42:49.543]  DEBUG org.mybatis.spring.mapper.ClassPathMapperScanner scanCandidateComponents  437 - Identified candidate component class: file [E:\IdeaWorkSpace\xunwu\build\classes\java\main\com\cpf\xunwu\mapper\HousePictureMapper.class]
[2020-01-23 22:42:49.543]  DEBUG org.mybatis.spring.mapper.ClassPathMapperScanner scanCandidateComponents  437 - Identified candidate component class: file [E:\IdeaWorkSpace\xunwu\build\classes\java\main\com\cpf\xunwu\mapper\HouseTagMapper.class]
[2020-01-23 22:42:49.543]  DEBUG org.mybatis.spring.mapper.ClassPathMapperScanner scanCandidateComponents  437 - Identified candidate component class: file [E:\IdeaWorkSpace\xunwu\build\classes\java\main\com\cpf\xunwu\mapper\RoleMapper.class]
[2020-01-23 22:42:49.544]  DEBUG org.mybatis.spring.mapper.ClassPathMapperScanner scanCandidateComponents  437 - Identified candidate component class: file [E:\IdeaWorkSpace\xunwu\build\classes\java\main\com\cpf\xunwu\mapper\SubwayMapper.class]
[2020-01-23 22:42:49.544]  DEBUG org.mybatis.spring.mapper.ClassPathMapperScanner scanCandidateComponents  437 - Identified candidate component class: file [E:\IdeaWorkSpace\xunwu\build\classes\java\main\com\cpf\xunwu\mapper\SubwayStationMapper.class]
[2020-01-23 22:42:49.544]  DEBUG org.mybatis.spring.mapper.ClassPathMapperScanner scanCandidateComponents  437 - Identified candidate component class: file [E:\IdeaWorkSpace\xunwu\build\classes\java\main\com\cpf\xunwu\mapper\SupportAddressMapper.class]
[2020-01-23 22:42:49.544]  DEBUG org.mybatis.spring.mapper.ClassPathMapperScanner scanCandidateComponents  437 - Identified candidate component class: file [E:\IdeaWorkSpace\xunwu\build\classes\java\main\com\cpf\xunwu\mapper\UserMapper.class]
[2020-01-23 22:42:49.545]  DEBUG org.mybatis.spring.mapper.ClassPathMapperScanner debug  49 - Creating MapperFactoryBean with name 'houseDetailMapper' and 'com.cpf.xunwu.mapper.HouseDetailMapper' mapperInterface
[2020-01-23 22:42:49.545]  DEBUG org.mybatis.spring.mapper.ClassPathMapperScanner debug  49 - Enabling autowire by type for MapperFactoryBean with name 'houseDetailMapper'.
[2020-01-23 22:42:49.545]  DEBUG org.mybatis.spring.mapper.ClassPathMapperScanner debug  49 - Creating MapperFactoryBean with name 'houseMapper' and 'com.cpf.xunwu.mapper.HouseMapper' mapperInterface
[2020-01-23 22:42:49.545]  DEBUG org.mybatis.spring.mapper.ClassPathMapperScanner debug  49 - Enabling autowire by type for MapperFactoryBean with name 'houseMapper'.
[2020-01-23 22:42:49.545]  DEBUG org.mybatis.spring.mapper.ClassPathMapperScanner debug  49 - Creating MapperFactoryBean with name 'housePictureMapper' and 'com.cpf.xunwu.mapper.HousePictureMapper' mapperInterface
[2020-01-23 22:42:49.546]  DEBUG org.mybatis.spring.mapper.ClassPathMapperScanner debug  49 - Enabling autowire by type for MapperFactoryBean with name 'housePictureMapper'.
[2020-01-23 22:42:49.546]  DEBUG org.mybatis.spring.mapper.ClassPathMapperScanner debug  49 - Creating MapperFactoryBean with name 'houseTagMapper' and 'com.cpf.xunwu.mapper.HouseTagMapper' mapperInterface
[2020-01-23 22:42:49.546]  DEBUG org.mybatis.spring.mapper.ClassPathMapperScanner debug  49 - Enabling autowire by type for MapperFactoryBean with name 'houseTagMapper'.
[2020-01-23 22:42:49.546]  DEBUG org.mybatis.spring.mapper.ClassPathMapperScanner debug  49 - Creating MapperFactoryBean with name 'roleMapper' and 'com.cpf.xunwu.mapper.RoleMapper' mapperInterface
[2020-01-23 22:42:49.546]  DEBUG org.mybatis.spring.mapper.ClassPathMapperScanner debug  49 - Enabling autowire by type for MapperFactoryBean with name 'roleMapper'.
[2020-01-23 22:42:49.546]  DEBUG org.mybatis.spring.mapper.ClassPathMapperScanner debug  49 - Creating MapperFactoryBean with name 'subwayMapper' and 'com.cpf.xunwu.mapper.SubwayMapper' mapperInterface
[2020-01-23 22:42:49.546]  DEBUG org.mybatis.spring.mapper.ClassPathMapperScanner debug  49 - Enabling autowire by type for MapperFactoryBean with name 'subwayMapper'.
[2020-01-23 22:42:49.546]  DEBUG org.mybatis.spring.mapper.ClassPathMapperScanner debug  49 - Creating MapperFactoryBean with name 'subwayStationMapper' and 'com.cpf.xunwu.mapper.SubwayStationMapper' mapperInterface
[2020-01-23 22:42:49.547]  DEBUG org.mybatis.spring.mapper.ClassPathMapperScanner debug  49 - Enabling autowire by type for MapperFactoryBean with name 'subwayStationMapper'.
[2020-01-23 22:42:49.547]  DEBUG org.mybatis.spring.mapper.ClassPathMapperScanner debug  49 - Creating MapperFactoryBean with name 'supportAddressMapper' and 'com.cpf.xunwu.mapper.SupportAddressMapper' mapperInterface
[2020-01-23 22:42:49.547]  DEBUG org.mybatis.spring.mapper.ClassPathMapperScanner debug  49 - Enabling autowire by type for MapperFactoryBean with name 'supportAddressMapper'.
[2020-01-23 22:42:49.547]  DEBUG org.mybatis.spring.mapper.ClassPathMapperScanner debug  49 - Creating MapperFactoryBean with name 'userMapper' and 'com.cpf.xunwu.mapper.UserMapper' mapperInterface
[2020-01-23 22:42:49.547]  DEBUG org.mybatis.spring.mapper.ClassPathMapperScanner debug  49 - Enabling autowire by type for MapperFactoryBean with name 'userMapper'.
[2020-01-23 22:42:55.529]  DEBUG org.mybatis.spring.mapper.ClassPathMapperScanner scanCandidateComponents  437 - Identified candidate component class: file [E:\IdeaWorkSpace\xunwu\build\classes\java\main\com\cpf\xunwu\mapper\HouseDetailMapper.class]
[2020-01-23 22:42:55.530]  DEBUG org.mybatis.spring.mapper.ClassPathMapperScanner scanCandidateComponents  437 - Identified candidate component class: file [E:\IdeaWorkSpace\xunwu\build\classes\java\main\com\cpf\xunwu\mapper\HouseMapper.class]
[2020-01-23 22:42:55.530]  DEBUG org.mybatis.spring.mapper.ClassPathMapperScanner scanCandidateComponents  437 - Identified candidate component class: file [E:\IdeaWorkSpace\xunwu\build\classes\java\main\com\cpf\xunwu\mapper\HousePictureMapper.class]
[2020-01-23 22:42:55.530]  DEBUG org.mybatis.spring.mapper.ClassPathMapperScanner scanCandidateComponents  437 - Identified candidate component class: file [E:\IdeaWorkSpace\xunwu\build\classes\java\main\com\cpf\xunwu\mapper\HouseTagMapper.class]
[2020-01-23 22:42:55.530]  DEBUG org.mybatis.spring.mapper.ClassPathMapperScanner scanCandidateComponents  437 - Identified candidate component class: file [E:\IdeaWorkSpace\xunwu\build\classes\java\main\com\cpf\xunwu\mapper\RoleMapper.class]
[2020-01-23 22:42:55.530]  DEBUG org.mybatis.spring.mapper.ClassPathMapperScanner scanCandidateComponents  437 - Identified candidate component class: file [E:\IdeaWorkSpace\xunwu\build\classes\java\main\com\cpf\xunwu\mapper\SubwayMapper.class]
[2020-01-23 22:42:55.530]  DEBUG org.mybatis.spring.mapper.ClassPathMapperScanner scanCandidateComponents  437 - Identified candidate component class: file [E:\IdeaWorkSpace\xunwu\build\classes\java\main\com\cpf\xunwu\mapper\SubwayStationMapper.class]
[2020-01-23 22:42:55.531]  DEBUG org.mybatis.spring.mapper.ClassPathMapperScanner scanCandidateComponents  437 - Identified candidate component class: file [E:\IdeaWorkSpace\xunwu\build\classes\java\main\com\cpf\xunwu\mapper\SupportAddressMapper.class]
[2020-01-23 22:42:55.531]  DEBUG org.mybatis.spring.mapper.ClassPathMapperScanner scanCandidateComponents  437 - Identified candidate component class: file [E:\IdeaWorkSpace\xunwu\build\classes\java\main\com\cpf\xunwu\mapper\UserMapper.class]
[2020-01-23 22:42:55.531]  DEBUG org.mybatis.spring.mapper.ClassPathMapperScanner debug  49 - Creating MapperFactoryBean with name 'houseDetailMapper' and 'com.cpf.xunwu.mapper.HouseDetailMapper' mapperInterface
[2020-01-23 22:42:55.531]  DEBUG org.mybatis.spring.mapper.ClassPathMapperScanner debug  49 - Enabling autowire by type for MapperFactoryBean with name 'houseDetailMapper'.
[2020-01-23 22:42:55.531]  DEBUG org.mybatis.spring.mapper.ClassPathMapperScanner debug  49 - Creating MapperFactoryBean with name 'houseMapper' and 'com.cpf.xunwu.mapper.HouseMapper' mapperInterface
[2020-01-23 22:42:55.531]  DEBUG org.mybatis.spring.mapper.ClassPathMapperScanner debug  49 - Enabling autowire by type for MapperFactoryBean with name 'houseMapper'.
[2020-01-23 22:42:55.531]  DEBUG org.mybatis.spring.mapper.ClassPathMapperScanner debug  49 - Creating MapperFactoryBean with name 'housePictureMapper' and 'com.cpf.xunwu.mapper.HousePictureMapper' mapperInterface
[2020-01-23 22:42:55.532]  DEBUG org.mybatis.spring.mapper.ClassPathMapperScanner debug  49 - Enabling autowire by type for MapperFactoryBean with name 'housePictureMapper'.
[2020-01-23 22:42:55.532]  DEBUG org.mybatis.spring.mapper.ClassPathMapperScanner debug  49 - Creating MapperFactoryBean with name 'houseTagMapper' and 'com.cpf.xunwu.mapper.HouseTagMapper' mapperInterface
[2020-01-23 22:42:55.532]  DEBUG org.mybatis.spring.mapper.ClassPathMapperScanner debug  49 - Enabling autowire by type for MapperFactoryBean with name 'houseTagMapper'.
[2020-01-23 22:42:55.532]  DEBUG org.mybatis.spring.mapper.ClassPathMapperScanner debug  49 - Creating MapperFactoryBean with name 'roleMapper' and 'com.cpf.xunwu.mapper.RoleMapper' mapperInterface
[2020-01-23 22:42:55.532]  DEBUG org.mybatis.spring.mapper.ClassPathMapperScanner debug  49 - Enabling autowire by type for MapperFactoryBean with name 'roleMapper'.
[2020-01-23 22:42:55.532]  DEBUG org.mybatis.spring.mapper.ClassPathMapperScanner debug  49 - Creating MapperFactoryBean with name 'subwayMapper' and 'com.cpf.xunwu.mapper.SubwayMapper' mapperInterface
[2020-01-23 22:42:55.532]  DEBUG org.mybatis.spring.mapper.ClassPathMapperScanner debug  49 - Enabling autowire by type for MapperFactoryBean with name 'subwayMapper'.
[2020-01-23 22:42:55.532]  DEBUG org.mybatis.spring.mapper.ClassPathMapperScanner debug  49 - Creating MapperFactoryBean with name 'subwayStationMapper' and 'com.cpf.xunwu.mapper.SubwayStationMapper' mapperInterface
[2020-01-23 22:42:55.532]  DEBUG org.mybatis.spring.mapper.ClassPathMapperScanner debug  49 - Enabling autowire by type for MapperFactoryBean with name 'subwayStationMapper'.
[2020-01-23 22:42:55.533]  DEBUG org.mybatis.spring.mapper.ClassPathMapperScanner debug  49 - Creating MapperFactoryBean with name 'supportAddressMapper' and 'com.cpf.xunwu.mapper.SupportAddressMapper' mapperInterface
[2020-01-23 22:42:55.533]  DEBUG org.mybatis.spring.mapper.ClassPathMapperScanner debug  49 - Enabling autowire by type for MapperFactoryBean with name 'supportAddressMapper'.
[2020-01-23 22:42:55.533]  DEBUG org.mybatis.spring.mapper.ClassPathMapperScanner debug  49 - Creating MapperFactoryBean with name 'userMapper' and 'com.cpf.xunwu.mapper.UserMapper' mapperInterface
[2020-01-23 22:42:55.533]  DEBUG org.mybatis.spring.mapper.ClassPathMapperScanner debug  49 - Enabling autowire by type for MapperFactoryBean with name 'userMapper'.
[2020-01-23 22:48:41.133]  DEBUG org.apache.ibatis.logging.LogFactory setImplementation  105 - Logging initialized using 'class org.apache.ibatis.logging.slf4j.Slf4jImpl' adapter.
[2020-01-23 22:48:41.135]  DEBUG org.mybatis.spring.mapper.ClassPathMapperScanner scanCandidateComponents  437 - Identified candidate component class: file [E:\IdeaWorkSpace\xunwu\build\classes\java\main\com\cpf\xunwu\mapper\HouseDetailMapper.class]
[2020-01-23 22:48:41.136]  DEBUG org.mybatis.spring.mapper.ClassPathMapperScanner scanCandidateComponents  437 - Identified candidate component class: file [E:\IdeaWorkSpace\xunwu\build\classes\java\main\com\cpf\xunwu\mapper\HouseMapper.class]
[2020-01-23 22:48:41.136]  DEBUG org.mybatis.spring.mapper.ClassPathMapperScanner scanCandidateComponents  437 - Identified candidate component class: file [E:\IdeaWorkSpace\xunwu\build\classes\java\main\com\cpf\xunwu\mapper\HousePictureMapper.class]
[2020-01-23 22:48:41.136]  DEBUG org.mybatis.spring.mapper.ClassPathMapperScanner scanCandidateComponents  437 - Identified candidate component class: file [E:\IdeaWorkSpace\xunwu\build\classes\java\main\com\cpf\xunwu\mapper\HouseTagMapper.class]
[2020-01-23 22:48:41.136]  DEBUG org.mybatis.spring.mapper.ClassPathMapperScanner scanCandidateComponents  437 - Identified candidate component class: file [E:\IdeaWorkSpace\xunwu\build\classes\java\main\com\cpf\xunwu\mapper\RoleMapper.class]
[2020-01-23 22:48:41.136]  DEBUG org.mybatis.spring.mapper.ClassPathMapperScanner scanCandidateComponents  437 - Identified candidate component class: file [E:\IdeaWorkSpace\xunwu\build\classes\java\main\com\cpf\xunwu\mapper\SubwayMapper.class]
[2020-01-23 22:48:41.137]  DEBUG org.mybatis.spring.mapper.ClassPathMapperScanner scanCandidateComponents  437 - Identified candidate component class: file [E:\IdeaWorkSpace\xunwu\build\classes\java\main\com\cpf\xunwu\mapper\SubwayStationMapper.class]
[2020-01-23 22:48:41.137]  DEBUG org.mybatis.spring.mapper.ClassPathMapperScanner scanCandidateComponents  437 - Identified candidate component class: file [E:\IdeaWorkSpace\xunwu\build\classes\java\main\com\cpf\xunwu\mapper\SupportAddressMapper.class]
[2020-01-23 22:48:41.137]  DEBUG org.mybatis.spring.mapper.ClassPathMapperScanner scanCandidateComponents  437 - Identified candidate component class: file [E:\IdeaWorkSpace\xunwu\build\classes\java\main\com\cpf\xunwu\mapper\UserMapper.class]
[2020-01-23 22:48:41.138]  DEBUG org.mybatis.spring.mapper.ClassPathMapperScanner debug  49 - Creating MapperFactoryBean with name 'houseDetailMapper' and 'com.cpf.xunwu.mapper.HouseDetailMapper' mapperInterface
[2020-01-23 22:48:41.138]  DEBUG org.mybatis.spring.mapper.ClassPathMapperScanner debug  49 - Enabling autowire by type for MapperFactoryBean with name 'houseDetailMapper'.
[2020-01-23 22:48:41.138]  DEBUG org.mybatis.spring.mapper.ClassPathMapperScanner debug  49 - Creating MapperFactoryBean with name 'houseMapper' and 'com.cpf.xunwu.mapper.HouseMapper' mapperInterface
[2020-01-23 22:48:41.139]  DEBUG org.mybatis.spring.mapper.ClassPathMapperScanner debug  49 - Enabling autowire by type for MapperFactoryBean with name 'houseMapper'.
[2020-01-23 22:48:41.139]  DEBUG org.mybatis.spring.mapper.ClassPathMapperScanner debug  49 - Creating MapperFactoryBean with name 'housePictureMapper' and 'com.cpf.xunwu.mapper.HousePictureMapper' mapperInterface
[2020-01-23 22:48:41.139]  DEBUG org.mybatis.spring.mapper.ClassPathMapperScanner debug  49 - Enabling autowire by type for MapperFactoryBean with name 'housePictureMapper'.
[2020-01-23 22:48:41.139]  DEBUG org.mybatis.spring.mapper.ClassPathMapperScanner debug  49 - Creating MapperFactoryBean with name 'houseTagMapper' and 'com.cpf.xunwu.mapper.HouseTagMapper' mapperInterface
[2020-01-23 22:48:41.140]  DEBUG org.mybatis.spring.mapper.ClassPathMapperScanner debug  49 - Enabling autowire by type for MapperFactoryBean with name 'houseTagMapper'.
[2020-01-23 22:48:41.140]  DEBUG org.mybatis.spring.mapper.ClassPathMapperScanner debug  49 - Creating MapperFactoryBean with name 'roleMapper' and 'com.cpf.xunwu.mapper.RoleMapper' mapperInterface
[2020-01-23 22:48:41.140]  DEBUG org.mybatis.spring.mapper.ClassPathMapperScanner debug  49 - Enabling autowire by type for MapperFactoryBean with name 'roleMapper'.
[2020-01-23 22:48:41.140]  DEBUG org.mybatis.spring.mapper.ClassPathMapperScanner debug  49 - Creating MapperFactoryBean with name 'subwayMapper' and 'com.cpf.xunwu.mapper.SubwayMapper' mapperInterface
[2020-01-23 22:48:41.140]  DEBUG org.mybatis.spring.mapper.ClassPathMapperScanner debug  49 - Enabling autowire by type for MapperFactoryBean with name 'subwayMapper'.
[2020-01-23 22:48:41.140]  DEBUG org.mybatis.spring.mapper.ClassPathMapperScanner debug  49 - Creating MapperFactoryBean with name 'subwayStationMapper' and 'com.cpf.xunwu.mapper.SubwayStationMapper' mapperInterface
[2020-01-23 22:48:41.140]  DEBUG org.mybatis.spring.mapper.ClassPathMapperScanner debug  49 - Enabling autowire by type for MapperFactoryBean with name 'subwayStationMapper'.
[2020-01-23 22:48:41.140]  DEBUG org.mybatis.spring.mapper.ClassPathMapperScanner debug  49 - Creating MapperFactoryBean with name 'supportAddressMapper' and 'com.cpf.xunwu.mapper.SupportAddressMapper' mapperInterface
[2020-01-23 22:48:41.141]  DEBUG org.mybatis.spring.mapper.ClassPathMapperScanner debug  49 - Enabling autowire by type for MapperFactoryBean with name 'supportAddressMapper'.
[2020-01-23 22:48:41.141]  DEBUG org.mybatis.spring.mapper.ClassPathMapperScanner debug  49 - Creating MapperFactoryBean with name 'userMapper' and 'com.cpf.xunwu.mapper.UserMapper' mapperInterface
[2020-01-23 22:48:41.141]  DEBUG org.mybatis.spring.mapper.ClassPathMapperScanner debug  49 - Enabling autowire by type for MapperFactoryBean with name 'userMapper'.
[2020-01-23 22:48:45.821]  DEBUG org.mybatis.spring.mapper.ClassPathMapperScanner scanCandidateComponents  437 - Identified candidate component class: file [E:\IdeaWorkSpace\xunwu\build\classes\java\main\com\cpf\xunwu\mapper\HouseDetailMapper.class]
[2020-01-23 22:48:45.821]  DEBUG org.mybatis.spring.mapper.ClassPathMapperScanner scanCandidateComponents  437 - Identified candidate component class: file [E:\IdeaWorkSpace\xunwu\build\classes\java\main\com\cpf\xunwu\mapper\HouseMapper.class]
[2020-01-23 22:48:45.821]  DEBUG org.mybatis.spring.mapper.ClassPathMapperScanner scanCandidateComponents  437 - Identified candidate component class: file [E:\IdeaWorkSpace\xunwu\build\classes\java\main\com\cpf\xunwu\mapper\HousePictureMapper.class]
[2020-01-23 22:48:45.821]  DEBUG org.mybatis.spring.mapper.ClassPathMapperScanner scanCandidateComponents  437 - Identified candidate component class: file [E:\IdeaWorkSpace\xunwu\build\classes\java\main\com\cpf\xunwu\mapper\HouseTagMapper.class]
[2020-01-23 22:48:45.822]  DEBUG org.mybatis.spring.mapper.ClassPathMapperScanner scanCandidateComponents  437 - Identified candidate component class: file [E:\IdeaWorkSpace\xunwu\build\classes\java\main\com\cpf\xunwu\mapper\RoleMapper.class]
[2020-01-23 22:48:45.822]  DEBUG org.mybatis.spring.mapper.ClassPathMapperScanner scanCandidateComponents  437 - Identified candidate component class: file [E:\IdeaWorkSpace\xunwu\build\classes\java\main\com\cpf\xunwu\mapper\SubwayMapper.class]
[2020-01-23 22:48:45.822]  DEBUG org.mybatis.spring.mapper.ClassPathMapperScanner scanCandidateComponents  437 - Identified candidate component class: file [E:\IdeaWorkSpace\xunwu\build\classes\java\main\com\cpf\xunwu\mapper\SubwayStationMapper.class]
[2020-01-23 22:48:45.822]  DEBUG org.mybatis.spring.mapper.ClassPathMapperScanner scanCandidateComponents  437 - Identified candidate component class: file [E:\IdeaWorkSpace\xunwu\build\classes\java\main\com\cpf\xunwu\mapper\SupportAddressMapper.class]
[2020-01-23 22:48:45.822]  DEBUG org.mybatis.spring.mapper.ClassPathMapperScanner scanCandidateComponents  437 - Identified candidate component class: file [E:\IdeaWorkSpace\xunwu\build\classes\java\main\com\cpf\xunwu\mapper\UserMapper.class]
[2020-01-23 22:48:45.822]  DEBUG org.mybatis.spring.mapper.ClassPathMapperScanner debug  49 - Creating MapperFactoryBean with name 'houseDetailMapper' and 'com.cpf.xunwu.mapper.HouseDetailMapper' mapperInterface
[2020-01-23 22:48:45.823]  DEBUG org.mybatis.spring.mapper.ClassPathMapperScanner debug  49 - Enabling autowire by type for MapperFactoryBean with name 'houseDetailMapper'.
[2020-01-23 22:48:45.823]  DEBUG org.mybatis.spring.mapper.ClassPathMapperScanner debug  49 - Creating MapperFactoryBean with name 'houseMapper' and 'com.cpf.xunwu.mapper.HouseMapper' mapperInterface
[2020-01-23 22:48:45.823]  DEBUG org.mybatis.spring.mapper.ClassPathMapperScanner debug  49 - Enabling autowire by type for MapperFactoryBean with name 'houseMapper'.
[2020-01-23 22:48:45.823]  DEBUG org.mybatis.spring.mapper.ClassPathMapperScanner debug  49 - Creating MapperFactoryBean with name 'housePictureMapper' and 'com.cpf.xunwu.mapper.HousePictureMapper' mapperInterface
[2020-01-23 22:48:45.823]  DEBUG org.mybatis.spring.mapper.ClassPathMapperScanner debug  49 - Enabling autowire by type for MapperFactoryBean with name 'housePictureMapper'.
[2020-01-23 22:48:45.823]  DEBUG org.mybatis.spring.mapper.ClassPathMapperScanner debug  49 - Creating MapperFactoryBean with name 'houseTagMapper' and 'com.cpf.xunwu.mapper.HouseTagMapper' mapperInterface
[2020-01-23 22:48:45.823]  DEBUG org.mybatis.spring.mapper.ClassPathMapperScanner debug  49 - Enabling autowire by type for MapperFactoryBean with name 'houseTagMapper'.
[2020-01-23 22:48:45.823]  DEBUG org.mybatis.spring.mapper.ClassPathMapperScanner debug  49 - Creating MapperFactoryBean with name 'roleMapper' and 'com.cpf.xunwu.mapper.RoleMapper' mapperInterface
[2020-01-23 22:48:45.824]  DEBUG org.mybatis.spring.mapper.ClassPathMapperScanner debug  49 - Enabling autowire by type for MapperFactoryBean with name 'roleMapper'.
[2020-01-23 22:48:45.824]  DEBUG org.mybatis.spring.mapper.ClassPathMapperScanner debug  49 - Creating MapperFactoryBean with name 'subwayMapper' and 'com.cpf.xunwu.mapper.SubwayMapper' mapperInterface
[2020-01-23 22:48:45.824]  DEBUG org.mybatis.spring.mapper.ClassPathMapperScanner debug  49 - Enabling autowire by type for MapperFactoryBean with name 'subwayMapper'.
[2020-01-23 22:48:45.824]  DEBUG org.mybatis.spring.mapper.ClassPathMapperScanner debug  49 - Creating MapperFactoryBean with name 'subwayStationMapper' and 'com.cpf.xunwu.mapper.SubwayStationMapper' mapperInterface
[2020-01-23 22:48:45.824]  DEBUG org.mybatis.spring.mapper.ClassPathMapperScanner debug  49 - Enabling autowire by type for MapperFactoryBean with name 'subwayStationMapper'.
[2020-01-23 22:48:45.824]  DEBUG org.mybatis.spring.mapper.ClassPathMapperScanner debug  49 - Creating MapperFactoryBean with name 'supportAddressMapper' and 'com.cpf.xunwu.mapper.SupportAddressMapper' mapperInterface
[2020-01-23 22:48:45.824]  DEBUG org.mybatis.spring.mapper.ClassPathMapperScanner debug  49 - Enabling autowire by type for MapperFactoryBean with name 'supportAddressMapper'.
[2020-01-23 22:48:45.824]  DEBUG org.mybatis.spring.mapper.ClassPathMapperScanner debug  49 - Creating MapperFactoryBean with name 'userMapper' and 'com.cpf.xunwu.mapper.UserMapper' mapperInterface
[2020-01-23 22:48:45.824]  DEBUG org.mybatis.spring.mapper.ClassPathMapperScanner debug  49 - Enabling autowire by type for MapperFactoryBean with name 'userMapper'.
[2020-01-23 23:22:13.658]  DEBUG org.apache.ibatis.logging.LogFactory setImplementation  105 - Logging initialized using 'class org.apache.ibatis.logging.slf4j.Slf4jImpl' adapter.
[2020-01-23 23:22:13.660]  DEBUG org.mybatis.spring.mapper.ClassPathMapperScanner scanCandidateComponents  437 - Identified candidate component class: file [E:\IdeaWorkSpace\xunwu\build\classes\java\main\com\cpf\xunwu\mapper\HouseDetailMapper.class]
[2020-01-23 23:22:13.661]  DEBUG org.mybatis.spring.mapper.ClassPathMapperScanner scanCandidateComponents  437 - Identified candidate component class: file [E:\IdeaWorkSpace\xunwu\build\classes\java\main\com\cpf\xunwu\mapper\HouseMapper.class]
[2020-01-23 23:22:13.661]  DEBUG org.mybatis.spring.mapper.ClassPathMapperScanner scanCandidateComponents  437 - Identified candidate component class: file [E:\IdeaWorkSpace\xunwu\build\classes\java\main\com\cpf\xunwu\mapper\HousePictureMapper.class]
[2020-01-23 23:22:13.661]  DEBUG org.mybatis.spring.mapper.ClassPathMapperScanner scanCandidateComponents  437 - Identified candidate component class: file [E:\IdeaWorkSpace\xunwu\build\classes\java\main\com\cpf\xunwu\mapper\HouseTagMapper.class]
[2020-01-23 23:22:13.661]  DEBUG org.mybatis.spring.mapper.ClassPathMapperScanner scanCandidateComponents  437 - Identified candidate component class: file [E:\IdeaWorkSpace\xunwu\build\classes\java\main\com\cpf\xunwu\mapper\RoleMapper.class]
[2020-01-23 23:22:13.661]  DEBUG org.mybatis.spring.mapper.ClassPathMapperScanner scanCandidateComponents  437 - Identified candidate component class: file [E:\IdeaWorkSpace\xunwu\build\classes\java\main\com\cpf\xunwu\mapper\SubwayMapper.class]
[2020-01-23 23:22:13.662]  DEBUG org.mybatis.spring.mapper.ClassPathMapperScanner scanCandidateComponents  437 - Identified candidate component class: file [E:\IdeaWorkSpace\xunwu\build\classes\java\main\com\cpf\xunwu\mapper\SubwayStationMapper.class]
[2020-01-23 23:22:13.662]  DEBUG org.mybatis.spring.mapper.ClassPathMapperScanner scanCandidateComponents  437 - Identified candidate component class: file [E:\IdeaWorkSpace\xunwu\build\classes\java\main\com\cpf\xunwu\mapper\SupportAddressMapper.class]
[2020-01-23 23:22:13.662]  DEBUG org.mybatis.spring.mapper.ClassPathMapperScanner scanCandidateComponents  437 - Identified candidate component class: file [E:\IdeaWorkSpace\xunwu\build\classes\java\main\com\cpf\xunwu\mapper\UserMapper.class]
[2020-01-23 23:22:13.663]  DEBUG org.mybatis.spring.mapper.ClassPathMapperScanner debug  49 - Creating MapperFactoryBean with name 'houseDetailMapper' and 'com.cpf.xunwu.mapper.HouseDetailMapper' mapperInterface
[2020-01-23 23:22:13.663]  DEBUG org.mybatis.spring.mapper.ClassPathMapperScanner debug  49 - Enabling autowire by type for MapperFactoryBean with name 'houseDetailMapper'.
[2020-01-23 23:22:13.663]  DEBUG org.mybatis.spring.mapper.ClassPathMapperScanner debug  49 - Creating MapperFactoryBean with name 'houseMapper' and 'com.cpf.xunwu.mapper.HouseMapper' mapperInterface
[2020-01-23 23:22:13.663]  DEBUG org.mybatis.spring.mapper.ClassPathMapperScanner debug  49 - Enabling autowire by type for MapperFactoryBean with name 'houseMapper'.
[2020-01-23 23:22:13.663]  DEBUG org.mybatis.spring.mapper.ClassPathMapperScanner debug  49 - Creating MapperFactoryBean with name 'housePictureMapper' and 'com.cpf.xunwu.mapper.HousePictureMapper' mapperInterface
[2020-01-23 23:22:13.664]  DEBUG org.mybatis.spring.mapper.ClassPathMapperScanner debug  49 - Enabling autowire by type for MapperFactoryBean with name 'housePictureMapper'.
[2020-01-23 23:22:13.664]  DEBUG org.mybatis.spring.mapper.ClassPathMapperScanner debug  49 - Creating MapperFactoryBean with name 'houseTagMapper' and 'com.cpf.xunwu.mapper.HouseTagMapper' mapperInterface
[2020-01-23 23:22:13.664]  DEBUG org.mybatis.spring.mapper.ClassPathMapperScanner debug  49 - Enabling autowire by type for MapperFactoryBean with name 'houseTagMapper'.
[2020-01-23 23:22:13.664]  DEBUG org.mybatis.spring.mapper.ClassPathMapperScanner debug  49 - Creating MapperFactoryBean with name 'roleMapper' and 'com.cpf.xunwu.mapper.RoleMapper' mapperInterface
[2020-01-23 23:22:13.664]  DEBUG org.mybatis.spring.mapper.ClassPathMapperScanner debug  49 - Enabling autowire by type for MapperFactoryBean with name 'roleMapper'.
[2020-01-23 23:22:13.664]  DEBUG org.mybatis.spring.mapper.ClassPathMapperScanner debug  49 - Creating MapperFactoryBean with name 'subwayMapper' and 'com.cpf.xunwu.mapper.SubwayMapper' mapperInterface
[2020-01-23 23:22:13.664]  DEBUG org.mybatis.spring.mapper.ClassPathMapperScanner debug  49 - Enabling autowire by type for MapperFactoryBean with name 'subwayMapper'.
[2020-01-23 23:22:13.665]  DEBUG org.mybatis.spring.mapper.ClassPathMapperScanner debug  49 - Creating MapperFactoryBean with name 'subwayStationMapper' and 'com.cpf.xunwu.mapper.SubwayStationMapper' mapperInterface
[2020-01-23 23:22:13.665]  DEBUG org.mybatis.spring.mapper.ClassPathMapperScanner debug  49 - Enabling autowire by type for MapperFactoryBean with name 'subwayStationMapper'.
[2020-01-23 23:22:13.665]  DEBUG org.mybatis.spring.mapper.ClassPathMapperScanner debug  49 - Creating MapperFactoryBean with name 'supportAddressMapper' and 'com.cpf.xunwu.mapper.SupportAddressMapper' mapperInterface
[2020-01-23 23:22:13.665]  DEBUG org.mybatis.spring.mapper.ClassPathMapperScanner debug  49 - Enabling autowire by type for MapperFactoryBean with name 'supportAddressMapper'.
[2020-01-23 23:22:13.665]  DEBUG org.mybatis.spring.mapper.ClassPathMapperScanner debug  49 - Creating MapperFactoryBean with name 'userMapper' and 'com.cpf.xunwu.mapper.UserMapper' mapperInterface
[2020-01-23 23:22:13.665]  DEBUG org.mybatis.spring.mapper.ClassPathMapperScanner debug  49 - Enabling autowire by type for MapperFactoryBean with name 'userMapper'.
[2020-01-23 23:27:16.622]  DEBUG org.apache.ibatis.logging.LogFactory setImplementation  105 - Logging initialized using 'class org.apache.ibatis.logging.slf4j.Slf4jImpl' adapter.
[2020-01-23 23:27:16.625]  DEBUG org.mybatis.spring.mapper.ClassPathMapperScanner scanCandidateComponents  437 - Identified candidate component class: file [E:\IdeaWorkSpace\xunwu\build\classes\java\main\com\cpf\xunwu\mapper\HouseDetailMapper.class]
[2020-01-23 23:27:16.625]  DEBUG org.mybatis.spring.mapper.ClassPathMapperScanner scanCandidateComponents  437 - Identified candidate component class: file [E:\IdeaWorkSpace\xunwu\build\classes\java\main\com\cpf\xunwu\mapper\HouseMapper.class]
[2020-01-23 23:27:16.625]  DEBUG org.mybatis.spring.mapper.ClassPathMapperScanner scanCandidateComponents  437 - Identified candidate component class: file [E:\IdeaWorkSpace\xunwu\build\classes\java\main\com\cpf\xunwu\mapper\HousePictureMapper.class]
[2020-01-23 23:27:16.625]  DEBUG org.mybatis.spring.mapper.ClassPathMapperScanner scanCandidateComponents  437 - Identified candidate component class: file [E:\IdeaWorkSpace\xunwu\build\classes\java\main\com\cpf\xunwu\mapper\HouseTagMapper.class]
[2020-01-23 23:27:16.625]  DEBUG org.mybatis.spring.mapper.ClassPathMapperScanner scanCandidateComponents  437 - Identified candidate component class: file [E:\IdeaWorkSpace\xunwu\build\classes\java\main\com\cpf\xunwu\mapper\RoleMapper.class]
[2020-01-23 23:27:16.626]  DEBUG org.mybatis.spring.mapper.ClassPathMapperScanner scanCandidateComponents  437 - Identified candidate component class: file [E:\IdeaWorkSpace\xunwu\build\classes\java\main\com\cpf\xunwu\mapper\SubwayMapper.class]
[2020-01-23 23:27:16.626]  DEBUG org.mybatis.spring.mapper.ClassPathMapperScanner scanCandidateComponents  437 - Identified candidate component class: file [E:\IdeaWorkSpace\xunwu\build\classes\java\main\com\cpf\xunwu\mapper\SubwayStationMapper.class]
[2020-01-23 23:27:16.626]  DEBUG org.mybatis.spring.mapper.ClassPathMapperScanner scanCandidateComponents  437 - Identified candidate component class: file [E:\IdeaWorkSpace\xunwu\build\classes\java\main\com\cpf\xunwu\mapper\SupportAddressMapper.class]
[2020-01-23 23:27:16.626]  DEBUG org.mybatis.spring.mapper.ClassPathMapperScanner scanCandidateComponents  437 - Identified candidate component class: file [E:\IdeaWorkSpace\xunwu\build\classes\java\main\com\cpf\xunwu\mapper\UserMapper.class]
[2020-01-23 23:27:16.627]  DEBUG org.mybatis.spring.mapper.ClassPathMapperScanner debug  49 - Creating MapperFactoryBean with name 'houseDetailMapper' and 'com.cpf.xunwu.mapper.HouseDetailMapper' mapperInterface
[2020-01-23 23:27:16.628]  DEBUG org.mybatis.spring.mapper.ClassPathMapperScanner debug  49 - Enabling autowire by type for MapperFactoryBean with name 'houseDetailMapper'.
[2020-01-23 23:27:16.628]  DEBUG org.mybatis.spring.mapper.ClassPathMapperScanner debug  49 - Creating MapperFactoryBean with name 'houseMapper' and 'com.cpf.xunwu.mapper.HouseMapper' mapperInterface
[2020-01-23 23:27:16.628]  DEBUG org.mybatis.spring.mapper.ClassPathMapperScanner debug  49 - Enabling autowire by type for MapperFactoryBean with name 'houseMapper'.
[2020-01-23 23:27:16.629]  DEBUG org.mybatis.spring.mapper.ClassPathMapperScanner debug  49 - Creating MapperFactoryBean with name 'housePictureMapper' and 'com.cpf.xunwu.mapper.HousePictureMapper' mapperInterface
[2020-01-23 23:27:16.629]  DEBUG org.mybatis.spring.mapper.ClassPathMapperScanner debug  49 - Enabling autowire by type for MapperFactoryBean with name 'housePictureMapper'.
[2020-01-23 23:27:16.629]  DEBUG org.mybatis.spring.mapper.ClassPathMapperScanner debug  49 - Creating MapperFactoryBean with name 'houseTagMapper' and 'com.cpf.xunwu.mapper.HouseTagMapper' mapperInterface
[2020-01-23 23:27:16.630]  DEBUG org.mybatis.spring.mapper.ClassPathMapperScanner debug  49 - Enabling autowire by type for MapperFactoryBean with name 'houseTagMapper'.
[2020-01-23 23:27:16.630]  DEBUG org.mybatis.spring.mapper.ClassPathMapperScanner debug  49 - Creating MapperFactoryBean with name 'roleMapper' and 'com.cpf.xunwu.mapper.RoleMapper' mapperInterface
[2020-01-23 23:27:16.630]  DEBUG org.mybatis.spring.mapper.ClassPathMapperScanner debug  49 - Enabling autowire by type for MapperFactoryBean with name 'roleMapper'.
[2020-01-23 23:27:16.630]  DEBUG org.mybatis.spring.mapper.ClassPathMapperScanner debug  49 - Creating MapperFactoryBean with name 'subwayMapper' and 'com.cpf.xunwu.mapper.SubwayMapper' mapperInterface
[2020-01-23 23:27:16.631]  DEBUG org.mybatis.spring.mapper.ClassPathMapperScanner debug  49 - Enabling autowire by type for MapperFactoryBean with name 'subwayMapper'.
[2020-01-23 23:27:16.631]  DEBUG org.mybatis.spring.mapper.ClassPathMapperScanner debug  49 - Creating MapperFactoryBean with name 'subwayStationMapper' and 'com.cpf.xunwu.mapper.SubwayStationMapper' mapperInterface
[2020-01-23 23:27:16.631]  DEBUG org.mybatis.spring.mapper.ClassPathMapperScanner debug  49 - Enabling autowire by type for MapperFactoryBean with name 'subwayStationMapper'.
[2020-01-23 23:27:16.631]  DEBUG org.mybatis.spring.mapper.ClassPathMapperScanner debug  49 - Creating MapperFactoryBean with name 'supportAddressMapper' and 'com.cpf.xunwu.mapper.SupportAddressMapper' mapperInterface
[2020-01-23 23:27:16.632]  DEBUG org.mybatis.spring.mapper.ClassPathMapperScanner debug  49 - Enabling autowire by type for MapperFactoryBean with name 'supportAddressMapper'.
[2020-01-23 23:27:16.632]  DEBUG org.mybatis.spring.mapper.ClassPathMapperScanner debug  49 - Creating MapperFactoryBean with name 'userMapper' and 'com.cpf.xunwu.mapper.UserMapper' mapperInterface
[2020-01-23 23:27:16.632]  DEBUG org.mybatis.spring.mapper.ClassPathMapperScanner debug  49 - Enabling autowire by type for MapperFactoryBean with name 'userMapper'.
[2020-01-23 23:27:21.377]  DEBUG org.mybatis.spring.mapper.ClassPathMapperScanner scanCandidateComponents  437 - Identified candidate component class: file [E:\IdeaWorkSpace\xunwu\build\classes\java\main\com\cpf\xunwu\mapper\HouseDetailMapper.class]
[2020-01-23 23:27:21.378]  DEBUG org.mybatis.spring.mapper.ClassPathMapperScanner scanCandidateComponents  437 - Identified candidate component class: file [E:\IdeaWorkSpace\xunwu\build\classes\java\main\com\cpf\xunwu\mapper\HouseMapper.class]
[2020-01-23 23:27:21.378]  DEBUG org.mybatis.spring.mapper.ClassPathMapperScanner scanCandidateComponents  437 - Identified candidate component class: file [E:\IdeaWorkSpace\xunwu\build\classes\java\main\com\cpf\xunwu\mapper\HousePictureMapper.class]
[2020-01-23 23:27:21.378]  DEBUG org.mybatis.spring.mapper.ClassPathMapperScanner scanCandidateComponents  437 - Identified candidate component class: file [E:\IdeaWorkSpace\xunwu\build\classes\java\main\com\cpf\xunwu\mapper\HouseTagMapper.class]
[2020-01-23 23:27:21.378]  DEBUG org.mybatis.spring.mapper.ClassPathMapperScanner scanCandidateComponents  437 - Identified candidate component class: file [E:\IdeaWorkSpace\xunwu\build\classes\java\main\com\cpf\xunwu\mapper\RoleMapper.class]
[2020-01-23 23:27:21.378]  DEBUG org.mybatis.spring.mapper.ClassPathMapperScanner scanCandidateComponents  437 - Identified candidate component class: file [E:\IdeaWorkSpace\xunwu\build\classes\java\main\com\cpf\xunwu\mapper\SubwayMapper.class]
[2020-01-23 23:27:21.378]  DEBUG org.mybatis.spring.mapper.ClassPathMapperScanner scanCandidateComponents  437 - Identified candidate component class: file [E:\IdeaWorkSpace\xunwu\build\classes\java\main\com\cpf\xunwu\mapper\SubwayStationMapper.class]
[2020-01-23 23:27:21.379]  DEBUG org.mybatis.spring.mapper.ClassPathMapperScanner scanCandidateComponents  437 - Identified candidate component class: file [E:\IdeaWorkSpace\xunwu\build\classes\java\main\com\cpf\xunwu\mapper\SupportAddressMapper.class]
[2020-01-23 23:27:21.379]  DEBUG org.mybatis.spring.mapper.ClassPathMapperScanner scanCandidateComponents  437 - Identified candidate component class: file [E:\IdeaWorkSpace\xunwu\build\classes\java\main\com\cpf\xunwu\mapper\UserMapper.class]
[2020-01-23 23:27:21.379]  DEBUG org.mybatis.spring.mapper.ClassPathMapperScanner debug  49 - Creating MapperFactoryBean with name 'houseDetailMapper' and 'com.cpf.xunwu.mapper.HouseDetailMapper' mapperInterface
[2020-01-23 23:27:21.379]  DEBUG org.mybatis.spring.mapper.ClassPathMapperScanner debug  49 - Enabling autowire by type for MapperFactoryBean with name 'houseDetailMapper'.
[2020-01-23 23:27:21.379]  DEBUG org.mybatis.spring.mapper.ClassPathMapperScanner debug  49 - Creating MapperFactoryBean with name 'houseMapper' and 'com.cpf.xunwu.mapper.HouseMapper' mapperInterface
[2020-01-23 23:27:21.379]  DEBUG org.mybatis.spring.mapper.ClassPathMapperScanner debug  49 - Enabling autowire by type for MapperFactoryBean with name 'houseMapper'.
[2020-01-23 23:27:21.379]  DEBUG org.mybatis.spring.mapper.ClassPathMapperScanner debug  49 - Creating MapperFactoryBean with name 'housePictureMapper' and 'com.cpf.xunwu.mapper.HousePictureMapper' mapperInterface
[2020-01-23 23:27:21.380]  DEBUG org.mybatis.spring.mapper.ClassPathMapperScanner debug  49 - Enabling autowire by type for MapperFactoryBean with name 'housePictureMapper'.
[2020-01-23 23:27:21.380]  DEBUG org.mybatis.spring.mapper.ClassPathMapperScanner debug  49 - Creating MapperFactoryBean with name 'houseTagMapper' and 'com.cpf.xunwu.mapper.HouseTagMapper' mapperInterface
[2020-01-23 23:27:21.380]  DEBUG org.mybatis.spring.mapper.ClassPathMapperScanner debug  49 - Enabling autowire by type for MapperFactoryBean with name 'houseTagMapper'.
[2020-01-23 23:27:21.380]  DEBUG org.mybatis.spring.mapper.ClassPathMapperScanner debug  49 - Creating MapperFactoryBean with name 'roleMapper' and 'com.cpf.xunwu.mapper.RoleMapper' mapperInterface
[2020-01-23 23:27:21.380]  DEBUG org.mybatis.spring.mapper.ClassPathMapperScanner debug  49 - Enabling autowire by type for MapperFactoryBean with name 'roleMapper'.
[2020-01-23 23:27:21.380]  DEBUG org.mybatis.spring.mapper.ClassPathMapperScanner debug  49 - Creating MapperFactoryBean with name 'subwayMapper' and 'com.cpf.xunwu.mapper.SubwayMapper' mapperInterface
[2020-01-23 23:27:21.380]  DEBUG org.mybatis.spring.mapper.ClassPathMapperScanner debug  49 - Enabling autowire by type for MapperFactoryBean with name 'subwayMapper'.
[2020-01-23 23:27:21.380]  DEBUG org.mybatis.spring.mapper.ClassPathMapperScanner debug  49 - Creating MapperFactoryBean with name 'subwayStationMapper' and 'com.cpf.xunwu.mapper.SubwayStationMapper' mapperInterface
[2020-01-23 23:27:21.380]  DEBUG org.mybatis.spring.mapper.ClassPathMapperScanner debug  49 - Enabling autowire by type for MapperFactoryBean with name 'subwayStationMapper'.
[2020-01-23 23:27:21.381]  DEBUG org.mybatis.spring.mapper.ClassPathMapperScanner debug  49 - Creating MapperFactoryBean with name 'supportAddressMapper' and 'com.cpf.xunwu.mapper.SupportAddressMapper' mapperInterface
[2020-01-23 23:27:21.381]  DEBUG org.mybatis.spring.mapper.ClassPathMapperScanner debug  49 - Enabling autowire by type for MapperFactoryBean with name 'supportAddressMapper'.
[2020-01-23 23:27:21.381]  DEBUG org.mybatis.spring.mapper.ClassPathMapperScanner debug  49 - Creating MapperFactoryBean with name 'userMapper' and 'com.cpf.xunwu.mapper.UserMapper' mapperInterface
[2020-01-23 23:27:21.381]  DEBUG org.mybatis.spring.mapper.ClassPathMapperScanner debug  49 - Enabling autowire by type for MapperFactoryBean with name 'userMapper'.
