[2020-01-23 20:12:27.973]  INFO  com.cpf.xunwu.XunwuApplication logStarting  55 - Starting XunwuApplication on LAPTOP-JAR91L5C with PID 5872 (E:\IdeaWorkSpace\xunwu\build\classes\java\main started by littleFairy in E:\IdeaWorkSpace\xunwu)
[2020-01-23 20:12:27.989]  INFO  com.cpf.xunwu.XunwuApplication logStartupProfileInfo  655 - The following profiles are active: dev
[2020-01-23 20:12:28.020]  INFO  org.springframework.boot.devtools.restart.ChangeableUrls logTo  225 - The Class-Path manifest attribute in C:\Users\littleFairy\.gradle\caches\modules-2\files-2.1\org.glassfish.jaxb\jaxb-runtime\2.3.2\5528bc882ea499a09d720b42af11785c4fc6be2a\jaxb-runtime-2.3.2.jar referenced one or more files that do not exist: file:/C:/Users/littleFairy/.gradle/caches/modules-2/files-2.1/org.glassfish.jaxb/jaxb-runtime/2.3.2/5528bc882ea499a09d720b42af11785c4fc6be2a/jakarta.xml.bind-api-2.3.2.jar,file:/C:/Users/littleFairy/.gradle/caches/modules-2/files-2.1/org.glassfish.jaxb/jaxb-runtime/2.3.2/5528bc882ea499a09d720b42af11785c4fc6be2a/txw2-2.3.2.jar,file:/C:/Users/littleFairy/.gradle/caches/modules-2/files-2.1/org.glassfish.jaxb/jaxb-runtime/2.3.2/5528bc882ea499a09d720b42af11785c4fc6be2a/istack-commons-runtime-3.0.8.jar,file:/C:/Users/littleFairy/.gradle/caches/modules-2/files-2.1/org.glassfish.jaxb/jaxb-runtime/2.3.2/5528bc882ea499a09d720b42af11785c4fc6be2a/stax-ex-1.8.1.jar,file:/C:/Users/littleFairy/.gradle/caches/modules-2/files-2.1/org.glassfish.jaxb/jaxb-runtime/2.3.2/5528bc882ea499a09d720b42af11785c4fc6be2a/FastInfoset-1.2.16.jar,file:/C:/Users/littleFairy/.gradle/caches/modules-2/files-2.1/org.glassfish.jaxb/jaxb-runtime/2.3.2/5528bc882ea499a09d720b42af11785c4fc6be2a/jakarta.activation-api-1.2.1.jar
[2020-01-23 20:12:28.020]  INFO  org.springframework.boot.devtools.env.DevToolsPropertyDefaultsPostProcessor logTo  225 - Devtools property defaults active! Set 'spring.devtools.add-properties' to 'false' to disable
[2020-01-23 20:12:28.020]  INFO  org.springframework.boot.devtools.env.DevToolsPropertyDefaultsPostProcessor logTo  225 - For additional web related logging consider setting the 'logging.level.web' property to 'DEBUG'
[2020-01-23 20:12:29.092]  INFO  org.springframework.boot.web.embedded.tomcat.TomcatWebServer initialize  92 - Tomcat initialized with port(s): 12000 (http)
[2020-01-23 20:12:29.092]  INFO  org.apache.coyote.http11.Http11NioProtocol log  173 - Initializing ProtocolHandler ["http-nio-12000"]
[2020-01-23 20:12:29.092]  INFO  org.apache.catalina.core.StandardService log  173 - Starting service [Tomcat]
[2020-01-23 20:12:29.092]  INFO  org.apache.catalina.core.StandardEngine log  173 - Starting Servlet engine: [Apache Tomcat/9.0.29]
[2020-01-23 20:12:29.268]  INFO  org.apache.catalina.core.ContainerBase.[Tomcat].[localhost].[/] log  173 - Initializing Spring embedded WebApplicationContext
[2020-01-23 20:12:29.268]  INFO  org.springframework.web.context.ContextLoader prepareWebApplicationContext  284 - Root WebApplicationContext: initialization completed in 1248 ms
[2020-01-23 20:12:30.480]  INFO  org.springframework.scheduling.concurrent.ThreadPoolTaskExecutor initialize  171 - Initializing ExecutorService 'applicationTaskExecutor'
[2020-01-23 20:12:30.526]  INFO  org.springframework.boot.autoconfigure.web.servlet.WelcomePageHandlerMapping <init>  58 - Adding welcome page template: index
[2020-01-23 20:12:30.636]  INFO  o.s.boot.autoconfigure.security.servlet.UserDetailsServiceAutoConfiguration getOrDeducePassword  86 - 

Using generated security password: 93c208e2-e886-46c9-9617-dbdfaacbe146

[2020-01-23 20:12:30.714]  INFO  org.springframework.security.web.DefaultSecurityFilterChain <init>  43 - Creating filter chain: any request, [org.springframework.security.web.context.request.async.WebAsyncManagerIntegrationFilter@39514f99, org.springframework.security.web.context.SecurityContextPersistenceFilter@76696884, org.springframework.security.web.header.HeaderWriterFilter@6741f9ad, org.springframework.security.web.csrf.CsrfFilter@45867ab9, org.springframework.security.web.authentication.logout.LogoutFilter@925c5e4, org.springframework.security.web.authentication.UsernamePasswordAuthenticationFilter@393a312a, org.springframework.security.web.authentication.ui.DefaultLoginPageGeneratingFilter@3fd10e3d, org.springframework.security.web.authentication.ui.DefaultLogoutPageGeneratingFilter@5cf03fa7, org.springframework.security.web.authentication.www.BasicAuthenticationFilter@5c6ac96e, org.springframework.security.web.savedrequest.RequestCacheAwareFilter@228bc958, org.springframework.security.web.servletapi.SecurityContextHolderAwareRequestFilter@127e0470, org.springframework.security.web.authentication.AnonymousAuthenticationFilter@6f47ae74, org.springframework.security.web.session.SessionManagementFilter@3e1b1ff1, org.springframework.security.web.access.ExceptionTranslationFilter@711aa81d, org.springframework.security.web.access.intercept.FilterSecurityInterceptor@76498583]
[2020-01-23 20:12:30.745]  INFO  org.springframework.boot.devtools.autoconfigure.OptionalLiveReloadServer startServer  58 - LiveReload server is running on port 35729
[2020-01-23 20:12:30.776]  INFO  org.apache.coyote.http11.Http11NioProtocol log  173 - Starting ProtocolHandler ["http-nio-12000"]
[2020-01-23 20:12:30.792]  INFO  org.springframework.boot.web.embedded.tomcat.TomcatWebServer start  204 - Tomcat started on port(s): 12000 (http) with context path ''
[2020-01-23 20:12:30.792]  INFO  com.cpf.xunwu.XunwuApplication logStarted  61 - Started XunwuApplication in 3.146 seconds (JVM running for 4.657)
[2020-01-23 20:12:46.913]  INFO  org.apache.catalina.core.ContainerBase.[Tomcat].[localhost].[/] log  173 - Initializing Spring DispatcherServlet 'dispatcherServlet'
[2020-01-23 20:12:46.913]  INFO  org.springframework.web.servlet.DispatcherServlet initServletBean  525 - Initializing Servlet 'dispatcherServlet'
[2020-01-23 20:12:46.918]  INFO  org.springframework.web.servlet.DispatcherServlet initServletBean  547 - Completed initialization in 4 ms
