[2020-01-26 00:00:49.853]  DEBUG org.apache.ibatis.logging.LogFactory setImplementation  105 - Logging initialized using 'class org.apache.ibatis.logging.slf4j.Slf4jImpl' adapter.
[2020-01-26 00:00:49.856]  DEBUG org.mybatis.spring.mapper.ClassPathMapperScanner scanCandidateComponents  437 - Identified candidate component class: file [E:\IdeaWorkSpace\xunwu\build\classes\java\main\com\cpf\xunwu\mapper\HouseDetailMapper.class]
[2020-01-26 00:00:49.856]  DEBUG org.mybatis.spring.mapper.ClassPathMapperScanner scanCandidateComponents  437 - Identified candidate component class: file [E:\IdeaWorkSpace\xunwu\build\classes\java\main\com\cpf\xunwu\mapper\HouseMapper.class]
[2020-01-26 00:00:49.856]  DEBUG org.mybatis.spring.mapper.ClassPathMapperScanner scanCandidateComponents  437 - Identified candidate component class: file [E:\IdeaWorkSpace\xunwu\build\classes\java\main\com\cpf\xunwu\mapper\HousePictureMapper.class]
[2020-01-26 00:00:49.857]  DEBUG org.mybatis.spring.mapper.ClassPathMapperScanner scanCandidateComponents  437 - Identified candidate component class: file [E:\IdeaWorkSpace\xunwu\build\classes\java\main\com\cpf\xunwu\mapper\HouseTagMapper.class]
[2020-01-26 00:00:49.857]  DEBUG org.mybatis.spring.mapper.ClassPathMapperScanner scanCandidateComponents  437 - Identified candidate component class: file [E:\IdeaWorkSpace\xunwu\build\classes\java\main\com\cpf\xunwu\mapper\RoleMapper.class]
[2020-01-26 00:00:49.857]  DEBUG org.mybatis.spring.mapper.ClassPathMapperScanner scanCandidateComponents  437 - Identified candidate component class: file [E:\IdeaWorkSpace\xunwu\build\classes\java\main\com\cpf\xunwu\mapper\SubwayMapper.class]
[2020-01-26 00:00:49.857]  DEBUG org.mybatis.spring.mapper.ClassPathMapperScanner scanCandidateComponents  437 - Identified candidate component class: file [E:\IdeaWorkSpace\xunwu\build\classes\java\main\com\cpf\xunwu\mapper\SubwayStationMapper.class]
[2020-01-26 00:00:49.858]  DEBUG org.mybatis.spring.mapper.ClassPathMapperScanner scanCandidateComponents  437 - Identified candidate component class: file [E:\IdeaWorkSpace\xunwu\build\classes\java\main\com\cpf\xunwu\mapper\SupportAddressMapper.class]
[2020-01-26 00:00:49.858]  DEBUG org.mybatis.spring.mapper.ClassPathMapperScanner scanCandidateComponents  437 - Identified candidate component class: file [E:\IdeaWorkSpace\xunwu\build\classes\java\main\com\cpf\xunwu\mapper\UserMapper.class]
[2020-01-26 00:00:49.858]  DEBUG org.mybatis.spring.mapper.ClassPathMapperScanner debug  49 - Creating MapperFactoryBean with name 'houseDetailMapper' and 'com.cpf.xunwu.mapper.HouseDetailMapper' mapperInterface
[2020-01-26 00:00:49.859]  DEBUG org.mybatis.spring.mapper.ClassPathMapperScanner debug  49 - Enabling autowire by type for MapperFactoryBean with name 'houseDetailMapper'.
[2020-01-26 00:00:49.859]  DEBUG org.mybatis.spring.mapper.ClassPathMapperScanner debug  49 - Creating MapperFactoryBean with name 'houseMapper' and 'com.cpf.xunwu.mapper.HouseMapper' mapperInterface
[2020-01-26 00:00:49.859]  DEBUG org.mybatis.spring.mapper.ClassPathMapperScanner debug  49 - Enabling autowire by type for MapperFactoryBean with name 'houseMapper'.
[2020-01-26 00:00:49.859]  DEBUG org.mybatis.spring.mapper.ClassPathMapperScanner debug  49 - Creating MapperFactoryBean with name 'housePictureMapper' and 'com.cpf.xunwu.mapper.HousePictureMapper' mapperInterface
[2020-01-26 00:00:49.859]  DEBUG org.mybatis.spring.mapper.ClassPathMapperScanner debug  49 - Enabling autowire by type for MapperFactoryBean with name 'housePictureMapper'.
[2020-01-26 00:00:49.859]  DEBUG org.mybatis.spring.mapper.ClassPathMapperScanner debug  49 - Creating MapperFactoryBean with name 'houseTagMapper' and 'com.cpf.xunwu.mapper.HouseTagMapper' mapperInterface
[2020-01-26 00:00:49.860]  DEBUG org.mybatis.spring.mapper.ClassPathMapperScanner debug  49 - Enabling autowire by type for MapperFactoryBean with name 'houseTagMapper'.
[2020-01-26 00:00:49.860]  DEBUG org.mybatis.spring.mapper.ClassPathMapperScanner debug  49 - Creating MapperFactoryBean with name 'roleMapper' and 'com.cpf.xunwu.mapper.RoleMapper' mapperInterface
[2020-01-26 00:00:49.860]  DEBUG org.mybatis.spring.mapper.ClassPathMapperScanner debug  49 - Enabling autowire by type for MapperFactoryBean with name 'roleMapper'.
[2020-01-26 00:00:49.860]  DEBUG org.mybatis.spring.mapper.ClassPathMapperScanner debug  49 - Creating MapperFactoryBean with name 'subwayMapper' and 'com.cpf.xunwu.mapper.SubwayMapper' mapperInterface
[2020-01-26 00:00:49.860]  DEBUG org.mybatis.spring.mapper.ClassPathMapperScanner debug  49 - Enabling autowire by type for MapperFactoryBean with name 'subwayMapper'.
[2020-01-26 00:00:49.860]  DEBUG org.mybatis.spring.mapper.ClassPathMapperScanner debug  49 - Creating MapperFactoryBean with name 'subwayStationMapper' and 'com.cpf.xunwu.mapper.SubwayStationMapper' mapperInterface
[2020-01-26 00:00:49.860]  DEBUG org.mybatis.spring.mapper.ClassPathMapperScanner debug  49 - Enabling autowire by type for MapperFactoryBean with name 'subwayStationMapper'.
[2020-01-26 00:00:49.860]  DEBUG org.mybatis.spring.mapper.ClassPathMapperScanner debug  49 - Creating MapperFactoryBean with name 'supportAddressMapper' and 'com.cpf.xunwu.mapper.SupportAddressMapper' mapperInterface
[2020-01-26 00:00:49.860]  DEBUG org.mybatis.spring.mapper.ClassPathMapperScanner debug  49 - Enabling autowire by type for MapperFactoryBean with name 'supportAddressMapper'.
[2020-01-26 00:00:49.860]  DEBUG org.mybatis.spring.mapper.ClassPathMapperScanner debug  49 - Creating MapperFactoryBean with name 'userMapper' and 'com.cpf.xunwu.mapper.UserMapper' mapperInterface
[2020-01-26 00:00:49.861]  DEBUG org.mybatis.spring.mapper.ClassPathMapperScanner debug  49 - Enabling autowire by type for MapperFactoryBean with name 'userMapper'.
[2020-01-26 00:02:53.737]  DEBUG org.mybatis.spring.mapper.ClassPathMapperScanner scanCandidateComponents  437 - Identified candidate component class: file [E:\IdeaWorkSpace\xunwu\build\classes\java\main\com\cpf\xunwu\mapper\HouseDetailMapper.class]
[2020-01-26 00:02:53.737]  DEBUG org.mybatis.spring.mapper.ClassPathMapperScanner scanCandidateComponents  437 - Identified candidate component class: file [E:\IdeaWorkSpace\xunwu\build\classes\java\main\com\cpf\xunwu\mapper\HouseMapper.class]
[2020-01-26 00:02:53.737]  DEBUG org.mybatis.spring.mapper.ClassPathMapperScanner scanCandidateComponents  437 - Identified candidate component class: file [E:\IdeaWorkSpace\xunwu\build\classes\java\main\com\cpf\xunwu\mapper\HousePictureMapper.class]
[2020-01-26 00:02:53.737]  DEBUG org.mybatis.spring.mapper.ClassPathMapperScanner scanCandidateComponents  437 - Identified candidate component class: file [E:\IdeaWorkSpace\xunwu\build\classes\java\main\com\cpf\xunwu\mapper\HouseTagMapper.class]
[2020-01-26 00:02:53.737]  DEBUG org.mybatis.spring.mapper.ClassPathMapperScanner scanCandidateComponents  437 - Identified candidate component class: file [E:\IdeaWorkSpace\xunwu\build\classes\java\main\com\cpf\xunwu\mapper\RoleMapper.class]
[2020-01-26 00:02:53.737]  DEBUG org.mybatis.spring.mapper.ClassPathMapperScanner scanCandidateComponents  437 - Identified candidate component class: file [E:\IdeaWorkSpace\xunwu\build\classes\java\main\com\cpf\xunwu\mapper\SubwayMapper.class]
[2020-01-26 00:02:53.737]  DEBUG org.mybatis.spring.mapper.ClassPathMapperScanner scanCandidateComponents  437 - Identified candidate component class: file [E:\IdeaWorkSpace\xunwu\build\classes\java\main\com\cpf\xunwu\mapper\SubwayStationMapper.class]
[2020-01-26 00:02:53.737]  DEBUG org.mybatis.spring.mapper.ClassPathMapperScanner scanCandidateComponents  437 - Identified candidate component class: file [E:\IdeaWorkSpace\xunwu\build\classes\java\main\com\cpf\xunwu\mapper\SupportAddressMapper.class]
[2020-01-26 00:02:53.737]  DEBUG org.mybatis.spring.mapper.ClassPathMapperScanner scanCandidateComponents  437 - Identified candidate component class: file [E:\IdeaWorkSpace\xunwu\build\classes\java\main\com\cpf\xunwu\mapper\UserMapper.class]
[2020-01-26 00:02:53.738]  DEBUG org.mybatis.spring.mapper.ClassPathMapperScanner debug  49 - Creating MapperFactoryBean with name 'houseDetailMapper' and 'com.cpf.xunwu.mapper.HouseDetailMapper' mapperInterface
[2020-01-26 00:02:53.738]  DEBUG org.mybatis.spring.mapper.ClassPathMapperScanner debug  49 - Enabling autowire by type for MapperFactoryBean with name 'houseDetailMapper'.
[2020-01-26 00:02:53.738]  DEBUG org.mybatis.spring.mapper.ClassPathMapperScanner debug  49 - Creating MapperFactoryBean with name 'houseMapper' and 'com.cpf.xunwu.mapper.HouseMapper' mapperInterface
[2020-01-26 00:02:53.738]  DEBUG org.mybatis.spring.mapper.ClassPathMapperScanner debug  49 - Enabling autowire by type for MapperFactoryBean with name 'houseMapper'.
[2020-01-26 00:02:53.738]  DEBUG org.mybatis.spring.mapper.ClassPathMapperScanner debug  49 - Creating MapperFactoryBean with name 'housePictureMapper' and 'com.cpf.xunwu.mapper.HousePictureMapper' mapperInterface
[2020-01-26 00:02:53.738]  DEBUG org.mybatis.spring.mapper.ClassPathMapperScanner debug  49 - Enabling autowire by type for MapperFactoryBean with name 'housePictureMapper'.
[2020-01-26 00:02:53.738]  DEBUG org.mybatis.spring.mapper.ClassPathMapperScanner debug  49 - Creating MapperFactoryBean with name 'houseTagMapper' and 'com.cpf.xunwu.mapper.HouseTagMapper' mapperInterface
[2020-01-26 00:02:53.739]  DEBUG org.mybatis.spring.mapper.ClassPathMapperScanner debug  49 - Enabling autowire by type for MapperFactoryBean with name 'houseTagMapper'.
[2020-01-26 00:02:53.739]  DEBUG org.mybatis.spring.mapper.ClassPathMapperScanner debug  49 - Creating MapperFactoryBean with name 'roleMapper' and 'com.cpf.xunwu.mapper.RoleMapper' mapperInterface
[2020-01-26 00:02:53.739]  DEBUG org.mybatis.spring.mapper.ClassPathMapperScanner debug  49 - Enabling autowire by type for MapperFactoryBean with name 'roleMapper'.
[2020-01-26 00:02:53.739]  DEBUG org.mybatis.spring.mapper.ClassPathMapperScanner debug  49 - Creating MapperFactoryBean with name 'subwayMapper' and 'com.cpf.xunwu.mapper.SubwayMapper' mapperInterface
[2020-01-26 00:02:53.739]  DEBUG org.mybatis.spring.mapper.ClassPathMapperScanner debug  49 - Enabling autowire by type for MapperFactoryBean with name 'subwayMapper'.
[2020-01-26 00:02:53.739]  DEBUG org.mybatis.spring.mapper.ClassPathMapperScanner debug  49 - Creating MapperFactoryBean with name 'subwayStationMapper' and 'com.cpf.xunwu.mapper.SubwayStationMapper' mapperInterface
[2020-01-26 00:02:53.739]  DEBUG org.mybatis.spring.mapper.ClassPathMapperScanner debug  49 - Enabling autowire by type for MapperFactoryBean with name 'subwayStationMapper'.
[2020-01-26 00:02:53.739]  DEBUG org.mybatis.spring.mapper.ClassPathMapperScanner debug  49 - Creating MapperFactoryBean with name 'supportAddressMapper' and 'com.cpf.xunwu.mapper.SupportAddressMapper' mapperInterface
[2020-01-26 00:02:53.739]  DEBUG org.mybatis.spring.mapper.ClassPathMapperScanner debug  49 - Enabling autowire by type for MapperFactoryBean with name 'supportAddressMapper'.
[2020-01-26 00:02:53.739]  DEBUG org.mybatis.spring.mapper.ClassPathMapperScanner debug  49 - Creating MapperFactoryBean with name 'userMapper' and 'com.cpf.xunwu.mapper.UserMapper' mapperInterface
[2020-01-26 00:02:53.740]  DEBUG org.mybatis.spring.mapper.ClassPathMapperScanner debug  49 - Enabling autowire by type for MapperFactoryBean with name 'userMapper'.
[2020-01-26 00:04:49.685]  DEBUG org.apache.ibatis.logging.LogFactory setImplementation  105 - Logging initialized using 'class org.apache.ibatis.logging.slf4j.Slf4jImpl' adapter.
[2020-01-26 00:04:49.687]  DEBUG org.mybatis.spring.mapper.ClassPathMapperScanner scanCandidateComponents  437 - Identified candidate component class: file [E:\IdeaWorkSpace\xunwu\build\classes\java\main\com\cpf\xunwu\mapper\HouseDetailMapper.class]
[2020-01-26 00:04:49.687]  DEBUG org.mybatis.spring.mapper.ClassPathMapperScanner scanCandidateComponents  437 - Identified candidate component class: file [E:\IdeaWorkSpace\xunwu\build\classes\java\main\com\cpf\xunwu\mapper\HouseMapper.class]
[2020-01-26 00:04:49.687]  DEBUG org.mybatis.spring.mapper.ClassPathMapperScanner scanCandidateComponents  437 - Identified candidate component class: file [E:\IdeaWorkSpace\xunwu\build\classes\java\main\com\cpf\xunwu\mapper\HousePictureMapper.class]
[2020-01-26 00:04:49.687]  DEBUG org.mybatis.spring.mapper.ClassPathMapperScanner scanCandidateComponents  437 - Identified candidate component class: file [E:\IdeaWorkSpace\xunwu\build\classes\java\main\com\cpf\xunwu\mapper\HouseTagMapper.class]
[2020-01-26 00:04:49.688]  DEBUG org.mybatis.spring.mapper.ClassPathMapperScanner scanCandidateComponents  437 - Identified candidate component class: file [E:\IdeaWorkSpace\xunwu\build\classes\java\main\com\cpf\xunwu\mapper\RoleMapper.class]
[2020-01-26 00:04:49.688]  DEBUG org.mybatis.spring.mapper.ClassPathMapperScanner scanCandidateComponents  437 - Identified candidate component class: file [E:\IdeaWorkSpace\xunwu\build\classes\java\main\com\cpf\xunwu\mapper\SubwayMapper.class]
[2020-01-26 00:04:49.688]  DEBUG org.mybatis.spring.mapper.ClassPathMapperScanner scanCandidateComponents  437 - Identified candidate component class: file [E:\IdeaWorkSpace\xunwu\build\classes\java\main\com\cpf\xunwu\mapper\SubwayStationMapper.class]
[2020-01-26 00:04:49.688]  DEBUG org.mybatis.spring.mapper.ClassPathMapperScanner scanCandidateComponents  437 - Identified candidate component class: file [E:\IdeaWorkSpace\xunwu\build\classes\java\main\com\cpf\xunwu\mapper\SupportAddressMapper.class]
[2020-01-26 00:04:49.688]  DEBUG org.mybatis.spring.mapper.ClassPathMapperScanner scanCandidateComponents  437 - Identified candidate component class: file [E:\IdeaWorkSpace\xunwu\build\classes\java\main\com\cpf\xunwu\mapper\UserMapper.class]
[2020-01-26 00:04:49.689]  DEBUG org.mybatis.spring.mapper.ClassPathMapperScanner debug  49 - Creating MapperFactoryBean with name 'houseDetailMapper' and 'com.cpf.xunwu.mapper.HouseDetailMapper' mapperInterface
[2020-01-26 00:04:49.689]  DEBUG org.mybatis.spring.mapper.ClassPathMapperScanner debug  49 - Enabling autowire by type for MapperFactoryBean with name 'houseDetailMapper'.
[2020-01-26 00:04:49.689]  DEBUG org.mybatis.spring.mapper.ClassPathMapperScanner debug  49 - Creating MapperFactoryBean with name 'houseMapper' and 'com.cpf.xunwu.mapper.HouseMapper' mapperInterface
[2020-01-26 00:04:49.689]  DEBUG org.mybatis.spring.mapper.ClassPathMapperScanner debug  49 - Enabling autowire by type for MapperFactoryBean with name 'houseMapper'.
[2020-01-26 00:04:49.689]  DEBUG org.mybatis.spring.mapper.ClassPathMapperScanner debug  49 - Creating MapperFactoryBean with name 'housePictureMapper' and 'com.cpf.xunwu.mapper.HousePictureMapper' mapperInterface
[2020-01-26 00:04:49.690]  DEBUG org.mybatis.spring.mapper.ClassPathMapperScanner debug  49 - Enabling autowire by type for MapperFactoryBean with name 'housePictureMapper'.
[2020-01-26 00:04:49.690]  DEBUG org.mybatis.spring.mapper.ClassPathMapperScanner debug  49 - Creating MapperFactoryBean with name 'houseTagMapper' and 'com.cpf.xunwu.mapper.HouseTagMapper' mapperInterface
[2020-01-26 00:04:49.690]  DEBUG org.mybatis.spring.mapper.ClassPathMapperScanner debug  49 - Enabling autowire by type for MapperFactoryBean with name 'houseTagMapper'.
[2020-01-26 00:04:49.690]  DEBUG org.mybatis.spring.mapper.ClassPathMapperScanner debug  49 - Creating MapperFactoryBean with name 'roleMapper' and 'com.cpf.xunwu.mapper.RoleMapper' mapperInterface
[2020-01-26 00:04:49.690]  DEBUG org.mybatis.spring.mapper.ClassPathMapperScanner debug  49 - Enabling autowire by type for MapperFactoryBean with name 'roleMapper'.
[2020-01-26 00:04:49.690]  DEBUG org.mybatis.spring.mapper.ClassPathMapperScanner debug  49 - Creating MapperFactoryBean with name 'subwayMapper' and 'com.cpf.xunwu.mapper.SubwayMapper' mapperInterface
[2020-01-26 00:04:49.690]  DEBUG org.mybatis.spring.mapper.ClassPathMapperScanner debug  49 - Enabling autowire by type for MapperFactoryBean with name 'subwayMapper'.
[2020-01-26 00:04:49.690]  DEBUG org.mybatis.spring.mapper.ClassPathMapperScanner debug  49 - Creating MapperFactoryBean with name 'subwayStationMapper' and 'com.cpf.xunwu.mapper.SubwayStationMapper' mapperInterface
[2020-01-26 00:04:49.690]  DEBUG org.mybatis.spring.mapper.ClassPathMapperScanner debug  49 - Enabling autowire by type for MapperFactoryBean with name 'subwayStationMapper'.
[2020-01-26 00:04:49.690]  DEBUG org.mybatis.spring.mapper.ClassPathMapperScanner debug  49 - Creating MapperFactoryBean with name 'supportAddressMapper' and 'com.cpf.xunwu.mapper.SupportAddressMapper' mapperInterface
[2020-01-26 00:04:49.691]  DEBUG org.mybatis.spring.mapper.ClassPathMapperScanner debug  49 - Enabling autowire by type for MapperFactoryBean with name 'supportAddressMapper'.
[2020-01-26 00:04:49.691]  DEBUG org.mybatis.spring.mapper.ClassPathMapperScanner debug  49 - Creating MapperFactoryBean with name 'userMapper' and 'com.cpf.xunwu.mapper.UserMapper' mapperInterface
[2020-01-26 00:04:49.691]  DEBUG org.mybatis.spring.mapper.ClassPathMapperScanner debug  49 - Enabling autowire by type for MapperFactoryBean with name 'userMapper'.
[2020-01-26 00:04:54.739]  DEBUG org.mybatis.spring.mapper.ClassPathMapperScanner scanCandidateComponents  437 - Identified candidate component class: file [E:\IdeaWorkSpace\xunwu\build\classes\java\main\com\cpf\xunwu\mapper\HouseDetailMapper.class]
[2020-01-26 00:04:54.739]  DEBUG org.mybatis.spring.mapper.ClassPathMapperScanner scanCandidateComponents  437 - Identified candidate component class: file [E:\IdeaWorkSpace\xunwu\build\classes\java\main\com\cpf\xunwu\mapper\HouseMapper.class]
[2020-01-26 00:04:54.739]  DEBUG org.mybatis.spring.mapper.ClassPathMapperScanner scanCandidateComponents  437 - Identified candidate component class: file [E:\IdeaWorkSpace\xunwu\build\classes\java\main\com\cpf\xunwu\mapper\HousePictureMapper.class]
[2020-01-26 00:04:54.740]  DEBUG org.mybatis.spring.mapper.ClassPathMapperScanner scanCandidateComponents  437 - Identified candidate component class: file [E:\IdeaWorkSpace\xunwu\build\classes\java\main\com\cpf\xunwu\mapper\HouseTagMapper.class]
[2020-01-26 00:04:54.740]  DEBUG org.mybatis.spring.mapper.ClassPathMapperScanner scanCandidateComponents  437 - Identified candidate component class: file [E:\IdeaWorkSpace\xunwu\build\classes\java\main\com\cpf\xunwu\mapper\RoleMapper.class]
[2020-01-26 00:04:54.740]  DEBUG org.mybatis.spring.mapper.ClassPathMapperScanner scanCandidateComponents  437 - Identified candidate component class: file [E:\IdeaWorkSpace\xunwu\build\classes\java\main\com\cpf\xunwu\mapper\SubwayMapper.class]
[2020-01-26 00:04:54.740]  DEBUG org.mybatis.spring.mapper.ClassPathMapperScanner scanCandidateComponents  437 - Identified candidate component class: file [E:\IdeaWorkSpace\xunwu\build\classes\java\main\com\cpf\xunwu\mapper\SubwayStationMapper.class]
[2020-01-26 00:04:54.741]  DEBUG org.mybatis.spring.mapper.ClassPathMapperScanner scanCandidateComponents  437 - Identified candidate component class: file [E:\IdeaWorkSpace\xunwu\build\classes\java\main\com\cpf\xunwu\mapper\SupportAddressMapper.class]
[2020-01-26 00:04:54.741]  DEBUG org.mybatis.spring.mapper.ClassPathMapperScanner scanCandidateComponents  437 - Identified candidate component class: file [E:\IdeaWorkSpace\xunwu\build\classes\java\main\com\cpf\xunwu\mapper\UserMapper.class]
[2020-01-26 00:04:54.742]  DEBUG org.mybatis.spring.mapper.ClassPathMapperScanner debug  49 - Creating MapperFactoryBean with name 'houseDetailMapper' and 'com.cpf.xunwu.mapper.HouseDetailMapper' mapperInterface
[2020-01-26 00:04:54.742]  DEBUG org.mybatis.spring.mapper.ClassPathMapperScanner debug  49 - Enabling autowire by type for MapperFactoryBean with name 'houseDetailMapper'.
[2020-01-26 00:04:54.742]  DEBUG org.mybatis.spring.mapper.ClassPathMapperScanner debug  49 - Creating MapperFactoryBean with name 'houseMapper' and 'com.cpf.xunwu.mapper.HouseMapper' mapperInterface
[2020-01-26 00:04:54.742]  DEBUG org.mybatis.spring.mapper.ClassPathMapperScanner debug  49 - Enabling autowire by type for MapperFactoryBean with name 'houseMapper'.
[2020-01-26 00:04:54.743]  DEBUG org.mybatis.spring.mapper.ClassPathMapperScanner debug  49 - Creating MapperFactoryBean with name 'housePictureMapper' and 'com.cpf.xunwu.mapper.HousePictureMapper' mapperInterface
[2020-01-26 00:04:54.743]  DEBUG org.mybatis.spring.mapper.ClassPathMapperScanner debug  49 - Enabling autowire by type for MapperFactoryBean with name 'housePictureMapper'.
[2020-01-26 00:04:54.743]  DEBUG org.mybatis.spring.mapper.ClassPathMapperScanner debug  49 - Creating MapperFactoryBean with name 'houseTagMapper' and 'com.cpf.xunwu.mapper.HouseTagMapper' mapperInterface
[2020-01-26 00:04:54.744]  DEBUG org.mybatis.spring.mapper.ClassPathMapperScanner debug  49 - Enabling autowire by type for MapperFactoryBean with name 'houseTagMapper'.
[2020-01-26 00:04:54.744]  DEBUG org.mybatis.spring.mapper.ClassPathMapperScanner debug  49 - Creating MapperFactoryBean with name 'roleMapper' and 'com.cpf.xunwu.mapper.RoleMapper' mapperInterface
[2020-01-26 00:04:54.744]  DEBUG org.mybatis.spring.mapper.ClassPathMapperScanner debug  49 - Enabling autowire by type for MapperFactoryBean with name 'roleMapper'.
[2020-01-26 00:04:54.745]  DEBUG org.mybatis.spring.mapper.ClassPathMapperScanner debug  49 - Creating MapperFactoryBean with name 'subwayMapper' and 'com.cpf.xunwu.mapper.SubwayMapper' mapperInterface
[2020-01-26 00:04:54.745]  DEBUG org.mybatis.spring.mapper.ClassPathMapperScanner debug  49 - Enabling autowire by type for MapperFactoryBean with name 'subwayMapper'.
[2020-01-26 00:04:54.745]  DEBUG org.mybatis.spring.mapper.ClassPathMapperScanner debug  49 - Creating MapperFactoryBean with name 'subwayStationMapper' and 'com.cpf.xunwu.mapper.SubwayStationMapper' mapperInterface
[2020-01-26 00:04:54.745]  DEBUG org.mybatis.spring.mapper.ClassPathMapperScanner debug  49 - Enabling autowire by type for MapperFactoryBean with name 'subwayStationMapper'.
[2020-01-26 00:04:54.745]  DEBUG org.mybatis.spring.mapper.ClassPathMapperScanner debug  49 - Creating MapperFactoryBean with name 'supportAddressMapper' and 'com.cpf.xunwu.mapper.SupportAddressMapper' mapperInterface
[2020-01-26 00:04:54.746]  DEBUG org.mybatis.spring.mapper.ClassPathMapperScanner debug  49 - Enabling autowire by type for MapperFactoryBean with name 'supportAddressMapper'.
[2020-01-26 00:04:54.746]  DEBUG org.mybatis.spring.mapper.ClassPathMapperScanner debug  49 - Creating MapperFactoryBean with name 'userMapper' and 'com.cpf.xunwu.mapper.UserMapper' mapperInterface
[2020-01-26 00:04:54.746]  DEBUG org.mybatis.spring.mapper.ClassPathMapperScanner debug  49 - Enabling autowire by type for MapperFactoryBean with name 'userMapper'.
[2020-01-26 00:05:08.735]  DEBUG org.mybatis.spring.SqlSessionUtils debug  49 - Creating a new SqlSession
[2020-01-26 00:05:08.748]  DEBUG org.mybatis.spring.SqlSessionUtils debug  49 - SqlSession [org.apache.ibatis.session.defaults.DefaultSqlSession@170b9156] was not registered for synchronization because synchronization is not active
[2020-01-26 00:05:09.426]  DEBUG org.mybatis.spring.transaction.SpringManagedTransaction debug  49 - JDBC Connection [HikariProxyConnection@1332074263 wrapping com.mysql.cj.jdbc.ConnectionImpl@5d1b6be2] will not be managed by Spring
[2020-01-26 00:05:09.532]  DEBUG org.mybatis.spring.SqlSessionUtils debug  49 - Closing non transactional SqlSession [org.apache.ibatis.session.defaults.DefaultSqlSession@170b9156]
[2020-01-26 00:05:09.544]  DEBUG org.mybatis.spring.SqlSessionUtils debug  49 - Creating a new SqlSession
[2020-01-26 00:05:09.545]  DEBUG org.mybatis.spring.SqlSessionUtils debug  49 - SqlSession [org.apache.ibatis.session.defaults.DefaultSqlSession@7aa989f7] was not registered for synchronization because synchronization is not active
[2020-01-26 00:05:09.549]  DEBUG org.mybatis.spring.transaction.SpringManagedTransaction debug  49 - JDBC Connection [HikariProxyConnection@663351427 wrapping com.mysql.cj.jdbc.ConnectionImpl@5d1b6be2] will not be managed by Spring
[2020-01-26 00:05:09.583]  DEBUG org.mybatis.spring.SqlSessionUtils debug  49 - Closing non transactional SqlSession [org.apache.ibatis.session.defaults.DefaultSqlSession@7aa989f7]
[2020-01-26 00:06:03.453]  DEBUG org.mybatis.spring.SqlSessionUtils debug  49 - Creating a new SqlSession
[2020-01-26 00:06:03.455]  DEBUG org.mybatis.spring.SqlSessionUtils debug  49 - SqlSession [org.apache.ibatis.session.defaults.DefaultSqlSession@3e76c89] was not registered for synchronization because synchronization is not active
[2020-01-26 00:06:03.490]  DEBUG org.mybatis.spring.transaction.SpringManagedTransaction debug  49 - JDBC Connection [HikariProxyConnection@49923413 wrapping com.mysql.cj.jdbc.ConnectionImpl@5d1b6be2] will not be managed by Spring
[2020-01-26 00:06:03.534]  DEBUG org.mybatis.spring.SqlSessionUtils debug  49 - Closing non transactional SqlSession [org.apache.ibatis.session.defaults.DefaultSqlSession@3e76c89]
[2020-01-26 00:06:33.245]  DEBUG org.mybatis.spring.mapper.ClassPathMapperScanner scanCandidateComponents  437 - Identified candidate component class: file [E:\IdeaWorkSpace\xunwu\build\classes\java\main\com\cpf\xunwu\mapper\HouseDetailMapper.class]
[2020-01-26 00:06:33.245]  DEBUG org.mybatis.spring.mapper.ClassPathMapperScanner scanCandidateComponents  437 - Identified candidate component class: file [E:\IdeaWorkSpace\xunwu\build\classes\java\main\com\cpf\xunwu\mapper\HouseMapper.class]
[2020-01-26 00:06:33.246]  DEBUG org.mybatis.spring.mapper.ClassPathMapperScanner scanCandidateComponents  437 - Identified candidate component class: file [E:\IdeaWorkSpace\xunwu\build\classes\java\main\com\cpf\xunwu\mapper\HousePictureMapper.class]
[2020-01-26 00:06:33.246]  DEBUG org.mybatis.spring.mapper.ClassPathMapperScanner scanCandidateComponents  437 - Identified candidate component class: file [E:\IdeaWorkSpace\xunwu\build\classes\java\main\com\cpf\xunwu\mapper\HouseTagMapper.class]
[2020-01-26 00:06:33.246]  DEBUG org.mybatis.spring.mapper.ClassPathMapperScanner scanCandidateComponents  437 - Identified candidate component class: file [E:\IdeaWorkSpace\xunwu\build\classes\java\main\com\cpf\xunwu\mapper\RoleMapper.class]
[2020-01-26 00:06:33.246]  DEBUG org.mybatis.spring.mapper.ClassPathMapperScanner scanCandidateComponents  437 - Identified candidate component class: file [E:\IdeaWorkSpace\xunwu\build\classes\java\main\com\cpf\xunwu\mapper\SubwayMapper.class]
[2020-01-26 00:06:33.246]  DEBUG org.mybatis.spring.mapper.ClassPathMapperScanner scanCandidateComponents  437 - Identified candidate component class: file [E:\IdeaWorkSpace\xunwu\build\classes\java\main\com\cpf\xunwu\mapper\SubwayStationMapper.class]
[2020-01-26 00:06:33.246]  DEBUG org.mybatis.spring.mapper.ClassPathMapperScanner scanCandidateComponents  437 - Identified candidate component class: file [E:\IdeaWorkSpace\xunwu\build\classes\java\main\com\cpf\xunwu\mapper\SupportAddressMapper.class]
[2020-01-26 00:06:33.246]  DEBUG org.mybatis.spring.mapper.ClassPathMapperScanner scanCandidateComponents  437 - Identified candidate component class: file [E:\IdeaWorkSpace\xunwu\build\classes\java\main\com\cpf\xunwu\mapper\UserMapper.class]
[2020-01-26 00:06:33.247]  DEBUG org.mybatis.spring.mapper.ClassPathMapperScanner debug  49 - Creating MapperFactoryBean with name 'houseDetailMapper' and 'com.cpf.xunwu.mapper.HouseDetailMapper' mapperInterface
[2020-01-26 00:06:33.247]  DEBUG org.mybatis.spring.mapper.ClassPathMapperScanner debug  49 - Enabling autowire by type for MapperFactoryBean with name 'houseDetailMapper'.
[2020-01-26 00:06:33.247]  DEBUG org.mybatis.spring.mapper.ClassPathMapperScanner debug  49 - Creating MapperFactoryBean with name 'houseMapper' and 'com.cpf.xunwu.mapper.HouseMapper' mapperInterface
[2020-01-26 00:06:33.247]  DEBUG org.mybatis.spring.mapper.ClassPathMapperScanner debug  49 - Enabling autowire by type for MapperFactoryBean with name 'houseMapper'.
[2020-01-26 00:06:33.247]  DEBUG org.mybatis.spring.mapper.ClassPathMapperScanner debug  49 - Creating MapperFactoryBean with name 'housePictureMapper' and 'com.cpf.xunwu.mapper.HousePictureMapper' mapperInterface
[2020-01-26 00:06:33.247]  DEBUG org.mybatis.spring.mapper.ClassPathMapperScanner debug  49 - Enabling autowire by type for MapperFactoryBean with name 'housePictureMapper'.
[2020-01-26 00:06:33.247]  DEBUG org.mybatis.spring.mapper.ClassPathMapperScanner debug  49 - Creating MapperFactoryBean with name 'houseTagMapper' and 'com.cpf.xunwu.mapper.HouseTagMapper' mapperInterface
[2020-01-26 00:06:33.247]  DEBUG org.mybatis.spring.mapper.ClassPathMapperScanner debug  49 - Enabling autowire by type for MapperFactoryBean with name 'houseTagMapper'.
[2020-01-26 00:06:33.248]  DEBUG org.mybatis.spring.mapper.ClassPathMapperScanner debug  49 - Creating MapperFactoryBean with name 'roleMapper' and 'com.cpf.xunwu.mapper.RoleMapper' mapperInterface
[2020-01-26 00:06:33.248]  DEBUG org.mybatis.spring.mapper.ClassPathMapperScanner debug  49 - Enabling autowire by type for MapperFactoryBean with name 'roleMapper'.
[2020-01-26 00:06:33.248]  DEBUG org.mybatis.spring.mapper.ClassPathMapperScanner debug  49 - Creating MapperFactoryBean with name 'subwayMapper' and 'com.cpf.xunwu.mapper.SubwayMapper' mapperInterface
[2020-01-26 00:06:33.248]  DEBUG org.mybatis.spring.mapper.ClassPathMapperScanner debug  49 - Enabling autowire by type for MapperFactoryBean with name 'subwayMapper'.
[2020-01-26 00:06:33.248]  DEBUG org.mybatis.spring.mapper.ClassPathMapperScanner debug  49 - Creating MapperFactoryBean with name 'subwayStationMapper' and 'com.cpf.xunwu.mapper.SubwayStationMapper' mapperInterface
[2020-01-26 00:06:33.248]  DEBUG org.mybatis.spring.mapper.ClassPathMapperScanner debug  49 - Enabling autowire by type for MapperFactoryBean with name 'subwayStationMapper'.
[2020-01-26 00:06:33.248]  DEBUG org.mybatis.spring.mapper.ClassPathMapperScanner debug  49 - Creating MapperFactoryBean with name 'supportAddressMapper' and 'com.cpf.xunwu.mapper.SupportAddressMapper' mapperInterface
[2020-01-26 00:06:33.248]  DEBUG org.mybatis.spring.mapper.ClassPathMapperScanner debug  49 - Enabling autowire by type for MapperFactoryBean with name 'supportAddressMapper'.
[2020-01-26 00:06:33.248]  DEBUG org.mybatis.spring.mapper.ClassPathMapperScanner debug  49 - Creating MapperFactoryBean with name 'userMapper' and 'com.cpf.xunwu.mapper.UserMapper' mapperInterface
[2020-01-26 00:06:33.248]  DEBUG org.mybatis.spring.mapper.ClassPathMapperScanner debug  49 - Enabling autowire by type for MapperFactoryBean with name 'userMapper'.
[2020-01-26 00:06:46.659]  DEBUG org.mybatis.spring.mapper.ClassPathMapperScanner scanCandidateComponents  437 - Identified candidate component class: file [E:\IdeaWorkSpace\xunwu\build\classes\java\main\com\cpf\xunwu\mapper\HouseDetailMapper.class]
[2020-01-26 00:06:46.659]  DEBUG org.mybatis.spring.mapper.ClassPathMapperScanner scanCandidateComponents  437 - Identified candidate component class: file [E:\IdeaWorkSpace\xunwu\build\classes\java\main\com\cpf\xunwu\mapper\HouseMapper.class]
[2020-01-26 00:06:46.659]  DEBUG org.mybatis.spring.mapper.ClassPathMapperScanner scanCandidateComponents  437 - Identified candidate component class: file [E:\IdeaWorkSpace\xunwu\build\classes\java\main\com\cpf\xunwu\mapper\HousePictureMapper.class]
[2020-01-26 00:06:46.659]  DEBUG org.mybatis.spring.mapper.ClassPathMapperScanner scanCandidateComponents  437 - Identified candidate component class: file [E:\IdeaWorkSpace\xunwu\build\classes\java\main\com\cpf\xunwu\mapper\HouseTagMapper.class]
[2020-01-26 00:06:46.659]  DEBUG org.mybatis.spring.mapper.ClassPathMapperScanner scanCandidateComponents  437 - Identified candidate component class: file [E:\IdeaWorkSpace\xunwu\build\classes\java\main\com\cpf\xunwu\mapper\RoleMapper.class]
[2020-01-26 00:06:46.659]  DEBUG org.mybatis.spring.mapper.ClassPathMapperScanner scanCandidateComponents  437 - Identified candidate component class: file [E:\IdeaWorkSpace\xunwu\build\classes\java\main\com\cpf\xunwu\mapper\SubwayMapper.class]
[2020-01-26 00:06:46.660]  DEBUG org.mybatis.spring.mapper.ClassPathMapperScanner scanCandidateComponents  437 - Identified candidate component class: file [E:\IdeaWorkSpace\xunwu\build\classes\java\main\com\cpf\xunwu\mapper\SubwayStationMapper.class]
[2020-01-26 00:06:46.660]  DEBUG org.mybatis.spring.mapper.ClassPathMapperScanner scanCandidateComponents  437 - Identified candidate component class: file [E:\IdeaWorkSpace\xunwu\build\classes\java\main\com\cpf\xunwu\mapper\SupportAddressMapper.class]
[2020-01-26 00:06:46.660]  DEBUG org.mybatis.spring.mapper.ClassPathMapperScanner scanCandidateComponents  437 - Identified candidate component class: file [E:\IdeaWorkSpace\xunwu\build\classes\java\main\com\cpf\xunwu\mapper\UserMapper.class]
[2020-01-26 00:06:46.660]  DEBUG org.mybatis.spring.mapper.ClassPathMapperScanner debug  49 - Creating MapperFactoryBean with name 'houseDetailMapper' and 'com.cpf.xunwu.mapper.HouseDetailMapper' mapperInterface
[2020-01-26 00:06:46.660]  DEBUG org.mybatis.spring.mapper.ClassPathMapperScanner debug  49 - Enabling autowire by type for MapperFactoryBean with name 'houseDetailMapper'.
[2020-01-26 00:06:46.660]  DEBUG org.mybatis.spring.mapper.ClassPathMapperScanner debug  49 - Creating MapperFactoryBean with name 'houseMapper' and 'com.cpf.xunwu.mapper.HouseMapper' mapperInterface
[2020-01-26 00:06:46.660]  DEBUG org.mybatis.spring.mapper.ClassPathMapperScanner debug  49 - Enabling autowire by type for MapperFactoryBean with name 'houseMapper'.
[2020-01-26 00:06:46.660]  DEBUG org.mybatis.spring.mapper.ClassPathMapperScanner debug  49 - Creating MapperFactoryBean with name 'housePictureMapper' and 'com.cpf.xunwu.mapper.HousePictureMapper' mapperInterface
[2020-01-26 00:06:46.660]  DEBUG org.mybatis.spring.mapper.ClassPathMapperScanner debug  49 - Enabling autowire by type for MapperFactoryBean with name 'housePictureMapper'.
[2020-01-26 00:06:46.661]  DEBUG org.mybatis.spring.mapper.ClassPathMapperScanner debug  49 - Creating MapperFactoryBean with name 'houseTagMapper' and 'com.cpf.xunwu.mapper.HouseTagMapper' mapperInterface
[2020-01-26 00:06:46.661]  DEBUG org.mybatis.spring.mapper.ClassPathMapperScanner debug  49 - Enabling autowire by type for MapperFactoryBean with name 'houseTagMapper'.
[2020-01-26 00:06:46.661]  DEBUG org.mybatis.spring.mapper.ClassPathMapperScanner debug  49 - Creating MapperFactoryBean with name 'roleMapper' and 'com.cpf.xunwu.mapper.RoleMapper' mapperInterface
[2020-01-26 00:06:46.661]  DEBUG org.mybatis.spring.mapper.ClassPathMapperScanner debug  49 - Enabling autowire by type for MapperFactoryBean with name 'roleMapper'.
[2020-01-26 00:06:46.661]  DEBUG org.mybatis.spring.mapper.ClassPathMapperScanner debug  49 - Creating MapperFactoryBean with name 'subwayMapper' and 'com.cpf.xunwu.mapper.SubwayMapper' mapperInterface
[2020-01-26 00:06:46.661]  DEBUG org.mybatis.spring.mapper.ClassPathMapperScanner debug  49 - Enabling autowire by type for MapperFactoryBean with name 'subwayMapper'.
[2020-01-26 00:06:46.661]  DEBUG org.mybatis.spring.mapper.ClassPathMapperScanner debug  49 - Creating MapperFactoryBean with name 'subwayStationMapper' and 'com.cpf.xunwu.mapper.SubwayStationMapper' mapperInterface
[2020-01-26 00:06:46.661]  DEBUG org.mybatis.spring.mapper.ClassPathMapperScanner debug  49 - Enabling autowire by type for MapperFactoryBean with name 'subwayStationMapper'.
[2020-01-26 00:06:46.661]  DEBUG org.mybatis.spring.mapper.ClassPathMapperScanner debug  49 - Creating MapperFactoryBean with name 'supportAddressMapper' and 'com.cpf.xunwu.mapper.SupportAddressMapper' mapperInterface
[2020-01-26 00:06:46.661]  DEBUG org.mybatis.spring.mapper.ClassPathMapperScanner debug  49 - Enabling autowire by type for MapperFactoryBean with name 'supportAddressMapper'.
[2020-01-26 00:06:46.662]  DEBUG org.mybatis.spring.mapper.ClassPathMapperScanner debug  49 - Creating MapperFactoryBean with name 'userMapper' and 'com.cpf.xunwu.mapper.UserMapper' mapperInterface
[2020-01-26 00:06:46.662]  DEBUG org.mybatis.spring.mapper.ClassPathMapperScanner debug  49 - Enabling autowire by type for MapperFactoryBean with name 'userMapper'.
[2020-01-26 00:06:51.028]  DEBUG org.mybatis.spring.mapper.ClassPathMapperScanner scanCandidateComponents  437 - Identified candidate component class: file [E:\IdeaWorkSpace\xunwu\build\classes\java\main\com\cpf\xunwu\mapper\HouseDetailMapper.class]
[2020-01-26 00:06:51.028]  DEBUG org.mybatis.spring.mapper.ClassPathMapperScanner scanCandidateComponents  437 - Identified candidate component class: file [E:\IdeaWorkSpace\xunwu\build\classes\java\main\com\cpf\xunwu\mapper\HouseMapper.class]
[2020-01-26 00:06:51.028]  DEBUG org.mybatis.spring.mapper.ClassPathMapperScanner scanCandidateComponents  437 - Identified candidate component class: file [E:\IdeaWorkSpace\xunwu\build\classes\java\main\com\cpf\xunwu\mapper\HousePictureMapper.class]
[2020-01-26 00:06:51.028]  DEBUG org.mybatis.spring.mapper.ClassPathMapperScanner scanCandidateComponents  437 - Identified candidate component class: file [E:\IdeaWorkSpace\xunwu\build\classes\java\main\com\cpf\xunwu\mapper\HouseTagMapper.class]
[2020-01-26 00:06:51.028]  DEBUG org.mybatis.spring.mapper.ClassPathMapperScanner scanCandidateComponents  437 - Identified candidate component class: file [E:\IdeaWorkSpace\xunwu\build\classes\java\main\com\cpf\xunwu\mapper\RoleMapper.class]
[2020-01-26 00:06:51.028]  DEBUG org.mybatis.spring.mapper.ClassPathMapperScanner scanCandidateComponents  437 - Identified candidate component class: file [E:\IdeaWorkSpace\xunwu\build\classes\java\main\com\cpf\xunwu\mapper\SubwayMapper.class]
[2020-01-26 00:06:51.028]  DEBUG org.mybatis.spring.mapper.ClassPathMapperScanner scanCandidateComponents  437 - Identified candidate component class: file [E:\IdeaWorkSpace\xunwu\build\classes\java\main\com\cpf\xunwu\mapper\SubwayStationMapper.class]
[2020-01-26 00:06:51.029]  DEBUG org.mybatis.spring.mapper.ClassPathMapperScanner scanCandidateComponents  437 - Identified candidate component class: file [E:\IdeaWorkSpace\xunwu\build\classes\java\main\com\cpf\xunwu\mapper\SupportAddressMapper.class]
[2020-01-26 00:06:51.029]  DEBUG org.mybatis.spring.mapper.ClassPathMapperScanner scanCandidateComponents  437 - Identified candidate component class: file [E:\IdeaWorkSpace\xunwu\build\classes\java\main\com\cpf\xunwu\mapper\UserMapper.class]
[2020-01-26 00:06:51.029]  DEBUG org.mybatis.spring.mapper.ClassPathMapperScanner debug  49 - Creating MapperFactoryBean with name 'houseDetailMapper' and 'com.cpf.xunwu.mapper.HouseDetailMapper' mapperInterface
[2020-01-26 00:06:51.030]  DEBUG org.mybatis.spring.mapper.ClassPathMapperScanner debug  49 - Enabling autowire by type for MapperFactoryBean with name 'houseDetailMapper'.
[2020-01-26 00:06:51.030]  DEBUG org.mybatis.spring.mapper.ClassPathMapperScanner debug  49 - Creating MapperFactoryBean with name 'houseMapper' and 'com.cpf.xunwu.mapper.HouseMapper' mapperInterface
[2020-01-26 00:06:51.030]  DEBUG org.mybatis.spring.mapper.ClassPathMapperScanner debug  49 - Enabling autowire by type for MapperFactoryBean with name 'houseMapper'.
[2020-01-26 00:06:51.030]  DEBUG org.mybatis.spring.mapper.ClassPathMapperScanner debug  49 - Creating MapperFactoryBean with name 'housePictureMapper' and 'com.cpf.xunwu.mapper.HousePictureMapper' mapperInterface
[2020-01-26 00:06:51.030]  DEBUG org.mybatis.spring.mapper.ClassPathMapperScanner debug  49 - Enabling autowire by type for MapperFactoryBean with name 'housePictureMapper'.
[2020-01-26 00:06:51.030]  DEBUG org.mybatis.spring.mapper.ClassPathMapperScanner debug  49 - Creating MapperFactoryBean with name 'houseTagMapper' and 'com.cpf.xunwu.mapper.HouseTagMapper' mapperInterface
[2020-01-26 00:06:51.030]  DEBUG org.mybatis.spring.mapper.ClassPathMapperScanner debug  49 - Enabling autowire by type for MapperFactoryBean with name 'houseTagMapper'.
[2020-01-26 00:06:51.030]  DEBUG org.mybatis.spring.mapper.ClassPathMapperScanner debug  49 - Creating MapperFactoryBean with name 'roleMapper' and 'com.cpf.xunwu.mapper.RoleMapper' mapperInterface
[2020-01-26 00:06:51.030]  DEBUG org.mybatis.spring.mapper.ClassPathMapperScanner debug  49 - Enabling autowire by type for MapperFactoryBean with name 'roleMapper'.
[2020-01-26 00:06:51.030]  DEBUG org.mybatis.spring.mapper.ClassPathMapperScanner debug  49 - Creating MapperFactoryBean with name 'subwayMapper' and 'com.cpf.xunwu.mapper.SubwayMapper' mapperInterface
[2020-01-26 00:06:51.030]  DEBUG org.mybatis.spring.mapper.ClassPathMapperScanner debug  49 - Enabling autowire by type for MapperFactoryBean with name 'subwayMapper'.
[2020-01-26 00:06:51.030]  DEBUG org.mybatis.spring.mapper.ClassPathMapperScanner debug  49 - Creating MapperFactoryBean with name 'subwayStationMapper' and 'com.cpf.xunwu.mapper.SubwayStationMapper' mapperInterface
[2020-01-26 00:06:51.030]  DEBUG org.mybatis.spring.mapper.ClassPathMapperScanner debug  49 - Enabling autowire by type for MapperFactoryBean with name 'subwayStationMapper'.
[2020-01-26 00:06:51.031]  DEBUG org.mybatis.spring.mapper.ClassPathMapperScanner debug  49 - Creating MapperFactoryBean with name 'supportAddressMapper' and 'com.cpf.xunwu.mapper.SupportAddressMapper' mapperInterface
[2020-01-26 00:06:51.031]  DEBUG org.mybatis.spring.mapper.ClassPathMapperScanner debug  49 - Enabling autowire by type for MapperFactoryBean with name 'supportAddressMapper'.
[2020-01-26 00:06:51.031]  DEBUG org.mybatis.spring.mapper.ClassPathMapperScanner debug  49 - Creating MapperFactoryBean with name 'userMapper' and 'com.cpf.xunwu.mapper.UserMapper' mapperInterface
[2020-01-26 00:06:51.031]  DEBUG org.mybatis.spring.mapper.ClassPathMapperScanner debug  49 - Enabling autowire by type for MapperFactoryBean with name 'userMapper'.
[2020-01-26 00:07:13.886]  DEBUG org.mybatis.spring.mapper.ClassPathMapperScanner scanCandidateComponents  437 - Identified candidate component class: file [E:\IdeaWorkSpace\xunwu\build\classes\java\main\com\cpf\xunwu\mapper\HouseDetailMapper.class]
[2020-01-26 00:07:13.886]  DEBUG org.mybatis.spring.mapper.ClassPathMapperScanner scanCandidateComponents  437 - Identified candidate component class: file [E:\IdeaWorkSpace\xunwu\build\classes\java\main\com\cpf\xunwu\mapper\HouseMapper.class]
[2020-01-26 00:07:13.886]  DEBUG org.mybatis.spring.mapper.ClassPathMapperScanner scanCandidateComponents  437 - Identified candidate component class: file [E:\IdeaWorkSpace\xunwu\build\classes\java\main\com\cpf\xunwu\mapper\HousePictureMapper.class]
[2020-01-26 00:07:13.886]  DEBUG org.mybatis.spring.mapper.ClassPathMapperScanner scanCandidateComponents  437 - Identified candidate component class: file [E:\IdeaWorkSpace\xunwu\build\classes\java\main\com\cpf\xunwu\mapper\HouseTagMapper.class]
[2020-01-26 00:07:13.887]  DEBUG org.mybatis.spring.mapper.ClassPathMapperScanner scanCandidateComponents  437 - Identified candidate component class: file [E:\IdeaWorkSpace\xunwu\build\classes\java\main\com\cpf\xunwu\mapper\RoleMapper.class]
[2020-01-26 00:07:13.887]  DEBUG org.mybatis.spring.mapper.ClassPathMapperScanner scanCandidateComponents  437 - Identified candidate component class: file [E:\IdeaWorkSpace\xunwu\build\classes\java\main\com\cpf\xunwu\mapper\SubwayMapper.class]
[2020-01-26 00:07:13.887]  DEBUG org.mybatis.spring.mapper.ClassPathMapperScanner scanCandidateComponents  437 - Identified candidate component class: file [E:\IdeaWorkSpace\xunwu\build\classes\java\main\com\cpf\xunwu\mapper\SubwayStationMapper.class]
[2020-01-26 00:07:13.887]  DEBUG org.mybatis.spring.mapper.ClassPathMapperScanner scanCandidateComponents  437 - Identified candidate component class: file [E:\IdeaWorkSpace\xunwu\build\classes\java\main\com\cpf\xunwu\mapper\SupportAddressMapper.class]
[2020-01-26 00:07:13.887]  DEBUG org.mybatis.spring.mapper.ClassPathMapperScanner scanCandidateComponents  437 - Identified candidate component class: file [E:\IdeaWorkSpace\xunwu\build\classes\java\main\com\cpf\xunwu\mapper\UserMapper.class]
[2020-01-26 00:07:13.888]  DEBUG org.mybatis.spring.mapper.ClassPathMapperScanner debug  49 - Creating MapperFactoryBean with name 'houseDetailMapper' and 'com.cpf.xunwu.mapper.HouseDetailMapper' mapperInterface
[2020-01-26 00:07:13.888]  DEBUG org.mybatis.spring.mapper.ClassPathMapperScanner debug  49 - Enabling autowire by type for MapperFactoryBean with name 'houseDetailMapper'.
[2020-01-26 00:07:13.888]  DEBUG org.mybatis.spring.mapper.ClassPathMapperScanner debug  49 - Creating MapperFactoryBean with name 'houseMapper' and 'com.cpf.xunwu.mapper.HouseMapper' mapperInterface
[2020-01-26 00:07:13.888]  DEBUG org.mybatis.spring.mapper.ClassPathMapperScanner debug  49 - Enabling autowire by type for MapperFactoryBean with name 'houseMapper'.
[2020-01-26 00:07:13.888]  DEBUG org.mybatis.spring.mapper.ClassPathMapperScanner debug  49 - Creating MapperFactoryBean with name 'housePictureMapper' and 'com.cpf.xunwu.mapper.HousePictureMapper' mapperInterface
[2020-01-26 00:07:13.888]  DEBUG org.mybatis.spring.mapper.ClassPathMapperScanner debug  49 - Enabling autowire by type for MapperFactoryBean with name 'housePictureMapper'.
[2020-01-26 00:07:13.888]  DEBUG org.mybatis.spring.mapper.ClassPathMapperScanner debug  49 - Creating MapperFactoryBean with name 'houseTagMapper' and 'com.cpf.xunwu.mapper.HouseTagMapper' mapperInterface
[2020-01-26 00:07:13.889]  DEBUG org.mybatis.spring.mapper.ClassPathMapperScanner debug  49 - Enabling autowire by type for MapperFactoryBean with name 'houseTagMapper'.
[2020-01-26 00:07:13.889]  DEBUG org.mybatis.spring.mapper.ClassPathMapperScanner debug  49 - Creating MapperFactoryBean with name 'roleMapper' and 'com.cpf.xunwu.mapper.RoleMapper' mapperInterface
[2020-01-26 00:07:13.889]  DEBUG org.mybatis.spring.mapper.ClassPathMapperScanner debug  49 - Enabling autowire by type for MapperFactoryBean with name 'roleMapper'.
[2020-01-26 00:07:13.889]  DEBUG org.mybatis.spring.mapper.ClassPathMapperScanner debug  49 - Creating MapperFactoryBean with name 'subwayMapper' and 'com.cpf.xunwu.mapper.SubwayMapper' mapperInterface
[2020-01-26 00:07:13.889]  DEBUG org.mybatis.spring.mapper.ClassPathMapperScanner debug  49 - Enabling autowire by type for MapperFactoryBean with name 'subwayMapper'.
[2020-01-26 00:07:13.889]  DEBUG org.mybatis.spring.mapper.ClassPathMapperScanner debug  49 - Creating MapperFactoryBean with name 'subwayStationMapper' and 'com.cpf.xunwu.mapper.SubwayStationMapper' mapperInterface
[2020-01-26 00:07:13.889]  DEBUG org.mybatis.spring.mapper.ClassPathMapperScanner debug  49 - Enabling autowire by type for MapperFactoryBean with name 'subwayStationMapper'.
[2020-01-26 00:07:13.889]  DEBUG org.mybatis.spring.mapper.ClassPathMapperScanner debug  49 - Creating MapperFactoryBean with name 'supportAddressMapper' and 'com.cpf.xunwu.mapper.SupportAddressMapper' mapperInterface
[2020-01-26 00:07:13.889]  DEBUG org.mybatis.spring.mapper.ClassPathMapperScanner debug  49 - Enabling autowire by type for MapperFactoryBean with name 'supportAddressMapper'.
[2020-01-26 00:07:13.889]  DEBUG org.mybatis.spring.mapper.ClassPathMapperScanner debug  49 - Creating MapperFactoryBean with name 'userMapper' and 'com.cpf.xunwu.mapper.UserMapper' mapperInterface
[2020-01-26 00:07:13.889]  DEBUG org.mybatis.spring.mapper.ClassPathMapperScanner debug  49 - Enabling autowire by type for MapperFactoryBean with name 'userMapper'.
[2020-01-26 00:07:38.366]  DEBUG org.mybatis.spring.mapper.ClassPathMapperScanner scanCandidateComponents  437 - Identified candidate component class: file [E:\IdeaWorkSpace\xunwu\build\classes\java\main\com\cpf\xunwu\mapper\HouseDetailMapper.class]
[2020-01-26 00:07:38.367]  DEBUG org.mybatis.spring.mapper.ClassPathMapperScanner scanCandidateComponents  437 - Identified candidate component class: file [E:\IdeaWorkSpace\xunwu\build\classes\java\main\com\cpf\xunwu\mapper\HouseMapper.class]
[2020-01-26 00:07:38.367]  DEBUG org.mybatis.spring.mapper.ClassPathMapperScanner scanCandidateComponents  437 - Identified candidate component class: file [E:\IdeaWorkSpace\xunwu\build\classes\java\main\com\cpf\xunwu\mapper\HousePictureMapper.class]
[2020-01-26 00:07:38.367]  DEBUG org.mybatis.spring.mapper.ClassPathMapperScanner scanCandidateComponents  437 - Identified candidate component class: file [E:\IdeaWorkSpace\xunwu\build\classes\java\main\com\cpf\xunwu\mapper\HouseTagMapper.class]
[2020-01-26 00:07:38.368]  DEBUG org.mybatis.spring.mapper.ClassPathMapperScanner scanCandidateComponents  437 - Identified candidate component class: file [E:\IdeaWorkSpace\xunwu\build\classes\java\main\com\cpf\xunwu\mapper\RoleMapper.class]
[2020-01-26 00:07:38.368]  DEBUG org.mybatis.spring.mapper.ClassPathMapperScanner scanCandidateComponents  437 - Identified candidate component class: file [E:\IdeaWorkSpace\xunwu\build\classes\java\main\com\cpf\xunwu\mapper\SubwayMapper.class]
[2020-01-26 00:07:38.368]  DEBUG org.mybatis.spring.mapper.ClassPathMapperScanner scanCandidateComponents  437 - Identified candidate component class: file [E:\IdeaWorkSpace\xunwu\build\classes\java\main\com\cpf\xunwu\mapper\SubwayStationMapper.class]
[2020-01-26 00:07:38.368]  DEBUG org.mybatis.spring.mapper.ClassPathMapperScanner scanCandidateComponents  437 - Identified candidate component class: file [E:\IdeaWorkSpace\xunwu\build\classes\java\main\com\cpf\xunwu\mapper\SupportAddressMapper.class]
[2020-01-26 00:07:38.369]  DEBUG org.mybatis.spring.mapper.ClassPathMapperScanner scanCandidateComponents  437 - Identified candidate component class: file [E:\IdeaWorkSpace\xunwu\build\classes\java\main\com\cpf\xunwu\mapper\UserMapper.class]
[2020-01-26 00:07:38.369]  DEBUG org.mybatis.spring.mapper.ClassPathMapperScanner debug  49 - Creating MapperFactoryBean with name 'houseDetailMapper' and 'com.cpf.xunwu.mapper.HouseDetailMapper' mapperInterface
[2020-01-26 00:07:38.369]  DEBUG org.mybatis.spring.mapper.ClassPathMapperScanner debug  49 - Enabling autowire by type for MapperFactoryBean with name 'houseDetailMapper'.
[2020-01-26 00:07:38.369]  DEBUG org.mybatis.spring.mapper.ClassPathMapperScanner debug  49 - Creating MapperFactoryBean with name 'houseMapper' and 'com.cpf.xunwu.mapper.HouseMapper' mapperInterface
[2020-01-26 00:07:38.370]  DEBUG org.mybatis.spring.mapper.ClassPathMapperScanner debug  49 - Enabling autowire by type for MapperFactoryBean with name 'houseMapper'.
[2020-01-26 00:07:38.370]  DEBUG org.mybatis.spring.mapper.ClassPathMapperScanner debug  49 - Creating MapperFactoryBean with name 'housePictureMapper' and 'com.cpf.xunwu.mapper.HousePictureMapper' mapperInterface
[2020-01-26 00:07:38.370]  DEBUG org.mybatis.spring.mapper.ClassPathMapperScanner debug  49 - Enabling autowire by type for MapperFactoryBean with name 'housePictureMapper'.
[2020-01-26 00:07:38.370]  DEBUG org.mybatis.spring.mapper.ClassPathMapperScanner debug  49 - Creating MapperFactoryBean with name 'houseTagMapper' and 'com.cpf.xunwu.mapper.HouseTagMapper' mapperInterface
[2020-01-26 00:07:38.370]  DEBUG org.mybatis.spring.mapper.ClassPathMapperScanner debug  49 - Enabling autowire by type for MapperFactoryBean with name 'houseTagMapper'.
[2020-01-26 00:07:38.370]  DEBUG org.mybatis.spring.mapper.ClassPathMapperScanner debug  49 - Creating MapperFactoryBean with name 'roleMapper' and 'com.cpf.xunwu.mapper.RoleMapper' mapperInterface
[2020-01-26 00:07:38.370]  DEBUG org.mybatis.spring.mapper.ClassPathMapperScanner debug  49 - Enabling autowire by type for MapperFactoryBean with name 'roleMapper'.
[2020-01-26 00:07:38.370]  DEBUG org.mybatis.spring.mapper.ClassPathMapperScanner debug  49 - Creating MapperFactoryBean with name 'subwayMapper' and 'com.cpf.xunwu.mapper.SubwayMapper' mapperInterface
[2020-01-26 00:07:38.370]  DEBUG org.mybatis.spring.mapper.ClassPathMapperScanner debug  49 - Enabling autowire by type for MapperFactoryBean with name 'subwayMapper'.
[2020-01-26 00:07:38.371]  DEBUG org.mybatis.spring.mapper.ClassPathMapperScanner debug  49 - Creating MapperFactoryBean with name 'subwayStationMapper' and 'com.cpf.xunwu.mapper.SubwayStationMapper' mapperInterface
[2020-01-26 00:07:38.371]  DEBUG org.mybatis.spring.mapper.ClassPathMapperScanner debug  49 - Enabling autowire by type for MapperFactoryBean with name 'subwayStationMapper'.
[2020-01-26 00:07:38.371]  DEBUG org.mybatis.spring.mapper.ClassPathMapperScanner debug  49 - Creating MapperFactoryBean with name 'supportAddressMapper' and 'com.cpf.xunwu.mapper.SupportAddressMapper' mapperInterface
[2020-01-26 00:07:38.371]  DEBUG org.mybatis.spring.mapper.ClassPathMapperScanner debug  49 - Enabling autowire by type for MapperFactoryBean with name 'supportAddressMapper'.
[2020-01-26 00:07:38.371]  DEBUG org.mybatis.spring.mapper.ClassPathMapperScanner debug  49 - Creating MapperFactoryBean with name 'userMapper' and 'com.cpf.xunwu.mapper.UserMapper' mapperInterface
[2020-01-26 00:07:38.372]  DEBUG org.mybatis.spring.mapper.ClassPathMapperScanner debug  49 - Enabling autowire by type for MapperFactoryBean with name 'userMapper'.
[2020-01-26 00:08:48.821]  DEBUG org.mybatis.spring.mapper.ClassPathMapperScanner scanCandidateComponents  437 - Identified candidate component class: file [E:\IdeaWorkSpace\xunwu\build\classes\java\main\com\cpf\xunwu\mapper\HouseDetailMapper.class]
[2020-01-26 00:08:48.821]  DEBUG org.mybatis.spring.mapper.ClassPathMapperScanner scanCandidateComponents  437 - Identified candidate component class: file [E:\IdeaWorkSpace\xunwu\build\classes\java\main\com\cpf\xunwu\mapper\HouseMapper.class]
[2020-01-26 00:08:48.821]  DEBUG org.mybatis.spring.mapper.ClassPathMapperScanner scanCandidateComponents  437 - Identified candidate component class: file [E:\IdeaWorkSpace\xunwu\build\classes\java\main\com\cpf\xunwu\mapper\HousePictureMapper.class]
[2020-01-26 00:08:48.821]  DEBUG org.mybatis.spring.mapper.ClassPathMapperScanner scanCandidateComponents  437 - Identified candidate component class: file [E:\IdeaWorkSpace\xunwu\build\classes\java\main\com\cpf\xunwu\mapper\HouseTagMapper.class]
[2020-01-26 00:08:48.821]  DEBUG org.mybatis.spring.mapper.ClassPathMapperScanner scanCandidateComponents  437 - Identified candidate component class: file [E:\IdeaWorkSpace\xunwu\build\classes\java\main\com\cpf\xunwu\mapper\RoleMapper.class]
[2020-01-26 00:08:48.821]  DEBUG org.mybatis.spring.mapper.ClassPathMapperScanner scanCandidateComponents  437 - Identified candidate component class: file [E:\IdeaWorkSpace\xunwu\build\classes\java\main\com\cpf\xunwu\mapper\SubwayMapper.class]
[2020-01-26 00:08:48.821]  DEBUG org.mybatis.spring.mapper.ClassPathMapperScanner scanCandidateComponents  437 - Identified candidate component class: file [E:\IdeaWorkSpace\xunwu\build\classes\java\main\com\cpf\xunwu\mapper\SubwayStationMapper.class]
[2020-01-26 00:08:48.822]  DEBUG org.mybatis.spring.mapper.ClassPathMapperScanner scanCandidateComponents  437 - Identified candidate component class: file [E:\IdeaWorkSpace\xunwu\build\classes\java\main\com\cpf\xunwu\mapper\SupportAddressMapper.class]
[2020-01-26 00:08:48.822]  DEBUG org.mybatis.spring.mapper.ClassPathMapperScanner scanCandidateComponents  437 - Identified candidate component class: file [E:\IdeaWorkSpace\xunwu\build\classes\java\main\com\cpf\xunwu\mapper\UserMapper.class]
[2020-01-26 00:08:48.822]  DEBUG org.mybatis.spring.mapper.ClassPathMapperScanner debug  49 - Creating MapperFactoryBean with name 'houseDetailMapper' and 'com.cpf.xunwu.mapper.HouseDetailMapper' mapperInterface
[2020-01-26 00:08:48.822]  DEBUG org.mybatis.spring.mapper.ClassPathMapperScanner debug  49 - Enabling autowire by type for MapperFactoryBean with name 'houseDetailMapper'.
[2020-01-26 00:08:48.822]  DEBUG org.mybatis.spring.mapper.ClassPathMapperScanner debug  49 - Creating MapperFactoryBean with name 'houseMapper' and 'com.cpf.xunwu.mapper.HouseMapper' mapperInterface
[2020-01-26 00:08:48.822]  DEBUG org.mybatis.spring.mapper.ClassPathMapperScanner debug  49 - Enabling autowire by type for MapperFactoryBean with name 'houseMapper'.
[2020-01-26 00:08:48.822]  DEBUG org.mybatis.spring.mapper.ClassPathMapperScanner debug  49 - Creating MapperFactoryBean with name 'housePictureMapper' and 'com.cpf.xunwu.mapper.HousePictureMapper' mapperInterface
[2020-01-26 00:08:48.823]  DEBUG org.mybatis.spring.mapper.ClassPathMapperScanner debug  49 - Enabling autowire by type for MapperFactoryBean with name 'housePictureMapper'.
[2020-01-26 00:08:48.823]  DEBUG org.mybatis.spring.mapper.ClassPathMapperScanner debug  49 - Creating MapperFactoryBean with name 'houseTagMapper' and 'com.cpf.xunwu.mapper.HouseTagMapper' mapperInterface
[2020-01-26 00:08:48.823]  DEBUG org.mybatis.spring.mapper.ClassPathMapperScanner debug  49 - Enabling autowire by type for MapperFactoryBean with name 'houseTagMapper'.
[2020-01-26 00:08:48.823]  DEBUG org.mybatis.spring.mapper.ClassPathMapperScanner debug  49 - Creating MapperFactoryBean with name 'roleMapper' and 'com.cpf.xunwu.mapper.RoleMapper' mapperInterface
[2020-01-26 00:08:48.823]  DEBUG org.mybatis.spring.mapper.ClassPathMapperScanner debug  49 - Enabling autowire by type for MapperFactoryBean with name 'roleMapper'.
[2020-01-26 00:08:48.823]  DEBUG org.mybatis.spring.mapper.ClassPathMapperScanner debug  49 - Creating MapperFactoryBean with name 'subwayMapper' and 'com.cpf.xunwu.mapper.SubwayMapper' mapperInterface
[2020-01-26 00:08:48.823]  DEBUG org.mybatis.spring.mapper.ClassPathMapperScanner debug  49 - Enabling autowire by type for MapperFactoryBean with name 'subwayMapper'.
[2020-01-26 00:08:48.823]  DEBUG org.mybatis.spring.mapper.ClassPathMapperScanner debug  49 - Creating MapperFactoryBean with name 'subwayStationMapper' and 'com.cpf.xunwu.mapper.SubwayStationMapper' mapperInterface
[2020-01-26 00:08:48.823]  DEBUG org.mybatis.spring.mapper.ClassPathMapperScanner debug  49 - Enabling autowire by type for MapperFactoryBean with name 'subwayStationMapper'.
[2020-01-26 00:08:48.823]  DEBUG org.mybatis.spring.mapper.ClassPathMapperScanner debug  49 - Creating MapperFactoryBean with name 'supportAddressMapper' and 'com.cpf.xunwu.mapper.SupportAddressMapper' mapperInterface
[2020-01-26 00:08:48.823]  DEBUG org.mybatis.spring.mapper.ClassPathMapperScanner debug  49 - Enabling autowire by type for MapperFactoryBean with name 'supportAddressMapper'.
[2020-01-26 00:08:48.823]  DEBUG org.mybatis.spring.mapper.ClassPathMapperScanner debug  49 - Creating MapperFactoryBean with name 'userMapper' and 'com.cpf.xunwu.mapper.UserMapper' mapperInterface
[2020-01-26 00:08:48.823]  DEBUG org.mybatis.spring.mapper.ClassPathMapperScanner debug  49 - Enabling autowire by type for MapperFactoryBean with name 'userMapper'.
[2020-01-26 00:09:28.441]  DEBUG org.mybatis.spring.mapper.ClassPathMapperScanner scanCandidateComponents  437 - Identified candidate component class: file [E:\IdeaWorkSpace\xunwu\build\classes\java\main\com\cpf\xunwu\mapper\HouseDetailMapper.class]
[2020-01-26 00:09:28.441]  DEBUG org.mybatis.spring.mapper.ClassPathMapperScanner scanCandidateComponents  437 - Identified candidate component class: file [E:\IdeaWorkSpace\xunwu\build\classes\java\main\com\cpf\xunwu\mapper\HouseMapper.class]
[2020-01-26 00:09:28.441]  DEBUG org.mybatis.spring.mapper.ClassPathMapperScanner scanCandidateComponents  437 - Identified candidate component class: file [E:\IdeaWorkSpace\xunwu\build\classes\java\main\com\cpf\xunwu\mapper\HousePictureMapper.class]
[2020-01-26 00:09:28.441]  DEBUG org.mybatis.spring.mapper.ClassPathMapperScanner scanCandidateComponents  437 - Identified candidate component class: file [E:\IdeaWorkSpace\xunwu\build\classes\java\main\com\cpf\xunwu\mapper\HouseTagMapper.class]
[2020-01-26 00:09:28.441]  DEBUG org.mybatis.spring.mapper.ClassPathMapperScanner scanCandidateComponents  437 - Identified candidate component class: file [E:\IdeaWorkSpace\xunwu\build\classes\java\main\com\cpf\xunwu\mapper\RoleMapper.class]
[2020-01-26 00:09:28.442]  DEBUG org.mybatis.spring.mapper.ClassPathMapperScanner scanCandidateComponents  437 - Identified candidate component class: file [E:\IdeaWorkSpace\xunwu\build\classes\java\main\com\cpf\xunwu\mapper\SubwayMapper.class]
[2020-01-26 00:09:28.442]  DEBUG org.mybatis.spring.mapper.ClassPathMapperScanner scanCandidateComponents  437 - Identified candidate component class: file [E:\IdeaWorkSpace\xunwu\build\classes\java\main\com\cpf\xunwu\mapper\SubwayStationMapper.class]
[2020-01-26 00:09:28.442]  DEBUG org.mybatis.spring.mapper.ClassPathMapperScanner scanCandidateComponents  437 - Identified candidate component class: file [E:\IdeaWorkSpace\xunwu\build\classes\java\main\com\cpf\xunwu\mapper\SupportAddressMapper.class]
[2020-01-26 00:09:28.442]  DEBUG org.mybatis.spring.mapper.ClassPathMapperScanner scanCandidateComponents  437 - Identified candidate component class: file [E:\IdeaWorkSpace\xunwu\build\classes\java\main\com\cpf\xunwu\mapper\UserMapper.class]
[2020-01-26 00:09:28.442]  DEBUG org.mybatis.spring.mapper.ClassPathMapperScanner debug  49 - Creating MapperFactoryBean with name 'houseDetailMapper' and 'com.cpf.xunwu.mapper.HouseDetailMapper' mapperInterface
[2020-01-26 00:09:28.442]  DEBUG org.mybatis.spring.mapper.ClassPathMapperScanner debug  49 - Enabling autowire by type for MapperFactoryBean with name 'houseDetailMapper'.
[2020-01-26 00:09:28.442]  DEBUG org.mybatis.spring.mapper.ClassPathMapperScanner debug  49 - Creating MapperFactoryBean with name 'houseMapper' and 'com.cpf.xunwu.mapper.HouseMapper' mapperInterface
[2020-01-26 00:09:28.442]  DEBUG org.mybatis.spring.mapper.ClassPathMapperScanner debug  49 - Enabling autowire by type for MapperFactoryBean with name 'houseMapper'.
[2020-01-26 00:09:28.442]  DEBUG org.mybatis.spring.mapper.ClassPathMapperScanner debug  49 - Creating MapperFactoryBean with name 'housePictureMapper' and 'com.cpf.xunwu.mapper.HousePictureMapper' mapperInterface
[2020-01-26 00:09:28.442]  DEBUG org.mybatis.spring.mapper.ClassPathMapperScanner debug  49 - Enabling autowire by type for MapperFactoryBean with name 'housePictureMapper'.
[2020-01-26 00:09:28.442]  DEBUG org.mybatis.spring.mapper.ClassPathMapperScanner debug  49 - Creating MapperFactoryBean with name 'houseTagMapper' and 'com.cpf.xunwu.mapper.HouseTagMapper' mapperInterface
[2020-01-26 00:09:28.442]  DEBUG org.mybatis.spring.mapper.ClassPathMapperScanner debug  49 - Enabling autowire by type for MapperFactoryBean with name 'houseTagMapper'.
[2020-01-26 00:09:28.443]  DEBUG org.mybatis.spring.mapper.ClassPathMapperScanner debug  49 - Creating MapperFactoryBean with name 'roleMapper' and 'com.cpf.xunwu.mapper.RoleMapper' mapperInterface
[2020-01-26 00:09:28.443]  DEBUG org.mybatis.spring.mapper.ClassPathMapperScanner debug  49 - Enabling autowire by type for MapperFactoryBean with name 'roleMapper'.
[2020-01-26 00:09:28.443]  DEBUG org.mybatis.spring.mapper.ClassPathMapperScanner debug  49 - Creating MapperFactoryBean with name 'subwayMapper' and 'com.cpf.xunwu.mapper.SubwayMapper' mapperInterface
[2020-01-26 00:09:28.443]  DEBUG org.mybatis.spring.mapper.ClassPathMapperScanner debug  49 - Enabling autowire by type for MapperFactoryBean with name 'subwayMapper'.
[2020-01-26 00:09:28.443]  DEBUG org.mybatis.spring.mapper.ClassPathMapperScanner debug  49 - Creating MapperFactoryBean with name 'subwayStationMapper' and 'com.cpf.xunwu.mapper.SubwayStationMapper' mapperInterface
[2020-01-26 00:09:28.443]  DEBUG org.mybatis.spring.mapper.ClassPathMapperScanner debug  49 - Enabling autowire by type for MapperFactoryBean with name 'subwayStationMapper'.
[2020-01-26 00:09:28.443]  DEBUG org.mybatis.spring.mapper.ClassPathMapperScanner debug  49 - Creating MapperFactoryBean with name 'supportAddressMapper' and 'com.cpf.xunwu.mapper.SupportAddressMapper' mapperInterface
[2020-01-26 00:09:28.443]  DEBUG org.mybatis.spring.mapper.ClassPathMapperScanner debug  49 - Enabling autowire by type for MapperFactoryBean with name 'supportAddressMapper'.
[2020-01-26 00:09:28.443]  DEBUG org.mybatis.spring.mapper.ClassPathMapperScanner debug  49 - Creating MapperFactoryBean with name 'userMapper' and 'com.cpf.xunwu.mapper.UserMapper' mapperInterface
[2020-01-26 00:09:28.443]  DEBUG org.mybatis.spring.mapper.ClassPathMapperScanner debug  49 - Enabling autowire by type for MapperFactoryBean with name 'userMapper'.
[2020-01-26 00:09:41.295]  DEBUG org.mybatis.spring.mapper.ClassPathMapperScanner scanCandidateComponents  437 - Identified candidate component class: file [E:\IdeaWorkSpace\xunwu\build\classes\java\main\com\cpf\xunwu\mapper\HouseDetailMapper.class]
[2020-01-26 00:09:41.296]  DEBUG org.mybatis.spring.mapper.ClassPathMapperScanner scanCandidateComponents  437 - Identified candidate component class: file [E:\IdeaWorkSpace\xunwu\build\classes\java\main\com\cpf\xunwu\mapper\HouseMapper.class]
[2020-01-26 00:09:41.296]  DEBUG org.mybatis.spring.mapper.ClassPathMapperScanner scanCandidateComponents  437 - Identified candidate component class: file [E:\IdeaWorkSpace\xunwu\build\classes\java\main\com\cpf\xunwu\mapper\HousePictureMapper.class]
[2020-01-26 00:09:41.297]  DEBUG org.mybatis.spring.mapper.ClassPathMapperScanner scanCandidateComponents  437 - Identified candidate component class: file [E:\IdeaWorkSpace\xunwu\build\classes\java\main\com\cpf\xunwu\mapper\HouseTagMapper.class]
[2020-01-26 00:09:41.297]  DEBUG org.mybatis.spring.mapper.ClassPathMapperScanner scanCandidateComponents  437 - Identified candidate component class: file [E:\IdeaWorkSpace\xunwu\build\classes\java\main\com\cpf\xunwu\mapper\RoleMapper.class]
[2020-01-26 00:09:41.297]  DEBUG org.mybatis.spring.mapper.ClassPathMapperScanner scanCandidateComponents  437 - Identified candidate component class: file [E:\IdeaWorkSpace\xunwu\build\classes\java\main\com\cpf\xunwu\mapper\SubwayMapper.class]
[2020-01-26 00:09:41.297]  DEBUG org.mybatis.spring.mapper.ClassPathMapperScanner scanCandidateComponents  437 - Identified candidate component class: file [E:\IdeaWorkSpace\xunwu\build\classes\java\main\com\cpf\xunwu\mapper\SubwayStationMapper.class]
[2020-01-26 00:09:41.297]  DEBUG org.mybatis.spring.mapper.ClassPathMapperScanner scanCandidateComponents  437 - Identified candidate component class: file [E:\IdeaWorkSpace\xunwu\build\classes\java\main\com\cpf\xunwu\mapper\SupportAddressMapper.class]
[2020-01-26 00:09:41.297]  DEBUG org.mybatis.spring.mapper.ClassPathMapperScanner scanCandidateComponents  437 - Identified candidate component class: file [E:\IdeaWorkSpace\xunwu\build\classes\java\main\com\cpf\xunwu\mapper\UserMapper.class]
[2020-01-26 00:09:41.298]  DEBUG org.mybatis.spring.mapper.ClassPathMapperScanner debug  49 - Creating MapperFactoryBean with name 'houseDetailMapper' and 'com.cpf.xunwu.mapper.HouseDetailMapper' mapperInterface
[2020-01-26 00:09:41.298]  DEBUG org.mybatis.spring.mapper.ClassPathMapperScanner debug  49 - Enabling autowire by type for MapperFactoryBean with name 'houseDetailMapper'.
[2020-01-26 00:09:41.298]  DEBUG org.mybatis.spring.mapper.ClassPathMapperScanner debug  49 - Creating MapperFactoryBean with name 'houseMapper' and 'com.cpf.xunwu.mapper.HouseMapper' mapperInterface
[2020-01-26 00:09:41.298]  DEBUG org.mybatis.spring.mapper.ClassPathMapperScanner debug  49 - Enabling autowire by type for MapperFactoryBean with name 'houseMapper'.
[2020-01-26 00:09:41.298]  DEBUG org.mybatis.spring.mapper.ClassPathMapperScanner debug  49 - Creating MapperFactoryBean with name 'housePictureMapper' and 'com.cpf.xunwu.mapper.HousePictureMapper' mapperInterface
[2020-01-26 00:09:41.299]  DEBUG org.mybatis.spring.mapper.ClassPathMapperScanner debug  49 - Enabling autowire by type for MapperFactoryBean with name 'housePictureMapper'.
[2020-01-26 00:09:41.299]  DEBUG org.mybatis.spring.mapper.ClassPathMapperScanner debug  49 - Creating MapperFactoryBean with name 'houseTagMapper' and 'com.cpf.xunwu.mapper.HouseTagMapper' mapperInterface
[2020-01-26 00:09:41.299]  DEBUG org.mybatis.spring.mapper.ClassPathMapperScanner debug  49 - Enabling autowire by type for MapperFactoryBean with name 'houseTagMapper'.
[2020-01-26 00:09:41.299]  DEBUG org.mybatis.spring.mapper.ClassPathMapperScanner debug  49 - Creating MapperFactoryBean with name 'roleMapper' and 'com.cpf.xunwu.mapper.RoleMapper' mapperInterface
[2020-01-26 00:09:41.299]  DEBUG org.mybatis.spring.mapper.ClassPathMapperScanner debug  49 - Enabling autowire by type for MapperFactoryBean with name 'roleMapper'.
[2020-01-26 00:09:41.299]  DEBUG org.mybatis.spring.mapper.ClassPathMapperScanner debug  49 - Creating MapperFactoryBean with name 'subwayMapper' and 'com.cpf.xunwu.mapper.SubwayMapper' mapperInterface
[2020-01-26 00:09:41.300]  DEBUG org.mybatis.spring.mapper.ClassPathMapperScanner debug  49 - Enabling autowire by type for MapperFactoryBean with name 'subwayMapper'.
[2020-01-26 00:09:41.300]  DEBUG org.mybatis.spring.mapper.ClassPathMapperScanner debug  49 - Creating MapperFactoryBean with name 'subwayStationMapper' and 'com.cpf.xunwu.mapper.SubwayStationMapper' mapperInterface
[2020-01-26 00:09:41.300]  DEBUG org.mybatis.spring.mapper.ClassPathMapperScanner debug  49 - Enabling autowire by type for MapperFactoryBean with name 'subwayStationMapper'.
[2020-01-26 00:09:41.300]  DEBUG org.mybatis.spring.mapper.ClassPathMapperScanner debug  49 - Creating MapperFactoryBean with name 'supportAddressMapper' and 'com.cpf.xunwu.mapper.SupportAddressMapper' mapperInterface
[2020-01-26 00:09:41.300]  DEBUG org.mybatis.spring.mapper.ClassPathMapperScanner debug  49 - Enabling autowire by type for MapperFactoryBean with name 'supportAddressMapper'.
[2020-01-26 00:09:41.300]  DEBUG org.mybatis.spring.mapper.ClassPathMapperScanner debug  49 - Creating MapperFactoryBean with name 'userMapper' and 'com.cpf.xunwu.mapper.UserMapper' mapperInterface
[2020-01-26 00:09:41.300]  DEBUG org.mybatis.spring.mapper.ClassPathMapperScanner debug  49 - Enabling autowire by type for MapperFactoryBean with name 'userMapper'.
[2020-01-26 00:09:51.868]  DEBUG org.mybatis.spring.mapper.ClassPathMapperScanner scanCandidateComponents  437 - Identified candidate component class: file [E:\IdeaWorkSpace\xunwu\build\classes\java\main\com\cpf\xunwu\mapper\HouseDetailMapper.class]
[2020-01-26 00:09:51.868]  DEBUG org.mybatis.spring.mapper.ClassPathMapperScanner scanCandidateComponents  437 - Identified candidate component class: file [E:\IdeaWorkSpace\xunwu\build\classes\java\main\com\cpf\xunwu\mapper\HouseMapper.class]
[2020-01-26 00:09:51.868]  DEBUG org.mybatis.spring.mapper.ClassPathMapperScanner scanCandidateComponents  437 - Identified candidate component class: file [E:\IdeaWorkSpace\xunwu\build\classes\java\main\com\cpf\xunwu\mapper\HousePictureMapper.class]
[2020-01-26 00:09:51.868]  DEBUG org.mybatis.spring.mapper.ClassPathMapperScanner scanCandidateComponents  437 - Identified candidate component class: file [E:\IdeaWorkSpace\xunwu\build\classes\java\main\com\cpf\xunwu\mapper\HouseTagMapper.class]
[2020-01-26 00:09:51.869]  DEBUG org.mybatis.spring.mapper.ClassPathMapperScanner scanCandidateComponents  437 - Identified candidate component class: file [E:\IdeaWorkSpace\xunwu\build\classes\java\main\com\cpf\xunwu\mapper\RoleMapper.class]
[2020-01-26 00:09:51.869]  DEBUG org.mybatis.spring.mapper.ClassPathMapperScanner scanCandidateComponents  437 - Identified candidate component class: file [E:\IdeaWorkSpace\xunwu\build\classes\java\main\com\cpf\xunwu\mapper\SubwayMapper.class]
[2020-01-26 00:09:51.869]  DEBUG org.mybatis.spring.mapper.ClassPathMapperScanner scanCandidateComponents  437 - Identified candidate component class: file [E:\IdeaWorkSpace\xunwu\build\classes\java\main\com\cpf\xunwu\mapper\SubwayStationMapper.class]
[2020-01-26 00:09:51.869]  DEBUG org.mybatis.spring.mapper.ClassPathMapperScanner scanCandidateComponents  437 - Identified candidate component class: file [E:\IdeaWorkSpace\xunwu\build\classes\java\main\com\cpf\xunwu\mapper\SupportAddressMapper.class]
[2020-01-26 00:09:51.869]  DEBUG org.mybatis.spring.mapper.ClassPathMapperScanner scanCandidateComponents  437 - Identified candidate component class: file [E:\IdeaWorkSpace\xunwu\build\classes\java\main\com\cpf\xunwu\mapper\UserMapper.class]
[2020-01-26 00:09:51.869]  DEBUG org.mybatis.spring.mapper.ClassPathMapperScanner debug  49 - Creating MapperFactoryBean with name 'houseDetailMapper' and 'com.cpf.xunwu.mapper.HouseDetailMapper' mapperInterface
[2020-01-26 00:09:51.869]  DEBUG org.mybatis.spring.mapper.ClassPathMapperScanner debug  49 - Enabling autowire by type for MapperFactoryBean with name 'houseDetailMapper'.
[2020-01-26 00:09:51.869]  DEBUG org.mybatis.spring.mapper.ClassPathMapperScanner debug  49 - Creating MapperFactoryBean with name 'houseMapper' and 'com.cpf.xunwu.mapper.HouseMapper' mapperInterface
[2020-01-26 00:09:51.869]  DEBUG org.mybatis.spring.mapper.ClassPathMapperScanner debug  49 - Enabling autowire by type for MapperFactoryBean with name 'houseMapper'.
[2020-01-26 00:09:51.869]  DEBUG org.mybatis.spring.mapper.ClassPathMapperScanner debug  49 - Creating MapperFactoryBean with name 'housePictureMapper' and 'com.cpf.xunwu.mapper.HousePictureMapper' mapperInterface
[2020-01-26 00:09:51.869]  DEBUG org.mybatis.spring.mapper.ClassPathMapperScanner debug  49 - Enabling autowire by type for MapperFactoryBean with name 'housePictureMapper'.
[2020-01-26 00:09:51.869]  DEBUG org.mybatis.spring.mapper.ClassPathMapperScanner debug  49 - Creating MapperFactoryBean with name 'houseTagMapper' and 'com.cpf.xunwu.mapper.HouseTagMapper' mapperInterface
[2020-01-26 00:09:51.869]  DEBUG org.mybatis.spring.mapper.ClassPathMapperScanner debug  49 - Enabling autowire by type for MapperFactoryBean with name 'houseTagMapper'.
[2020-01-26 00:09:51.870]  DEBUG org.mybatis.spring.mapper.ClassPathMapperScanner debug  49 - Creating MapperFactoryBean with name 'roleMapper' and 'com.cpf.xunwu.mapper.RoleMapper' mapperInterface
[2020-01-26 00:09:51.870]  DEBUG org.mybatis.spring.mapper.ClassPathMapperScanner debug  49 - Enabling autowire by type for MapperFactoryBean with name 'roleMapper'.
[2020-01-26 00:09:51.870]  DEBUG org.mybatis.spring.mapper.ClassPathMapperScanner debug  49 - Creating MapperFactoryBean with name 'subwayMapper' and 'com.cpf.xunwu.mapper.SubwayMapper' mapperInterface
[2020-01-26 00:09:51.870]  DEBUG org.mybatis.spring.mapper.ClassPathMapperScanner debug  49 - Enabling autowire by type for MapperFactoryBean with name 'subwayMapper'.
[2020-01-26 00:09:51.870]  DEBUG org.mybatis.spring.mapper.ClassPathMapperScanner debug  49 - Creating MapperFactoryBean with name 'subwayStationMapper' and 'com.cpf.xunwu.mapper.SubwayStationMapper' mapperInterface
[2020-01-26 00:09:51.870]  DEBUG org.mybatis.spring.mapper.ClassPathMapperScanner debug  49 - Enabling autowire by type for MapperFactoryBean with name 'subwayStationMapper'.
[2020-01-26 00:09:51.870]  DEBUG org.mybatis.spring.mapper.ClassPathMapperScanner debug  49 - Creating MapperFactoryBean with name 'supportAddressMapper' and 'com.cpf.xunwu.mapper.SupportAddressMapper' mapperInterface
[2020-01-26 00:09:51.870]  DEBUG org.mybatis.spring.mapper.ClassPathMapperScanner debug  49 - Enabling autowire by type for MapperFactoryBean with name 'supportAddressMapper'.
[2020-01-26 00:09:51.870]  DEBUG org.mybatis.spring.mapper.ClassPathMapperScanner debug  49 - Creating MapperFactoryBean with name 'userMapper' and 'com.cpf.xunwu.mapper.UserMapper' mapperInterface
[2020-01-26 00:09:51.870]  DEBUG org.mybatis.spring.mapper.ClassPathMapperScanner debug  49 - Enabling autowire by type for MapperFactoryBean with name 'userMapper'.
[2020-01-26 00:10:32.919]  DEBUG org.mybatis.spring.mapper.ClassPathMapperScanner scanCandidateComponents  437 - Identified candidate component class: file [E:\IdeaWorkSpace\xunwu\build\classes\java\main\com\cpf\xunwu\mapper\HouseDetailMapper.class]
[2020-01-26 00:10:32.920]  DEBUG org.mybatis.spring.mapper.ClassPathMapperScanner scanCandidateComponents  437 - Identified candidate component class: file [E:\IdeaWorkSpace\xunwu\build\classes\java\main\com\cpf\xunwu\mapper\HouseMapper.class]
[2020-01-26 00:10:32.921]  DEBUG org.mybatis.spring.mapper.ClassPathMapperScanner scanCandidateComponents  437 - Identified candidate component class: file [E:\IdeaWorkSpace\xunwu\build\classes\java\main\com\cpf\xunwu\mapper\HousePictureMapper.class]
[2020-01-26 00:10:32.921]  DEBUG org.mybatis.spring.mapper.ClassPathMapperScanner scanCandidateComponents  437 - Identified candidate component class: file [E:\IdeaWorkSpace\xunwu\build\classes\java\main\com\cpf\xunwu\mapper\HouseTagMapper.class]
[2020-01-26 00:10:32.921]  DEBUG org.mybatis.spring.mapper.ClassPathMapperScanner scanCandidateComponents  437 - Identified candidate component class: file [E:\IdeaWorkSpace\xunwu\build\classes\java\main\com\cpf\xunwu\mapper\RoleMapper.class]
[2020-01-26 00:10:32.921]  DEBUG org.mybatis.spring.mapper.ClassPathMapperScanner scanCandidateComponents  437 - Identified candidate component class: file [E:\IdeaWorkSpace\xunwu\build\classes\java\main\com\cpf\xunwu\mapper\SubwayMapper.class]
[2020-01-26 00:10:32.921]  DEBUG org.mybatis.spring.mapper.ClassPathMapperScanner scanCandidateComponents  437 - Identified candidate component class: file [E:\IdeaWorkSpace\xunwu\build\classes\java\main\com\cpf\xunwu\mapper\SubwayStationMapper.class]
[2020-01-26 00:10:32.922]  DEBUG org.mybatis.spring.mapper.ClassPathMapperScanner scanCandidateComponents  437 - Identified candidate component class: file [E:\IdeaWorkSpace\xunwu\build\classes\java\main\com\cpf\xunwu\mapper\SupportAddressMapper.class]
[2020-01-26 00:10:32.923]  DEBUG org.mybatis.spring.mapper.ClassPathMapperScanner scanCandidateComponents  437 - Identified candidate component class: file [E:\IdeaWorkSpace\xunwu\build\classes\java\main\com\cpf\xunwu\mapper\UserMapper.class]
[2020-01-26 00:10:32.924]  DEBUG org.mybatis.spring.mapper.ClassPathMapperScanner debug  49 - Creating MapperFactoryBean with name 'houseDetailMapper' and 'com.cpf.xunwu.mapper.HouseDetailMapper' mapperInterface
[2020-01-26 00:10:32.924]  DEBUG org.mybatis.spring.mapper.ClassPathMapperScanner debug  49 - Enabling autowire by type for MapperFactoryBean with name 'houseDetailMapper'.
[2020-01-26 00:10:32.924]  DEBUG org.mybatis.spring.mapper.ClassPathMapperScanner debug  49 - Creating MapperFactoryBean with name 'houseMapper' and 'com.cpf.xunwu.mapper.HouseMapper' mapperInterface
[2020-01-26 00:10:32.925]  DEBUG org.mybatis.spring.mapper.ClassPathMapperScanner debug  49 - Enabling autowire by type for MapperFactoryBean with name 'houseMapper'.
[2020-01-26 00:10:32.925]  DEBUG org.mybatis.spring.mapper.ClassPathMapperScanner debug  49 - Creating MapperFactoryBean with name 'housePictureMapper' and 'com.cpf.xunwu.mapper.HousePictureMapper' mapperInterface
[2020-01-26 00:10:32.926]  DEBUG org.mybatis.spring.mapper.ClassPathMapperScanner debug  49 - Enabling autowire by type for MapperFactoryBean with name 'housePictureMapper'.
[2020-01-26 00:10:32.926]  DEBUG org.mybatis.spring.mapper.ClassPathMapperScanner debug  49 - Creating MapperFactoryBean with name 'houseTagMapper' and 'com.cpf.xunwu.mapper.HouseTagMapper' mapperInterface
[2020-01-26 00:10:32.926]  DEBUG org.mybatis.spring.mapper.ClassPathMapperScanner debug  49 - Enabling autowire by type for MapperFactoryBean with name 'houseTagMapper'.
[2020-01-26 00:10:32.927]  DEBUG org.mybatis.spring.mapper.ClassPathMapperScanner debug  49 - Creating MapperFactoryBean with name 'roleMapper' and 'com.cpf.xunwu.mapper.RoleMapper' mapperInterface
[2020-01-26 00:10:32.927]  DEBUG org.mybatis.spring.mapper.ClassPathMapperScanner debug  49 - Enabling autowire by type for MapperFactoryBean with name 'roleMapper'.
[2020-01-26 00:10:32.927]  DEBUG org.mybatis.spring.mapper.ClassPathMapperScanner debug  49 - Creating MapperFactoryBean with name 'subwayMapper' and 'com.cpf.xunwu.mapper.SubwayMapper' mapperInterface
[2020-01-26 00:10:32.927]  DEBUG org.mybatis.spring.mapper.ClassPathMapperScanner debug  49 - Enabling autowire by type for MapperFactoryBean with name 'subwayMapper'.
[2020-01-26 00:10:32.927]  DEBUG org.mybatis.spring.mapper.ClassPathMapperScanner debug  49 - Creating MapperFactoryBean with name 'subwayStationMapper' and 'com.cpf.xunwu.mapper.SubwayStationMapper' mapperInterface
[2020-01-26 00:10:32.928]  DEBUG org.mybatis.spring.mapper.ClassPathMapperScanner debug  49 - Enabling autowire by type for MapperFactoryBean with name 'subwayStationMapper'.
[2020-01-26 00:10:32.928]  DEBUG org.mybatis.spring.mapper.ClassPathMapperScanner debug  49 - Creating MapperFactoryBean with name 'supportAddressMapper' and 'com.cpf.xunwu.mapper.SupportAddressMapper' mapperInterface
[2020-01-26 00:10:32.928]  DEBUG org.mybatis.spring.mapper.ClassPathMapperScanner debug  49 - Enabling autowire by type for MapperFactoryBean with name 'supportAddressMapper'.
[2020-01-26 00:10:32.928]  DEBUG org.mybatis.spring.mapper.ClassPathMapperScanner debug  49 - Creating MapperFactoryBean with name 'userMapper' and 'com.cpf.xunwu.mapper.UserMapper' mapperInterface
[2020-01-26 00:10:32.929]  DEBUG org.mybatis.spring.mapper.ClassPathMapperScanner debug  49 - Enabling autowire by type for MapperFactoryBean with name 'userMapper'.
[2020-01-26 00:10:41.173]  DEBUG org.mybatis.spring.mapper.ClassPathMapperScanner scanCandidateComponents  437 - Identified candidate component class: file [E:\IdeaWorkSpace\xunwu\build\classes\java\main\com\cpf\xunwu\mapper\HouseDetailMapper.class]
[2020-01-26 00:10:41.173]  DEBUG org.mybatis.spring.mapper.ClassPathMapperScanner scanCandidateComponents  437 - Identified candidate component class: file [E:\IdeaWorkSpace\xunwu\build\classes\java\main\com\cpf\xunwu\mapper\HouseMapper.class]
[2020-01-26 00:10:41.173]  DEBUG org.mybatis.spring.mapper.ClassPathMapperScanner scanCandidateComponents  437 - Identified candidate component class: file [E:\IdeaWorkSpace\xunwu\build\classes\java\main\com\cpf\xunwu\mapper\HousePictureMapper.class]
[2020-01-26 00:10:41.173]  DEBUG org.mybatis.spring.mapper.ClassPathMapperScanner scanCandidateComponents  437 - Identified candidate component class: file [E:\IdeaWorkSpace\xunwu\build\classes\java\main\com\cpf\xunwu\mapper\HouseTagMapper.class]
[2020-01-26 00:10:41.173]  DEBUG org.mybatis.spring.mapper.ClassPathMapperScanner scanCandidateComponents  437 - Identified candidate component class: file [E:\IdeaWorkSpace\xunwu\build\classes\java\main\com\cpf\xunwu\mapper\RoleMapper.class]
[2020-01-26 00:10:41.173]  DEBUG org.mybatis.spring.mapper.ClassPathMapperScanner scanCandidateComponents  437 - Identified candidate component class: file [E:\IdeaWorkSpace\xunwu\build\classes\java\main\com\cpf\xunwu\mapper\SubwayMapper.class]
[2020-01-26 00:10:41.174]  DEBUG org.mybatis.spring.mapper.ClassPathMapperScanner scanCandidateComponents  437 - Identified candidate component class: file [E:\IdeaWorkSpace\xunwu\build\classes\java\main\com\cpf\xunwu\mapper\SubwayStationMapper.class]
[2020-01-26 00:10:41.174]  DEBUG org.mybatis.spring.mapper.ClassPathMapperScanner scanCandidateComponents  437 - Identified candidate component class: file [E:\IdeaWorkSpace\xunwu\build\classes\java\main\com\cpf\xunwu\mapper\SupportAddressMapper.class]
[2020-01-26 00:10:41.174]  DEBUG org.mybatis.spring.mapper.ClassPathMapperScanner scanCandidateComponents  437 - Identified candidate component class: file [E:\IdeaWorkSpace\xunwu\build\classes\java\main\com\cpf\xunwu\mapper\UserMapper.class]
[2020-01-26 00:10:41.175]  DEBUG org.mybatis.spring.mapper.ClassPathMapperScanner debug  49 - Creating MapperFactoryBean with name 'houseDetailMapper' and 'com.cpf.xunwu.mapper.HouseDetailMapper' mapperInterface
[2020-01-26 00:10:41.175]  DEBUG org.mybatis.spring.mapper.ClassPathMapperScanner debug  49 - Enabling autowire by type for MapperFactoryBean with name 'houseDetailMapper'.
[2020-01-26 00:10:41.175]  DEBUG org.mybatis.spring.mapper.ClassPathMapperScanner debug  49 - Creating MapperFactoryBean with name 'houseMapper' and 'com.cpf.xunwu.mapper.HouseMapper' mapperInterface
[2020-01-26 00:10:41.175]  DEBUG org.mybatis.spring.mapper.ClassPathMapperScanner debug  49 - Enabling autowire by type for MapperFactoryBean with name 'houseMapper'.
[2020-01-26 00:10:41.176]  DEBUG org.mybatis.spring.mapper.ClassPathMapperScanner debug  49 - Creating MapperFactoryBean with name 'housePictureMapper' and 'com.cpf.xunwu.mapper.HousePictureMapper' mapperInterface
[2020-01-26 00:10:41.176]  DEBUG org.mybatis.spring.mapper.ClassPathMapperScanner debug  49 - Enabling autowire by type for MapperFactoryBean with name 'housePictureMapper'.
[2020-01-26 00:10:41.176]  DEBUG org.mybatis.spring.mapper.ClassPathMapperScanner debug  49 - Creating MapperFactoryBean with name 'houseTagMapper' and 'com.cpf.xunwu.mapper.HouseTagMapper' mapperInterface
[2020-01-26 00:10:41.176]  DEBUG org.mybatis.spring.mapper.ClassPathMapperScanner debug  49 - Enabling autowire by type for MapperFactoryBean with name 'houseTagMapper'.
[2020-01-26 00:10:41.176]  DEBUG org.mybatis.spring.mapper.ClassPathMapperScanner debug  49 - Creating MapperFactoryBean with name 'roleMapper' and 'com.cpf.xunwu.mapper.RoleMapper' mapperInterface
[2020-01-26 00:10:41.177]  DEBUG org.mybatis.spring.mapper.ClassPathMapperScanner debug  49 - Enabling autowire by type for MapperFactoryBean with name 'roleMapper'.
[2020-01-26 00:10:41.177]  DEBUG org.mybatis.spring.mapper.ClassPathMapperScanner debug  49 - Creating MapperFactoryBean with name 'subwayMapper' and 'com.cpf.xunwu.mapper.SubwayMapper' mapperInterface
[2020-01-26 00:10:41.177]  DEBUG org.mybatis.spring.mapper.ClassPathMapperScanner debug  49 - Enabling autowire by type for MapperFactoryBean with name 'subwayMapper'.
[2020-01-26 00:10:41.177]  DEBUG org.mybatis.spring.mapper.ClassPathMapperScanner debug  49 - Creating MapperFactoryBean with name 'subwayStationMapper' and 'com.cpf.xunwu.mapper.SubwayStationMapper' mapperInterface
[2020-01-26 00:10:41.177]  DEBUG org.mybatis.spring.mapper.ClassPathMapperScanner debug  49 - Enabling autowire by type for MapperFactoryBean with name 'subwayStationMapper'.
[2020-01-26 00:10:41.177]  DEBUG org.mybatis.spring.mapper.ClassPathMapperScanner debug  49 - Creating MapperFactoryBean with name 'supportAddressMapper' and 'com.cpf.xunwu.mapper.SupportAddressMapper' mapperInterface
[2020-01-26 00:10:41.178]  DEBUG org.mybatis.spring.mapper.ClassPathMapperScanner debug  49 - Enabling autowire by type for MapperFactoryBean with name 'supportAddressMapper'.
[2020-01-26 00:10:41.178]  DEBUG org.mybatis.spring.mapper.ClassPathMapperScanner debug  49 - Creating MapperFactoryBean with name 'userMapper' and 'com.cpf.xunwu.mapper.UserMapper' mapperInterface
[2020-01-26 00:10:41.178]  DEBUG org.mybatis.spring.mapper.ClassPathMapperScanner debug  49 - Enabling autowire by type for MapperFactoryBean with name 'userMapper'.
[2020-01-26 00:11:26.877]  DEBUG org.apache.ibatis.logging.LogFactory setImplementation  105 - Logging initialized using 'class org.apache.ibatis.logging.slf4j.Slf4jImpl' adapter.
[2020-01-26 00:11:26.880]  DEBUG org.mybatis.spring.mapper.ClassPathMapperScanner scanCandidateComponents  437 - Identified candidate component class: file [E:\IdeaWorkSpace\xunwu\build\classes\java\main\com\cpf\xunwu\mapper\HouseDetailMapper.class]
[2020-01-26 00:11:26.881]  DEBUG org.mybatis.spring.mapper.ClassPathMapperScanner scanCandidateComponents  437 - Identified candidate component class: file [E:\IdeaWorkSpace\xunwu\build\classes\java\main\com\cpf\xunwu\mapper\HouseMapper.class]
[2020-01-26 00:11:26.881]  DEBUG org.mybatis.spring.mapper.ClassPathMapperScanner scanCandidateComponents  437 - Identified candidate component class: file [E:\IdeaWorkSpace\xunwu\build\classes\java\main\com\cpf\xunwu\mapper\HousePictureMapper.class]
[2020-01-26 00:11:26.881]  DEBUG org.mybatis.spring.mapper.ClassPathMapperScanner scanCandidateComponents  437 - Identified candidate component class: file [E:\IdeaWorkSpace\xunwu\build\classes\java\main\com\cpf\xunwu\mapper\HouseTagMapper.class]
[2020-01-26 00:11:26.881]  DEBUG org.mybatis.spring.mapper.ClassPathMapperScanner scanCandidateComponents  437 - Identified candidate component class: file [E:\IdeaWorkSpace\xunwu\build\classes\java\main\com\cpf\xunwu\mapper\RoleMapper.class]
[2020-01-26 00:11:26.881]  DEBUG org.mybatis.spring.mapper.ClassPathMapperScanner scanCandidateComponents  437 - Identified candidate component class: file [E:\IdeaWorkSpace\xunwu\build\classes\java\main\com\cpf\xunwu\mapper\SubwayMapper.class]
[2020-01-26 00:11:26.882]  DEBUG org.mybatis.spring.mapper.ClassPathMapperScanner scanCandidateComponents  437 - Identified candidate component class: file [E:\IdeaWorkSpace\xunwu\build\classes\java\main\com\cpf\xunwu\mapper\SubwayStationMapper.class]
[2020-01-26 00:11:26.882]  DEBUG org.mybatis.spring.mapper.ClassPathMapperScanner scanCandidateComponents  437 - Identified candidate component class: file [E:\IdeaWorkSpace\xunwu\build\classes\java\main\com\cpf\xunwu\mapper\SupportAddressMapper.class]
[2020-01-26 00:11:26.882]  DEBUG org.mybatis.spring.mapper.ClassPathMapperScanner scanCandidateComponents  437 - Identified candidate component class: file [E:\IdeaWorkSpace\xunwu\build\classes\java\main\com\cpf\xunwu\mapper\UserMapper.class]
[2020-01-26 00:11:26.883]  DEBUG org.mybatis.spring.mapper.ClassPathMapperScanner debug  49 - Creating MapperFactoryBean with name 'houseDetailMapper' and 'com.cpf.xunwu.mapper.HouseDetailMapper' mapperInterface
[2020-01-26 00:11:26.883]  DEBUG org.mybatis.spring.mapper.ClassPathMapperScanner debug  49 - Enabling autowire by type for MapperFactoryBean with name 'houseDetailMapper'.
[2020-01-26 00:11:26.883]  DEBUG org.mybatis.spring.mapper.ClassPathMapperScanner debug  49 - Creating MapperFactoryBean with name 'houseMapper' and 'com.cpf.xunwu.mapper.HouseMapper' mapperInterface
[2020-01-26 00:11:26.884]  DEBUG org.mybatis.spring.mapper.ClassPathMapperScanner debug  49 - Enabling autowire by type for MapperFactoryBean with name 'houseMapper'.
[2020-01-26 00:11:26.884]  DEBUG org.mybatis.spring.mapper.ClassPathMapperScanner debug  49 - Creating MapperFactoryBean with name 'housePictureMapper' and 'com.cpf.xunwu.mapper.HousePictureMapper' mapperInterface
[2020-01-26 00:11:26.884]  DEBUG org.mybatis.spring.mapper.ClassPathMapperScanner debug  49 - Enabling autowire by type for MapperFactoryBean with name 'housePictureMapper'.
[2020-01-26 00:11:26.884]  DEBUG org.mybatis.spring.mapper.ClassPathMapperScanner debug  49 - Creating MapperFactoryBean with name 'houseTagMapper' and 'com.cpf.xunwu.mapper.HouseTagMapper' mapperInterface
[2020-01-26 00:11:26.884]  DEBUG org.mybatis.spring.mapper.ClassPathMapperScanner debug  49 - Enabling autowire by type for MapperFactoryBean with name 'houseTagMapper'.
[2020-01-26 00:11:26.884]  DEBUG org.mybatis.spring.mapper.ClassPathMapperScanner debug  49 - Creating MapperFactoryBean with name 'roleMapper' and 'com.cpf.xunwu.mapper.RoleMapper' mapperInterface
[2020-01-26 00:11:26.885]  DEBUG org.mybatis.spring.mapper.ClassPathMapperScanner debug  49 - Enabling autowire by type for MapperFactoryBean with name 'roleMapper'.
[2020-01-26 00:11:26.885]  DEBUG org.mybatis.spring.mapper.ClassPathMapperScanner debug  49 - Creating MapperFactoryBean with name 'subwayMapper' and 'com.cpf.xunwu.mapper.SubwayMapper' mapperInterface
[2020-01-26 00:11:26.885]  DEBUG org.mybatis.spring.mapper.ClassPathMapperScanner debug  49 - Enabling autowire by type for MapperFactoryBean with name 'subwayMapper'.
[2020-01-26 00:11:26.885]  DEBUG org.mybatis.spring.mapper.ClassPathMapperScanner debug  49 - Creating MapperFactoryBean with name 'subwayStationMapper' and 'com.cpf.xunwu.mapper.SubwayStationMapper' mapperInterface
[2020-01-26 00:11:26.885]  DEBUG org.mybatis.spring.mapper.ClassPathMapperScanner debug  49 - Enabling autowire by type for MapperFactoryBean with name 'subwayStationMapper'.
[2020-01-26 00:11:26.885]  DEBUG org.mybatis.spring.mapper.ClassPathMapperScanner debug  49 - Creating MapperFactoryBean with name 'supportAddressMapper' and 'com.cpf.xunwu.mapper.SupportAddressMapper' mapperInterface
[2020-01-26 00:11:26.885]  DEBUG org.mybatis.spring.mapper.ClassPathMapperScanner debug  49 - Enabling autowire by type for MapperFactoryBean with name 'supportAddressMapper'.
[2020-01-26 00:11:26.886]  DEBUG org.mybatis.spring.mapper.ClassPathMapperScanner debug  49 - Creating MapperFactoryBean with name 'userMapper' and 'com.cpf.xunwu.mapper.UserMapper' mapperInterface
[2020-01-26 00:11:26.886]  DEBUG org.mybatis.spring.mapper.ClassPathMapperScanner debug  49 - Enabling autowire by type for MapperFactoryBean with name 'userMapper'.
[2020-01-26 00:11:45.176]  DEBUG org.mybatis.spring.SqlSessionUtils debug  49 - Creating a new SqlSession
[2020-01-26 00:11:45.186]  DEBUG org.mybatis.spring.SqlSessionUtils debug  49 - SqlSession [org.apache.ibatis.session.defaults.DefaultSqlSession@7bef85e4] was not registered for synchronization because synchronization is not active
[2020-01-26 00:11:45.844]  DEBUG org.mybatis.spring.transaction.SpringManagedTransaction debug  49 - JDBC Connection [HikariProxyConnection@1502735537 wrapping com.mysql.cj.jdbc.ConnectionImpl@4f6470e0] will not be managed by Spring
[2020-01-26 00:11:45.952]  DEBUG org.mybatis.spring.SqlSessionUtils debug  49 - Closing non transactional SqlSession [org.apache.ibatis.session.defaults.DefaultSqlSession@7bef85e4]
[2020-01-26 00:11:45.967]  DEBUG org.mybatis.spring.SqlSessionUtils debug  49 - Creating a new SqlSession
[2020-01-26 00:11:45.968]  DEBUG org.mybatis.spring.SqlSessionUtils debug  49 - SqlSession [org.apache.ibatis.session.defaults.DefaultSqlSession@4476e414] was not registered for synchronization because synchronization is not active
[2020-01-26 00:11:45.972]  DEBUG org.mybatis.spring.transaction.SpringManagedTransaction debug  49 - JDBC Connection [HikariProxyConnection@195350759 wrapping com.mysql.cj.jdbc.ConnectionImpl@4f6470e0] will not be managed by Spring
[2020-01-26 00:11:46.007]  DEBUG org.mybatis.spring.SqlSessionUtils debug  49 - Closing non transactional SqlSession [org.apache.ibatis.session.defaults.DefaultSqlSession@4476e414]
[2020-01-26 00:11:48.520]  DEBUG org.mybatis.spring.SqlSessionUtils debug  49 - Creating a new SqlSession
[2020-01-26 00:11:48.520]  DEBUG org.mybatis.spring.SqlSessionUtils debug  49 - SqlSession [org.apache.ibatis.session.defaults.DefaultSqlSession@7e6c96eb] was not registered for synchronization because synchronization is not active
[2020-01-26 00:11:48.555]  DEBUG org.mybatis.spring.transaction.SpringManagedTransaction debug  49 - JDBC Connection [HikariProxyConnection@609461996 wrapping com.mysql.cj.jdbc.ConnectionImpl@4f6470e0] will not be managed by Spring
[2020-01-26 00:11:48.593]  DEBUG org.mybatis.spring.SqlSessionUtils debug  49 - Closing non transactional SqlSession [org.apache.ibatis.session.defaults.DefaultSqlSession@7e6c96eb]
[2020-01-26 00:11:48.594]  DEBUG org.mybatis.spring.SqlSessionUtils debug  49 - Creating a new SqlSession
[2020-01-26 00:11:48.594]  DEBUG org.mybatis.spring.SqlSessionUtils debug  49 - SqlSession [org.apache.ibatis.session.defaults.DefaultSqlSession@75a32fe4] was not registered for synchronization because synchronization is not active
[2020-01-26 00:11:48.597]  DEBUG org.mybatis.spring.transaction.SpringManagedTransaction debug  49 - JDBC Connection [HikariProxyConnection@492697270 wrapping com.mysql.cj.jdbc.ConnectionImpl@4f6470e0] will not be managed by Spring
[2020-01-26 00:11:48.635]  DEBUG org.mybatis.spring.SqlSessionUtils debug  49 - Closing non transactional SqlSession [org.apache.ibatis.session.defaults.DefaultSqlSession@75a32fe4]
